15:40:46;IN;0;"http://server_host:port/api/v1/192.168.1.15/gettabversions";"{acts=[2], acts_to_roles=[2], coord_loc=[137], dispatcher=[7], equip_type=[11], equipment=[31], equipment_drill=[3], equipment_haul=[4], equipment_load=[3], holes=[124], hole_status=[5], location=[15], loc_inheritance=[121], location_auto_status=[4], location_type=[5], material=[5], material_conv=[5], material_type=[5], operator_on_equip=[5], operator_on_equip_type=[5], operators=[5], roads=[3], roles=[4], routes=[5], routes_roads=[6], sensor_data_types=[5], sensor_types=[6], sensor_inclin_calibration=[5], sensors=[20], shifts=[5], speed_limits=[3], status_cat=[5], status_cat_location_rel=[5], status_group=[8], status_group_rel=[25], status_inh=[9], statuses=[5], tires=[6], tire_assign=[6], tire_storage=[6], values_data=[45], action_group=[486], action_variable_source=[44], lis_action=[175], lis_action_predicate=[5000], lis_action_predicate_variable=[5], lis_action_variable=[56], lis_check_function=[13], lis_connection=[257], lis_group=[9], lis_point=[6], lis_predicate=[247], lis_predicate_variable=[112], lis_type=[22], lis_source_variable=[18], lis_action_source_varible=[1]}"
15:40:46;OUT;0;"{}"
15:55:46;IN;0;"Equipment : unknown"
15:55:47;IN;1;"trans.trans_keys_cycle{"id":810, "id_trans_cycle":19, "id_trans_sensor":"35489", "sensor_data_type_id":"4"}"
15:55:47;IN;1;"trans.trans_keys_cycle{"id":811, "id_trans_cycle":11, "id_trans_sensor":"35493", "sensor_data_type_id":"6"}"
15:55:47;IN;1;"trans.trans_keys_cycle{"id":812, "id_trans_cycle":1, "id_trans_sensor":"35490", "sensor_data_type_id":"3"}"
15:55:47;IN;1;"trans.trans_keys_cycle{"id":813, "id_trans_cycle":25, "id_trans_sensor":"35491", "sensor_data_type_id":"4"}"
15:55:49;OUT;0;"1"
16:00:09;IN;0;"http://server_host:port/api/v1/192.168.1.15/gettabversions";"{acts=[2], acts_to_roles=[2], coord_loc=[137], dispatcher=[7], equip_type=[11], equipment=[31], equipment_drill=[3], equipment_haul=[4], equipment_load=[3], holes=[124], hole_status=[5], location=[15], loc_inheritance=[121], location_auto_status=[4], location_type=[5], material=[5], material_conv=[5], material_type=[5], operator_on_equip=[5], operator_on_equip_type=[5], operators=[5], roads=[3], roles=[4], routes=[5], routes_roads=[6], sensor_data_types=[5], sensor_types=[6], sensor_inclin_calibration=[5], sensors=[20], shifts=[5], speed_limits=[3], status_cat=[5], status_cat_location_rel=[5], status_group=[8], status_group_rel=[25], status_inh=[9], statuses=[5], tires=[6], tire_assign=[6], tire_storage=[6], values_data=[45], action_group=[486], action_variable_source=[44], lis_action=[175], lis_action_predicate=[5000], lis_action_predicate_variable=[5], lis_action_variable=[56], lis_check_function=[13], lis_connection=[257], lis_group=[9], lis_point=[6], lis_predicate=[247], lis_predicate_variable=[112], lis_type=[22], lis_source_variable=[18], lis_action_source_varible=[1]}"
16:00:09;OUT;0;"{}"
16:00:49;IN;0;"Equipment : unknown"
16:00:49;IN;1;"trans.trans_keys_cycle{"id":814, "id_trans_cycle":11, "id_trans_sensor":"35201", "sensor_data_type_id":"9"}"
16:00:49;IN;1;"trans.trans_keys_cycle{"id":815, "id_trans_cycle":20, "id_trans_sensor":"35201", "sensor_data_type_id":"6"}"
16:00:50;OUT;0;"1"
16:05:50;IN;0;"Equipment : unknown"
16:05:50;IN;1;"trans.trans_keys_cycle{"id":816, "id_trans_cycle":17, "id_trans_sensor":"20082", "sensor_data_type_id":"3"}"
16:05:50;IN;1;"trans.trans_keys_cycle{"id":817, "id_trans_cycle":19, "id_trans_sensor":"35201", "sensor_data_type_id":"2"}"
16:05:50;IN;1;"trans.trans_keys_cycle{"id":818, "id_trans_cycle":17, "id_trans_sensor":"35490", "sensor_data_type_id":"7"}"
16:05:50;IN;1;"trans.trans_keys_cycle{"id":819, "id_trans_cycle":25, "id_trans_sensor":"35493", "sensor_data_type_id":"7"}"
16:05:50;IN;1;"trans.trans_keys_cycle{"id":820, "id_trans_cycle":21, "id_trans_sensor":"35201", "sensor_data_type_id":"3"}"
16:05:50;IN;1;"trans.trans_keys_cycle{"id":821, "id_trans_cycle":19, "id_trans_sensor":"35490", "sensor_data_type_id":"2"}"
16:05:51;IN;1;"trans.trans_keys_cycle{"id":822, "id_trans_cycle":19, "id_trans_sensor":"35492", "sensor_data_type_id":"5"}"
16:05:51;IN;1;"trans.trans_keys_cycle{"id":823, "id_trans_cycle":17, "id_trans_sensor":"35201", "sensor_data_type_id":"7"}"
16:05:52;OUT;0;"1"
16:10:52;IN;0;"Equipment : unknown"
16:10:52;IN;1;"trans.trans_keys_cycle{"id":824, "id_trans_cycle":1, "id_trans_sensor":"35200", "sensor_data_type_id":"2"}"
16:10:52;IN;1;"trans.trans_keys_cycle{"id":825, "id_trans_cycle":22, "id_trans_sensor":"35200", "sensor_data_type_id":"5"}"
16:10:52;IN;1;"trans.trans_keys_cycle{"id":826, "id_trans_cycle":11, "id_trans_sensor":"20082", "sensor_data_type_id":"9"}"
16:10:52;IN;1;"trans.trans_keys_cycle{"id":827, "id_trans_cycle":1, "id_trans_sensor":"35166", "sensor_data_type_id":"1"}"
16:10:52;IN;1;"trans.trans_keys_cycle{"id":828, "id_trans_cycle":28, "id_trans_sensor":"35490", "sensor_data_type_id":"5"}"
16:10:53;OUT;0;"1"
16:15:53;IN;0;"Equipment : unknown"
16:15:53;IN;1;"trans.trans_keys_cycle{"id":829, "id_trans_cycle":11, "id_trans_sensor":"35200", "sensor_data_type_id":"3"}"
16:15:53;IN;1;"trans.trans_keys_cycle{"id":830, "id_trans_cycle":19, "id_trans_sensor":"20082", "sensor_data_type_id":"4"}"
16:15:54;IN;1;"trans.trans_keys_cycle{"id":831, "id_trans_cycle":19, "id_trans_sensor":"35491", "sensor_data_type_id":"3"}"
16:15:54;IN;1;"trans.trans_keys_cycle{"id":832, "id_trans_cycle":19, "id_trans_sensor":"35490", "sensor_data_type_id":"7"}"
16:15:54;IN;1;"trans.trans_keys_cycle{"id":833, "id_trans_cycle":17, "id_trans_sensor":"35166", "sensor_data_type_id":"6"}"
16:15:54;IN;1;"trans.trans_keys_cycle{"id":834, "id_trans_cycle":20, "id_trans_sensor":"20082", "sensor_data_type_id":"9"}"
16:15:54;IN;1;"trans.trans_keys_cycle{"id":835, "id_trans_cycle":11, "id_trans_sensor":"35492", "sensor_data_type_id":"5"}"
16:15:54;IN;1;"trans.trans_keys_cycle{"id":836, "id_trans_cycle":28, "id_trans_sensor":"35200", "sensor_data_type_id":"1"}"
16:15:55;OUT;0;"1"
16:20:56;IN;0;"Equipment : unknown"
16:20:56;IN;1;"trans.trans_keys_cycle{"id":837, "id_trans_cycle":28, "id_trans_sensor":"35200", "sensor_data_type_id":"4"}"
16:20:56;IN;1;"trans.trans_keys_cycle{"id":838, "id_trans_cycle":19, "id_trans_sensor":"35489", "sensor_data_type_id":"5"}"
16:20:56;IN;1;"trans.trans_keys_cycle{"id":839, "id_trans_cycle":1, "id_trans_sensor":"35489", "sensor_data_type_id":"2"}"
16:20:56;IN;1;"trans.trans_keys_cycle{"id":840, "id_trans_cycle":17, "id_trans_sensor":"35166", "sensor_data_type_id":"4"}"
16:20:56;IN;0;"trans.trans_keys_cycle{"id":841, "id_trans_cycle":17, "id_trans_sensor":"35201", "sensor_data_type_id":"7"}"
16:20:57;OUT;0;"1"
16:25:57;IN;0;"Equipment : unknown"
16:25:57;IN;1;"trans.trans_keys_cycle{"id":842, "id_trans_cycle":21, "id_trans_sensor":"35491", "sensor_data_type_id":"6"}"
16:25:57;IN;1;"trans.trans_keys_cycle{"id":843, "id_trans_cycle":20, "id_trans_sensor":"35490", "sensor_data_type_id":"6"}"
16:25:57;IN;1;"trans.trans_keys_cycle{"id":844, "id_trans_cycle":19, "id_trans_sensor":"35166", "sensor_data_type_id":"2"}"
16:25:57;IN;1;"trans.trans_keys_cycle{"id":845, "id_trans_cycle":21, "id_trans_sensor":"35200", "sensor_data_type_id":"4"}"
16:25:57;IN;1;"trans.trans_keys_cycle{"id":846, "id_trans_cycle":28, "id_trans_sensor":"35200", "sensor_data_type_id":"5"}"
16:25:58;IN;1;"trans.trans_keys_cycle{"id":847, "id_trans_cycle":28, "id_trans_sensor":"20082", "sensor_data_type_id":"3"}"
16:25:58;IN;1;"trans.trans_keys_cycle{"id":848, "id_trans_cycle":1, "id_trans_sensor":"35489", "sensor_data_type_id":"6"}"
16:25:58;IN;1;"trans.trans_keys_cycle{"id":849, "id_trans_cycle":17, "id_trans_sensor":"20082", "sensor_data_type_id":"9"}"
16:25:59;OUT;0;"1"
16:30:59;IN;0;"Equipment : unknown"
16:30:59;IN;1;"trans.trans_keys_cycle{"id":850, "id_trans_cycle":28, "id_trans_sensor":"35493", "sensor_data_type_id":"7"}"
16:30:59;IN;1;"trans.trans_keys_cycle{"id":851, "id_trans_cycle":1, "id_trans_sensor":"35492", "sensor_data_type_id":"2"}"
16:31:00;IN;1;"trans.trans_keys_cycle{"id":852, "id_trans_cycle":11, "id_trans_sensor":"35493", "sensor_data_type_id":"7"}"
16:31:00;IN;1;"trans.trans_keys_cycle{"id":853, "id_trans_cycle":20, "id_trans_sensor":"35200", "sensor_data_type_id":"8"}"
16:31:00;IN;1;"trans.trans_keys_cycle{"id":854, "id_trans_cycle":20, "id_trans_sensor":"35490", "sensor_data_type_id":"7"}"
16:31:01;OUT;0;"1"
16:36:01;IN;0;"Equipment : unknown"
16:36:02;IN;1;"trans.trans_keys_cycle{"id":855, "id_trans_cycle":21, "id_trans_sensor":"35493", "sensor_data_type_id":"3"}"
16:36:02;IN;1;"trans.trans_keys_cycle{"id":856, "id_trans_cycle":25, "id_trans_sensor":"35166", "sensor_data_type_id":"4"}"
16:36:02;IN;1;"trans.trans_keys_cycle{"id":857, "id_trans_cycle":25, "id_trans_sensor":"35200", "sensor_data_type_id":"2"}"
16:36:02;IN;0;"trans.trans_keys_cycle{"id":858, "id_trans_cycle":28, "id_trans_sensor":"35200", "sensor_data_type_id":"1"}"
16:36:02;IN;0;"trans.trans_keys_cycle{"id":859, "id_trans_cycle":17, "id_trans_sensor":"35490", "sensor_data_type_id":"7"}"
16:36:02;IN;1;"trans.trans_keys_cycle{"id":860, "id_trans_cycle":21, "id_trans_sensor":"35201", "sensor_data_type_id":"5"}"
16:36:02;IN;1;"trans.trans_keys_cycle{"id":861, "id_trans_cycle":25, "id_trans_sensor":"35493", "sensor_data_type_id":"8"}"
16:36:02;IN;1;"trans.trans_keys_cycle{"id":862, "id_trans_cycle":25, "id_trans_sensor":"35489", "sensor_data_type_id":"7"}"
16:36:03;OUT;0;"1"
16:41:03;IN;0;"Equipment : unknown"
16:41:03;IN;1;"trans.trans_keys_cycle{"id":863, "id_trans_cycle":11, "id_trans_sensor":"35492", "sensor_data_type_id":"6"}"
16:41:04;IN;1;"trans.trans_keys_cycle{"id":864, "id_trans_cycle":1, "id_trans_sensor":"35166", "sensor_data_type_id":"7"}"
16:41:04;IN;0;"trans.trans_keys_cycle{"id":865, "id_trans_cycle":1, "id_trans_sensor":"35492", "sensor_data_type_id":"2"}"
16:41:04;IN;1;"trans.trans_keys_cycle{"id":866, "id_trans_cycle":28, "id_trans_sensor":"35493", "sensor_data_type_id":"2"}"
16:41:04;IN;1;"trans.trans_keys_cycle{"id":867, "id_trans_cycle":17, "id_trans_sensor":"35491", "sensor_data_type_id":"9"}"
16:41:05;IN;1;"trans.trans_keys_cycle{"id":868, "id_trans_cycle":20, "id_trans_sensor":"35492", "sensor_data_type_id":"6"}"
16:41:07;OUT;0;"1"
16:46:07;IN;0;"Equipment : unknown"
16:46:07;IN;1;"trans.trans_keys_cycle{"id":869, "id_trans_cycle":28, "id_trans_sensor":"35493", "sensor_data_type_id":"1"}"
16:46:07;IN;1;"trans.trans_keys_cycle{"id":870, "id_trans_cycle":28, "id_trans_sensor":"20082", "sensor_data_type_id":"8"}"
16:46:07;IN;1;"trans.trans_keys_cycle{"id":871, "id_trans_cycle":1, "id_trans_sensor":"35200", "sensor_data_type_id":"3"}"
16:46:07;IN;1;"trans.trans_keys_cycle{"id":872, "id_trans_cycle":22, "id_trans_sensor":"35166", "sensor_data_type_id":"9"}"
16:46:07;IN;1;"trans.trans_keys_cycle{"id":873, "id_trans_cycle":17, "id_trans_sensor":"35491", "sensor_data_type_id":"8"}"
16:46:07;IN;0;"trans.trans_keys_cycle{"id":874, "id_trans_cycle":1, "id_trans_sensor":"35490", "sensor_data_type_id":"3"}"
16:46:07;IN;0;"trans.trans_keys_cycle{"id":875, "id_trans_cycle":22, "id_trans_sensor":"35200", "sensor_data_type_id":"5"}"
16:46:08;OUT;0;"1"
16:51:08;IN;0;"Equipment : unknown"
16:51:09;IN;1;"trans.trans_keys_cycle{"id":876, "id_trans_cycle":1, "id_trans_sensor":"20082", "sensor_data_type_id":"3"}"
16:51:09;IN;1;"trans.trans_keys_cycle{"id":877, "id_trans_cycle":20, "id_trans_sensor":"35491", "sensor_data_type_id":"8"}"
16:51:09;IN;1;"trans.trans_keys_cycle{"id":878, "id_trans_cycle":19, "id_trans_sensor":"35166", "sensor_data_type_id":"8"}"
16:51:09;IN;1;"trans.trans_keys_cycle{"id":879, "id_trans_cycle":20, "id_trans_sensor":"35493", "sensor_data_type_id":"7"}"
16:51:09;IN;1;"trans.trans_keys_cycle{"id":880, "id_trans_cycle":28, "id_trans_sensor":"35491", "sensor_data_type_id":"6"}"
16:51:09;IN;1;"trans.trans_keys_cycle{"id":881, "id_trans_cycle":11, "id_trans_sensor":"20082", "sensor_data_type_id":"4"}"
16:51:10;OUT;0;"1"
16:56:10;IN;0;"Equipment : unknown"
16:56:11;IN;1;"trans.trans_keys_cycle{"id":882, "id_trans_cycle":22, "id_trans_sensor":"35166", "sensor_data_type_id":"2"}"
16:56:11;IN;1;"trans.trans_keys_cycle{"id":883, "id_trans_cycle":21, "id_trans_sensor":"35489", "sensor_data_type_id":"3"}"
16:56:11;IN;1;"trans.trans_keys_cycle{"id":884, "id_trans_cycle":1, "id_trans_sensor":"35489", "sensor_data_type_id":"5"}"
16:56:11;IN;1;"trans.trans_keys_cycle{"id":885, "id_trans_cycle":1, "id_trans_sensor":"35491", "sensor_data_type_id":"5"}"
16:56:11;IN;0;"trans.trans_keys_cycle{"id":886, "id_trans_cycle":22, "id_trans_sensor":"35166", "sensor_data_type_id":"9"}"
16:56:11;IN;1;"trans.trans_keys_cycle{"id":887, "id_trans_cycle":19, "id_trans_sensor":"35489", "sensor_data_type_id":"1"}"
16:56:11;IN;1;"trans.trans_keys_cycle{"id":888, "id_trans_cycle":25, "id_trans_sensor":"35489", "sensor_data_type_id":"4"}"
16:56:11;IN;1;"trans.trans_keys_cycle{"id":889, "id_trans_cycle":17, "id_trans_sensor":"35200", "sensor_data_type_id":"2"}"
16:56:12;OUT;0;"1"
17:00:02;IN;0;"http://server_host:port/api/v1/192.168.1.15/gettabversions";"{acts=[2], acts_to_roles=[2], coord_loc=[137], dispatcher=[7], equip_type=[11], equipment=[31], equipment_drill=[3], equipment_haul=[4], equipment_load=[3], holes=[124], hole_status=[5], location=[15], loc_inheritance=[121], location_auto_status=[4], location_type=[5], material=[5], material_conv=[5], material_type=[5], operator_on_equip=[5], operator_on_equip_type=[5], operators=[5], roads=[3], roles=[4], routes=[5], routes_roads=[6], sensor_data_types=[5], sensor_types=[6], sensor_inclin_calibration=[5], sensors=[20], shifts=[5], speed_limits=[3], status_cat=[5], status_cat_location_rel=[5], status_group=[8], status_group_rel=[25], status_inh=[9], statuses=[5], tires=[6], tire_assign=[6], tire_storage=[6], values_data=[45], action_group=[486], action_variable_source=[44], lis_action=[175], lis_action_predicate=[5000], lis_action_predicate_variable=[5], lis_action_variable=[56], lis_check_function=[13], lis_connection=[257], lis_group=[9], lis_point=[6], lis_predicate=[247], lis_predicate_variable=[112], lis_type=[22], lis_source_variable=[18], lis_action_source_varible=[1]}"
17:00:03;OUT;0;"{}"
17:01:12;IN;0;"Equipment : unknown"
17:01:13;IN;1;"trans.trans_keys_cycle{"id":890, "id_trans_cycle":11, "id_trans_sensor":"35491", "sensor_data_type_id":"7"}"
17:01:13;IN;1;"trans.trans_keys_cycle{"id":891, "id_trans_cycle":11, "id_trans_sensor":"35490", "sensor_data_type_id":"7"}"
17:01:13;IN;1;"trans.trans_keys_cycle{"id":892, "id_trans_cycle":25, "id_trans_sensor":"35492", "sensor_data_type_id":"8"}"
17:01:13;IN;1;"trans.trans_keys_cycle{"id":893, "id_trans_cycle":21, "id_trans_sensor":"35492", "sensor_data_type_id":"8"}"
17:01:13;IN;1;"trans.trans_keys_cycle{"id":894, "id_trans_cycle":19, "id_trans_sensor":"35493", "sensor_data_type_id":"3"}"
17:01:15;OUT;0;"1"
18:00:05;IN;0;"http://server_host:port/api/v1/192.168.1.15/gettabversions";"{acts=[2], acts_to_roles=[2], coord_loc=[137], dispatcher=[7], equip_type=[11], equipment=[31], equipment_drill=[3], equipment_haul=[4], equipment_load=[3], holes=[124], hole_status=[5], location=[15], loc_inheritance=[121], location_auto_status=[4], location_type=[5], material=[5], material_conv=[5], material_type=[5], operator_on_equip=[5], operator_on_equip_type=[5], operators=[5], roads=[3], roles=[4], routes=[5], routes_roads=[6], sensor_data_types=[5], sensor_types=[6], sensor_inclin_calibration=[5], sensors=[20], shifts=[5], speed_limits=[3], status_cat=[5], status_cat_location_rel=[5], status_group=[8], status_group_rel=[25], status_inh=[9], statuses=[5], tires=[6], tire_assign=[6], tire_storage=[6], values_data=[45], action_group=[486], action_variable_source=[44], lis_action=[175], lis_action_predicate=[5000], lis_action_predicate_variable=[5], lis_action_variable=[56], lis_check_function=[13], lis_connection=[257], lis_group=[9], lis_point=[6], lis_predicate=[247], lis_predicate_variable=[112], lis_type=[22], lis_source_variable=[18], lis_action_source_varible=[1]}"
18:00:05;OUT;0;"{}"
23:24:46;IN;0;"{"equipment":"KRIL63"}"
23:24:46;IN;1;"trans.trans_fuel{"id":902, "equip_id":24, "shift_date":"Sun Oct 02 00:00:00 NOVT 2022", "shift_id":2, "time_read":"Sun Oct 02 22:01:29 NOVT 2022", "fuel_level":197.0, "fuel_raw":197.0, "trans_cycles_id":1}"
23:24:46;IN;1;"trans.trans_fuel{"id":903, "equip_id":24, "shift_date":"Sun Oct 02 00:00:00 NOVT 2022", "shift_id":2, "time_read":"Sun Oct 02 22:02:30 NOVT 2022", "fuel_level":195.0, "fuel_raw":195.0, "trans_cycles_id":1}"
23:24:46;IN;1;"trans.trans_fuel{"id":904, "equip_id":24, "shift_date":"Sun Oct 02 00:00:00 NOVT 2022", "shift_id":2, "time_read":"Sun Oct 02 22:03:31 NOVT 2022", "fuel_level":194.0, "fuel_raw":194.0, "trans_cycles_id":1}"
23:24:46;IN;1;"trans.trans_fuel{"id":905, "equip_id":24, "shift_date":"Sun Oct 02 00:00:00 NOVT 2022", "shift_id":2, "time_read":"Sun Oct 02 22:04:32 NOVT 2022", "fuel_level":192.0, "fuel_raw":192.0, "trans_cycles_id":1}"
23:24:46;IN;1;"trans.trans_fuel{"id":906, "equip_id":24, "shift_date":"Sun Oct 02 00:00:00 NOVT 2022", "shift_id":2, "time_read":"Sun Oct 02 22:05:33 NOVT 2022", "fuel_level":190.0, "fuel_raw":190.0, "trans_cycles_id":1}"
23:24:46;IN;1;"trans.trans_fuel{"id":907, "equip_id":24, "shift_date":"Sun Oct 02 00:00:00 NOVT 2022", "shift_id":2, "time_read":"Sun Oct 02 22:06:34 NOVT 2022", "fuel_level":189.0, "fuel_raw":189.0, "trans_cycles_id":1}"
23:24:46;IN;1;"trans.trans_fuel{"id":908, "equip_id":24, "shift_date":"Sun Oct 02 00:00:00 NOVT 2022", "shift_id":2, "time_read":"Sun Oct 02 22:07:35 NOVT 2022", "fuel_level":187.0, "fuel_raw":187.0, "trans_cycles_id":1}"
23:24:46;IN;1;"trans.trans_fuel{"id":909, "equip_id":24, "shift_date":"Sun Oct 02 00:00:00 NOVT 2022", "shift_id":2, "time_read":"Sun Oct 02 22:08:36 NOVT 2022", "fuel_level":185.0, "fuel_raw":185.0, "trans_cycles_id":1}"
23:24:46;IN;1;"trans.trans_fuel{"id":910, "equip_id":24, "shift_date":"Sun Oct 02 00:00:00 NOVT 2022", "shift_id":2, "time_read":"Sun Oct 02 22:09:37 NOVT 2022", "fuel_level":183.0, "fuel_raw":183.0, "trans_cycles_id":1}"
23:24:48;IN;1;"trans.trans_sensor{"id":913, "sensor_id":37, "equip_id":24, "shift_date":"2022-10-02", "shift_id":1, "time_read":"Sun Oct 02 23:23:29 NOVT 2022", "value_data":2.0, "trans_coord_id":1}"
23:24:48;IN;1;"trans.trans_sensor{"id":917, "sensor_id":37, "equip_id":24, "shift_date":"2022-10-02", "shift_id":1, "time_read":"Sun Oct 02 23:24:32 NOVT 2022", "value_data":5.0, "trans_coord_id":1}"
23:24:48;IN;1;"trans.trans_coord{"id":911, "equip_id":24, "gnss_time":"Sun Oct 02 23:23:13 NOVT 2022", "equip_time":"Sun Oct 02 23:23:13 NOVT 2022", "z":1.00, "latitude":54.9959, "longitude":82.883415, "azimuth":0.5, "height":134.39, "speed":0.09, "gnss_pdop":1.00, "gnss_hdop":1.00, "gnss_sat":23, "gnss_rtk":1, "cycle_id":1, "loc_id":1}"
23:24:48;IN;1;"trans.trans_coord{"id":912, "equip_id":24, "gnss_time":"Sun Oct 02 23:23:24 NOVT 2022", "equip_time":"Sun Oct 02 23:23:24 NOVT 2022", "z":1.00, "latitude":54.99598, "longitude":82.883446, "azimuth":0.5, "height":129.17, "speed":0.07, "gnss_pdop":0.98, "gnss_hdop":1.03, "gnss_sat":25, "gnss_rtk":1, "cycle_id":1, "loc_id":1}"
23:24:48;IN;1;"trans.trans_coord{"id":914, "equip_id":24, "gnss_time":"Sun Oct 02 23:24:08 NOVT 2022", "equip_time":"Sun Oct 02 23:24:08 NOVT 2022", "z":1.00, "latitude":54.9959, "longitude":82.88363, "azimuth":0.5, "height":132.42, "speed":0.06, "gnss_pdop":0.98, "gnss_hdop":1.18, "gnss_sat":16, "gnss_rtk":1, "cycle_id":1, "loc_id":1}"
23:24:48;IN;1;"trans.trans_coord{"id":915, "equip_id":24, "gnss_time":"Sun Oct 02 23:24:19 NOVT 2022", "equip_time":"Sun Oct 02 23:24:19 NOVT 2022", "z":1.00, "latitude":54.995888, "longitude":82.88365, "azimuth":0.5, "height":131.81, "speed":0.11, "gnss_pdop":0.98, "gnss_hdop":1.06, "gnss_sat":30, "gnss_rtk":1, "cycle_id":1, "loc_id":1}"
23:24:48;IN;1;"trans.trans_coord{"id":916, "equip_id":24, "gnss_time":"Sun Oct 02 23:24:30 NOVT 2022", "equip_time":"Sun Oct 02 23:24:30 NOVT 2022", "z":1.00, "latitude":54.995827, "longitude":82.883705, "azimuth":0.5, "height":132.60, "speed":0.13, "gnss_pdop":1.11, "gnss_hdop":0.99, "gnss_sat":18, "gnss_rtk":1, "cycle_id":1, "loc_id":1}"
23:24:49;OUT;0;"1"
23:24:49;IN;0;"http://server_host:port/api/v1/192.168.1.15/gettabversions";"{acts=[2], acts_to_roles=[2], coord_loc=[137], dispatcher=[7], equip_type=[11], equipment=[31], equipment_drill=[3], equipment_haul=[4], equipment_load=[3], holes=[124], hole_status=[5], location=[15], loc_inheritance=[121], location_auto_status=[4], location_type=[5], material=[5], material_conv=[5], material_type=[5], operator_on_equip=[5], operator_on_equip_type=[5], operators=[5], roads=[3], roles=[4], routes=[5], routes_roads=[6], sensor_data_types=[5], sensor_types=[6], sensor_inclin_calibration=[5], sensors=[20], shifts=[5], speed_limits=[3], status_cat=[5], status_cat_location_rel=[5], status_group=[8], status_group_rel=[25], status_inh=[9], statuses=[5], tires=[6], tire_assign=[6], tire_storage=[6], values_data=[45], action_group=[486], action_variable_source=[44], lis_action=[175], lis_action_predicate=[5000], lis_action_predicate_variable=[5], lis_action_variable=[56], lis_check_function=[13], lis_connection=[257], lis_group=[9], lis_point=[6], lis_predicate=[247], lis_predicate_variable=[112], lis_type=[22], lis_source_variable=[18], lis_action_source_varible=[1]}"
23:24:49;OUT;0;"{}"
23:29:50;IN;0;"{"equipment":"KRIL63"}"
23:29:50;IN;1;"trans.trans_sensor{"id":921, "sensor_id":37, "equip_id":24, "shift_date":"2022-10-02", "shift_id":1, "time_read":"Sun Oct 02 23:25:35 NOVT 2022", "value_data":8.0, "trans_coord_id":1}"
23:29:50;IN;1;"trans.trans_sensor{"id":925, "sensor_id":37, "equip_id":24, "shift_date":"2022-10-02", "shift_id":1, "time_read":"Sun Oct 02 23:26:38 NOVT 2022", "value_data":11.0, "trans_coord_id":1}"
23:29:50;IN;1;"trans.trans_coord{"id":918, "equip_id":24, "gnss_time":"Sun Oct 02 23:25:03 NOVT 2022", "equip_time":"Sun Oct 02 23:25:03 NOVT 2022", "z":1.00, "latitude":54.995716, "longitude":82.88365, "azimuth":1.0, "height":131.70, "speed":0.12, "gnss_pdop":1.01, "gnss_hdop":1.03, "gnss_sat":20, "gnss_rtk":1, "cycle_id":1, "loc_id":1}"
23:29:50;IN;1;"trans.trans_coord{"id":919, "equip_id":24, "gnss_time":"Sun Oct 02 23:25:14 NOVT 2022", "equip_time":"Sun Oct 02 23:25:14 NOVT 2022", "z":1.00, "latitude":54.995697, "longitude":82.88358, "azimuth":1.0, "height":129.16, "speed":0.13, "gnss_pdop":0.95, "gnss_hdop":1.22, "gnss_sat":13, "gnss_rtk":1, "cycle_id":1, "loc_id":1}"
23:29:50;IN;1;"trans.trans_coord{"id":920, "equip_id":24, "gnss_time":"Sun Oct 02 23:25:25 NOVT 2022", "equip_time":"Sun Oct 02 23:25:25 NOVT 2022", "z":1.00, "latitude":54.995647, "longitude":82.88352, "azimuth":1.0, "height":132.08, "speed":0.11, "gnss_pdop":1.11, "gnss_hdop":1.11, "gnss_sat":18, "gnss_rtk":1, "cycle_id":1, "loc_id":1}"
23:29:50;IN;1;"trans.trans_coord{"id":922, "equip_id":24, "gnss_time":"Sun Oct 02 23:26:09 NOVT 2022", "equip_time":"Sun Oct 02 23:26:09 NOVT 2022", "z":1.00, "latitude":54.99551, "longitude":82.88347, "azimuth":0.5, "height":129.58, "speed":0.06, "gnss_pdop":1.01, "gnss_hdop":1.13, "gnss_sat":26, "gnss_rtk":1, "cycle_id":1, "loc_id":1}"
23:29:50;IN;1;"trans.trans_coord{"id":923, "equip_id":24, "gnss_time":"Sun Oct 02 23:26:20 NOVT 2022", "equip_time":"Sun Oct 02 23:26:20 NOVT 2022", "z":1.00, "latitude":54.99549, "longitude":82.883415, "azimuth":0.5, "height":134.42, "speed":0.03, "gnss_pdop":1.03, "gnss_hdop":1.01, "gnss_sat":20, "gnss_rtk":1, "cycle_id":1, "loc_id":1}"
23:29:50;IN;1;"trans.trans_coord{"id":924, "equip_id":24, "gnss_time":"Sun Oct 02 23:26:31 NOVT 2022", "equip_time":"Sun Oct 02 23:26:31 NOVT 2022", "z":1.00, "latitude":54.99544, "longitude":82.88334, "azimuth":0.5, "height":134.43, "speed":0.11, "gnss_pdop":1.00, "gnss_hdop":1.24, "gnss_sat":26, "gnss_rtk":1, "cycle_id":1, "loc_id":1}"
23:29:50;IN;1;"trans.trans_coord{"id":926, "equip_id":24, "gnss_time":"Sun Oct 02 23:27:15 NOVT 2022", "equip_time":"Sun Oct 02 23:27:15 NOVT 2022", "z":1.00, "latitude":54.995342, "longitude":82.88329, "azimuth":0.5, "height":129.09, "speed":0.12, "gnss_pdop":1.12, "gnss_hdop":1.12, "gnss_sat":23, "gnss_rtk":1, "cycle_id":1, "loc_id":1}"
23:29:50;IN;1;"trans.trans_coord{"id":927, "equip_id":24, "gnss_time":"Sun Oct 02 23:27:26 NOVT 2022", "equip_time":"Sun Oct 02 23:27:26 NOVT 2022", "z":1.00, "latitude":54.995262, "longitude":82.88322, "azimuth":0.5, "height":129.27, "speed":0.03, "gnss_pdop":1.11, "gnss_hdop":1.02, "gnss_sat":16, "gnss_rtk":1, "cycle_id":1, "loc_id":1}"
23:29:53;OUT;0;"1"
