00:15:03;IN;0;"Equipment : unknown"
00:15:03;IN;1;"trans.trans_keys_drilling{"id":895, "id_hole":15, "id_trans_drilling":"1", "id_trans_sensor":"35490"}"
00:15:03;IN;1;"trans.trans_keys_drilling{"id":896, "id_hole":19, "id_trans_drilling":"1", "id_trans_sensor":"35489"}"
00:15:04;IN;1;"trans.trans_keys_drilling{"id":897, "id_hole":22, "id_trans_drilling":"1", "id_trans_sensor":"35201"}"
00:15:04;IN;1;"trans.trans_keys_drilling{"id":898, "id_hole":22, "id_trans_drilling":"1", "id_trans_sensor":"35166"}"
00:15:04;IN;1;"trans.trans_keys_drilling{"id":899, "id_hole":14, "id_trans_drilling":"1", "id_trans_sensor":"35201"}"
00:15:04;IN;1;"trans.trans_keys_drilling{"id":900, "id_hole":6, "id_trans_drilling":"1", "id_trans_sensor":"35492"}"
00:15:04;IN;1;"trans.trans_keys_drilling{"id":901, "id_hole":4, "id_trans_drilling":"1", "id_trans_sensor":"35490"}"
00:15:05;OUT;0;"1"
00:15:05;IN;0;"http://server_host:port/api/v1/192.168.1.15/gettabversions";"{acts=[2], acts_to_roles=[2], coord_loc=[137], dispatcher=[7], equip_type=[11], equipment=[31], equipment_drill=[3], equipment_haul=[4], equipment_load=[3], holes=[124], hole_status=[5], location=[15], loc_inheritance=[121], location_auto_status=[4], location_type=[5], material=[5], material_conv=[5], material_type=[5], operator_on_equip=[5], operator_on_equip_type=[5], operators=[5], roads=[3], roles=[4], routes=[5], routes_roads=[6], sensor_data_types=[5], sensor_types=[6], sensor_inclin_calibration=[5], sensors=[20], shifts=[5], speed_limits=[3], status_cat=[5], status_cat_location_rel=[5], status_group=[8], status_group_rel=[25], status_inh=[9], statuses=[5], tires=[6], tire_assign=[6], tire_storage=[6], values_data=[45], action_group=[486], action_variable_source=[44], lis_action=[175], lis_action_predicate=[5000], lis_action_predicate_variable=[5], lis_action_variable=[56], lis_check_function=[13], lis_connection=[257], lis_group=[9], lis_point=[6], lis_predicate=[247], lis_predicate_variable=[112], lis_type=[22], lis_source_variable=[18], lis_action_source_varible=[1]}"
00:15:05;OUT;0;"{}"
01:00:05;IN;0;"http://server_host:port/api/v1/192.168.1.15/gettabversions";"{acts=[2], acts_to_roles=[2], coord_loc=[137], dispatcher=[7], equip_type=[11], equipment=[31], equipment_drill=[3], equipment_haul=[4], equipment_load=[3], holes=[124], hole_status=[5], location=[15], loc_inheritance=[121], location_auto_status=[4], location_type=[5], material=[5], material_conv=[5], material_type=[5], operator_on_equip=[5], operator_on_equip_type=[5], operators=[5], roads=[3], roles=[4], routes=[5], routes_roads=[6], sensor_data_types=[5], sensor_types=[6], sensor_inclin_calibration=[5], sensors=[20], shifts=[5], speed_limits=[3], status_cat=[5], status_cat_location_rel=[5], status_group=[8], status_group_rel=[25], status_inh=[9], statuses=[5], tires=[6], tire_assign=[6], tire_storage=[6], values_data=[45], action_group=[486], action_variable_source=[44], lis_action=[175], lis_action_predicate=[5000], lis_action_predicate_variable=[5], lis_action_variable=[56], lis_check_function=[13], lis_connection=[257], lis_group=[9], lis_point=[6], lis_predicate=[247], lis_predicate_variable=[112], lis_type=[22], lis_source_variable=[18], lis_action_source_varible=[1]}"
01:00:06;OUT;0;"{}"
02:00:05;IN;0;"http://server_host:port/api/v1/192.168.1.15/gettabversions";"{acts=[2], acts_to_roles=[2], coord_loc=[137], dispatcher=[7], equip_type=[11], equipment=[31], equipment_drill=[3], equipment_haul=[4], equipment_load=[3], holes=[124], hole_status=[5], location=[15], loc_inheritance=[121], location_auto_status=[4], location_type=[5], material=[5], material_conv=[5], material_type=[5], operator_on_equip=[5], operator_on_equip_type=[5], operators=[5], roads=[3], roles=[4], routes=[5], routes_roads=[6], sensor_data_types=[5], sensor_types=[6], sensor_inclin_calibration=[5], sensors=[20], shifts=[5], speed_limits=[3], status_cat=[5], status_cat_location_rel=[5], status_group=[8], status_group_rel=[25], status_inh=[9], statuses=[5], tires=[6], tire_assign=[6], tire_storage=[6], values_data=[45], action_group=[486], action_variable_source=[44], lis_action=[175], lis_action_predicate=[5000], lis_action_predicate_variable=[5], lis_action_variable=[56], lis_check_function=[13], lis_connection=[257], lis_group=[9], lis_point=[6], lis_predicate=[247], lis_predicate_variable=[112], lis_type=[22], lis_source_variable=[18], lis_action_source_varible=[1]}"
02:00:06;OUT;0;"{}"
02:15:06;IN;0;"{"equipment":"KRIL63"}"
02:15:06;IN;1;"trans.trans_coord{"id":933, "equip_id":24, "gnss_time":"Mon Oct 03 02:12:54 NOVT 2022", "equip_time":"Mon Oct 03 02:12:54 NOVT 2022", "z":1.00, "latitude":54.996, "longitude":82.88343, "azimuth":0.5, "height":131.79, "speed":0.10, "gnss_pdop":1.09, "gnss_hdop":0.98, "gnss_sat":20, "gnss_rtk":1, "cycle_id":1, "loc_id":1}"
02:15:06;IN;1;"trans.trans_coord{"id":934, "equip_id":24, "gnss_time":"Mon Oct 03 02:13:05 NOVT 2022", "equip_time":"Mon Oct 03 02:13:05 NOVT 2022", "z":1.00, "latitude":54.99603, "longitude":82.88337, "azimuth":0.5, "height":133.91, "speed":0.12, "gnss_pdop":1.11, "gnss_hdop":1.21, "gnss_sat":30, "gnss_rtk":1, "cycle_id":1, "loc_id":1}"
02:15:06;OUT;0;"1"
02:20:07;IN;0;"{"equipment":"KRIL63"}"
02:20:07;IN;1;"trans.trans_coord{"id":935, "equip_id":24, "gnss_time":"Mon Oct 03 02:19:03 NOVT 2022", "equip_time":"Mon Oct 03 02:19:03 NOVT 2022", "z":1.00, "latitude":54.99588, "longitude":82.88349, "azimuth":0.0, "height":133.63, "speed":0.14, "gnss_pdop":1.01, "gnss_hdop":1.11, "gnss_sat":30, "gnss_rtk":1, "cycle_id":1, "loc_id":1}"
02:20:07;IN;1;"trans.trans_coord{"id":936, "equip_id":24, "gnss_time":"Mon Oct 03 02:19:15 NOVT 2022", "equip_time":"Mon Oct 03 02:19:15 NOVT 2022", "z":1.00, "latitude":54.99595, "longitude":82.883545, "azimuth":0.0, "height":135.00, "speed":0.11, "gnss_pdop":1.11, "gnss_hdop":1.23, "gnss_sat":16, "gnss_rtk":1, "cycle_id":1, "loc_id":1}"
02:20:07;IN;1;"trans.trans_coord{"id":937, "equip_id":24, "gnss_time":"Mon Oct 03 02:19:26 NOVT 2022", "equip_time":"Mon Oct 03 02:19:26 NOVT 2022", "z":1.00, "latitude":54.99595, "longitude":82.88358, "azimuth":0.0, "height":130.63, "speed":0.08, "gnss_pdop":1.01, "gnss_hdop":1.14, "gnss_sat":14, "gnss_rtk":1, "cycle_id":1, "loc_id":1}"
02:20:08;IN;1;"trans.trans_coord{"id":938, "equip_id":24, "gnss_time":"Mon Oct 03 02:19:37 NOVT 2022", "equip_time":"Mon Oct 03 02:19:37 NOVT 2022", "z":1.00, "latitude":54.99603, "longitude":82.88351, "azimuth":0.0, "height":130.17, "speed":0.00, "gnss_pdop":1.25, "gnss_hdop":0.99, "gnss_sat":20, "gnss_rtk":1, "cycle_id":1, "loc_id":1}"
02:20:09;OUT;0;"1"
02:25:10;IN;0;"{"equipment":"KRIL63"}"
02:25:10;IN;1;"trans.trans_coord{"id":939, "equip_id":24, "gnss_time":"Mon Oct 03 02:19:48 NOVT 2022", "equip_time":"Mon Oct 03 02:19:48 NOVT 2022", "z":1.00, "latitude":54.99604, "longitude":82.88351, "azimuth":0.0, "height":130.70, "speed":0.05, "gnss_pdop":1.12, "gnss_hdop":1.19, "gnss_sat":25, "gnss_rtk":1, "cycle_id":1, "loc_id":1}"
02:25:10;IN;1;"trans.trans_coord{"id":940, "equip_id":24, "gnss_time":"Mon Oct 03 02:19:59 NOVT 2022", "equip_time":"Mon Oct 03 02:19:59 NOVT 2022", "z":1.00, "latitude":54.99606, "longitude":82.88348, "azimuth":0.0, "height":131.32, "speed":0.01, "gnss_pdop":1.16, "gnss_hdop":1.11, "gnss_sat":29, "gnss_rtk":1, "cycle_id":1, "loc_id":1}"
02:25:10;IN;1;"trans.trans_coord{"id":941, "equip_id":24, "gnss_time":"Mon Oct 03 02:20:10 NOVT 2022", "equip_time":"Mon Oct 03 02:20:10 NOVT 2022", "z":1.00, "latitude":54.996098, "longitude":82.88342, "azimuth":0.0, "height":132.75, "speed":0.04, "gnss_pdop":1.02, "gnss_hdop":1.08, "gnss_sat":26, "gnss_rtk":1, "cycle_id":1, "loc_id":1}"
02:25:11;IN;1;"trans.trans_coord{"id":942, "equip_id":24, "gnss_time":"Mon Oct 03 02:21:41 NOVT 2022", "equip_time":"Mon Oct 03 02:21:41 NOVT 2022", "z":1.00, "latitude":54.996017, "longitude":82.88351, "azimuth":1.0, "height":131.33, "speed":0.03, "gnss_pdop":1.15, "gnss_hdop":1.01, "gnss_sat":27, "gnss_rtk":1, "cycle_id":1, "loc_id":1}"
02:25:11;IN;1;"trans.trans_coord{"id":943, "equip_id":24, "gnss_time":"Mon Oct 03 02:21:52 NOVT 2022", "equip_time":"Mon Oct 03 02:21:52 NOVT 2022", "z":1.00, "latitude":54.996037, "longitude":82.88357, "azimuth":1.0, "height":133.76, "speed":0.11, "gnss_pdop":1.09, "gnss_hdop":1.07, "gnss_sat":26, "gnss_rtk":1, "cycle_id":1, "loc_id":1}"
02:25:11;IN;1;"trans.trans_coord{"id":944, "equip_id":24, "gnss_time":"Mon Oct 03 02:22:04 NOVT 2022", "equip_time":"Mon Oct 03 02:22:04 NOVT 2022", "z":1.00, "latitude":54.996117, "longitude":82.883606, "azimuth":1.0, "height":132.29, "speed":0.13, "gnss_pdop":1.06, "gnss_hdop":1.16, "gnss_sat":17, "gnss_rtk":1, "cycle_id":1, "loc_id":1}"
02:25:11;IN;1;"trans.trans_coord{"id":945, "equip_id":24, "gnss_time":"Mon Oct 03 02:22:15 NOVT 2022", "equip_time":"Mon Oct 03 02:22:15 NOVT 2022", "z":1.00, "latitude":54.996185, "longitude":82.88367, "azimuth":1.5, "height":131.41, "speed":0.07, "gnss_pdop":1.24, "gnss_hdop":1.22, "gnss_sat":23, "gnss_rtk":1, "cycle_id":1, "loc_id":1}"
02:25:11;IN;1;"trans.trans_coord{"id":946, "equip_id":24, "gnss_time":"Mon Oct 03 02:22:26 NOVT 2022", "equip_time":"Mon Oct 03 02:22:26 NOVT 2022", "z":1.00, "latitude":54.996216, "longitude":82.88367, "azimuth":1.5, "height":131.23, "speed":0.02, "gnss_pdop":1.01, "gnss_hdop":1.13, "gnss_sat":26, "gnss_rtk":1, "cycle_id":1, "loc_id":1}"
02:25:12;IN;1;"trans.trans_coord{"id":947, "equip_id":24, "gnss_time":"Mon Oct 03 02:22:37 NOVT 2022", "equip_time":"Mon Oct 03 02:22:37 NOVT 2022", "z":1.00, "latitude":54.996185, "longitude":82.88372, "azimuth":1.5, "height":134.78, "speed":0.05, "gnss_pdop":0.96, "gnss_hdop":1.20, "gnss_sat":24, "gnss_rtk":1, "cycle_id":1, "loc_id":1}"
02:25:12;IN;1;"trans.trans_coord{"id":948, "equip_id":24, "gnss_time":"Mon Oct 03 02:22:48 NOVT 2022", "equip_time":"Mon Oct 03 02:22:48 NOVT 2022", "z":1.00, "latitude":54.996166, "longitude":82.88379, "azimuth":1.5, "height":133.96, "speed":0.13, "gnss_pdop":1.06, "gnss_hdop":1.08, "gnss_sat":17, "gnss_rtk":1, "cycle_id":1, "loc_id":1}"
02:25:12;IN;1;"trans.trans_coord{"id":949, "equip_id":24, "gnss_time":"Mon Oct 03 02:22:59 NOVT 2022", "equip_time":"Mon Oct 03 02:22:59 NOVT 2022", "z":1.00, "latitude":54.996166, "longitude":82.88382, "azimuth":1.5, "height":134.36, "speed":0.11, "gnss_pdop":0.98, "gnss_hdop":1.00, "gnss_sat":24, "gnss_rtk":1, "cycle_id":1, "loc_id":1}"
02:25:12;IN;1;"trans.trans_coord{"id":950, "equip_id":24, "gnss_time":"Mon Oct 03 02:23:10 NOVT 2022", "equip_time":"Mon Oct 03 02:23:10 NOVT 2022", "z":1.00, "latitude":54.996086, "longitude":82.88388, "azimuth":1.5, "height":133.11, "speed":0.06, "gnss_pdop":1.25, "gnss_hdop":1.14, "gnss_sat":23, "gnss_rtk":1, "cycle_id":1, "loc_id":1}"
02:25:12;IN;1;"trans.trans_coord{"id":951, "equip_id":24, "gnss_time":"Mon Oct 03 02:23:21 NOVT 2022", "equip_time":"Mon Oct 03 02:23:21 NOVT 2022", "z":1.00, "latitude":54.996086, "longitude":82.88394, "azimuth":1.0, "height":129.58, "speed":0.13, "gnss_pdop":1.06, "gnss_hdop":0.98, "gnss_sat":16, "gnss_rtk":1, "cycle_id":1, "loc_id":1}"
02:25:14;OUT;0;"1"
02:52:49;IN;0;"{"equipment":"KRIL63"}"
02:52:49;IN;1;"trans.trans_network{"id":928, "equip_id":24, "trans_coord_id":"3585", "ap_mac":"94:DB:C9:4A:14:58", "level":"120", "ping":"120", "speed":"214"}"
02:52:49;IN;1;"trans.trans_network{"id":929, "equip_id":24, "trans_coord_id":"3584", "ap_mac":"94:DB:C9:4A:14:58", "level":"161", "ping":"137", "speed":"241"}"
02:52:49;IN;1;"trans.trans_network{"id":930, "equip_id":24, "trans_coord_id":"3587", "ap_mac":"94:DB:C9:4A:14:58", "level":"90", "ping":"51", "speed":"58"}"
02:52:49;IN;1;"trans.trans_network{"id":931, "equip_id":24, "trans_coord_id":"3583", "ap_mac":"94:DB:C9:4A:14:58", "level":"39", "ping":"19", "speed":"196"}"
02:52:49;IN;1;"trans.trans_network{"id":932, "equip_id":24, "trans_coord_id":"3586", "ap_mac":"94:DB:C9:4A:14:58", "level":"93", "ping":"164", "speed":"160"}"
02:52:50;OUT;0;"1"
02:52:50;IN;0;"http://server_host:port/api/v1/192.168.1.15/gettabversions";"{acts=[2], acts_to_roles=[2], coord_loc=[137], dispatcher=[7], equip_type=[11], equipment=[31], equipment_drill=[3], equipment_haul=[4], equipment_load=[3], holes=[124], hole_status=[5], location=[15], loc_inheritance=[121], location_auto_status=[4], location_type=[5], material=[5], material_conv=[5], material_type=[5], operator_on_equip=[5], operator_on_equip_type=[5], operators=[5], roads=[3], roles=[4], routes=[5], routes_roads=[6], sensor_data_types=[5], sensor_types=[6], sensor_inclin_calibration=[5], sensors=[20], shifts=[5], speed_limits=[3], status_cat=[5], status_cat_location_rel=[5], status_group=[8], status_group_rel=[25], status_inh=[9], statuses=[5], tires=[6], tire_assign=[6], tire_storage=[6], values_data=[45], action_group=[486], action_variable_source=[44], lis_action=[175], lis_action_predicate=[5000], lis_action_predicate_variable=[5], lis_action_variable=[56], lis_check_function=[13], lis_connection=[257], lis_group=[9], lis_point=[6], lis_predicate=[247], lis_predicate_variable=[112], lis_type=[22], lis_source_variable=[18], lis_action_source_varible=[1]}"
02:52:50;OUT;0;"{}"
