15:17:57;IN;0;"{"equipment":"KRIL63"}"
15:17:57;IN;1;"trans.trans_fuel{"id":279, "equip_id":24, "shift_date":"Sat Sep 24 00:00:00 NOVT 2022", "shift_id":2, "time_read":"Sat Sep 24 16:32:34 NOVT 2022", "fuel_level":245.0, "fuel_raw":245.0, "trans_cycles_id":1}"
15:17:57;IN;1;"trans.trans_fuel{"id":280, "equip_id":24, "shift_date":"Sat Sep 24 00:00:00 NOVT 2022", "shift_id":2, "time_read":"Sat Sep 24 16:33:04 NOVT 2022", "fuel_level":244.0, "fuel_raw":244.0, "trans_cycles_id":1}"
15:17:57;IN;1;"trans.trans_fuel{"id":282, "equip_id":24, "shift_date":"Sat Sep 24 00:00:00 NOVT 2022", "shift_id":2, "time_read":"Sat Sep 24 16:33:34 NOVT 2022", "fuel_level":244.0, "fuel_raw":244.0, "trans_cycles_id":1}"
15:17:57;IN;1;"trans.trans_fuel{"id":284, "equip_id":24, "shift_date":"Sat Sep 24 00:00:00 NOVT 2022", "shift_id":2, "time_read":"Sat Sep 24 16:38:11 NOVT 2022", "fuel_level":236.0, "fuel_raw":236.0, "trans_cycles_id":1}"
15:17:57;IN;1;"trans.trans_fuel{"id":287, "equip_id":24, "shift_date":"Sat Sep 24 00:00:00 NOVT 2022", "shift_id":2, "time_read":"Sat Sep 24 22:33:00 NOVT 2022", "fuel_level":145.0, "fuel_raw":145.0, "trans_cycles_id":1}"
15:17:57;IN;1;"trans.trans_fuel{"id":288, "equip_id":24, "shift_date":"Sat Sep 24 00:00:00 NOVT 2022", "shift_id":2, "time_read":"Sat Sep 24 22:33:30 NOVT 2022", "fuel_level":144.0, "fuel_raw":144.0, "trans_cycles_id":1}"
15:17:57;IN;1;"trans.trans_fuel{"id":289, "equip_id":24, "shift_date":"Sat Sep 24 00:00:00 NOVT 2022", "shift_id":2, "time_read":"Sat Sep 24 22:34:00 NOVT 2022", "fuel_level":143.0, "fuel_raw":143.0, "trans_cycles_id":1}"
15:17:58;IN;1;"trans.trans_fuel{"id":290, "equip_id":24, "shift_date":"Sat Sep 24 00:00:00 NOVT 2022", "shift_id":2, "time_read":"Sat Sep 24 22:34:30 NOVT 2022", "fuel_level":142.0, "fuel_raw":142.0, "trans_cycles_id":1}"
15:17:58;IN;1;"trans.trans_fuel{"id":291, "equip_id":24, "shift_date":"Sat Sep 24 00:00:00 NOVT 2022", "shift_id":2, "time_read":"Sat Sep 24 22:35:00 NOVT 2022", "fuel_level":141.0, "fuel_raw":141.0, "trans_cycles_id":1}"
15:17:58;IN;1;"trans.trans_fuel{"id":292, "equip_id":24, "shift_date":"Sat Sep 24 00:00:00 NOVT 2022", "shift_id":2, "time_read":"Sat Sep 24 22:35:45 NOVT 2022", "fuel_level":140.0, "fuel_raw":140.0, "trans_cycles_id":1}"
15:17:58;IN;1;"trans.trans_fuel{"id":293, "equip_id":24, "shift_date":"Sun Sep 25 00:00:00 NOVT 2022", "shift_id":2, "time_read":"Sun Sep 25 10:55:43 NOVT 2022", "fuel_level":307.0, "fuel_raw":307.0, "trans_cycles_id":1}"
15:17:58;IN;1;"trans.trans_fuel{"id":294, "equip_id":24, "shift_date":"Sun Sep 25 00:00:00 NOVT 2022", "shift_id":2, "time_read":"Sun Sep 25 10:59:11 NOVT 2022", "fuel_level":301.0, "fuel_raw":301.0, "trans_cycles_id":1}"
15:17:58;IN;1;"trans.trans_fuel{"id":295, "equip_id":24, "shift_date":"Sun Sep 25 00:00:00 NOVT 2022", "shift_id":2, "time_read":"Sun Sep 25 11:05:40 NOVT 2022", "fuel_level":290.0, "fuel_raw":290.0, "trans_cycles_id":1}"
15:17:58;IN;1;"trans.trans_fuel{"id":296, "equip_id":24, "shift_date":"Sun Sep 25 00:00:00 NOVT 2022", "shift_id":2, "time_read":"Sun Sep 25 11:06:23 NOVT 2022", "fuel_level":289.0, "fuel_raw":289.0, "trans_cycles_id":1}"
15:17:58;IN;1;"trans.trans_fuel{"id":297, "equip_id":24, "shift_date":"Sun Sep 25 00:00:00 NOVT 2022", "shift_id":2, "time_read":"Sun Sep 25 11:13:36 NOVT 2022", "fuel_level":277.0, "fuel_raw":277.0, "trans_cycles_id":1}"
15:17:58;IN;1;"trans.trans_fuel{"id":298, "equip_id":24, "shift_date":"Sun Sep 25 00:00:00 NOVT 2022", "shift_id":2, "time_read":"Sun Sep 25 11:25:47 NOVT 2022", "fuel_level":257.0, "fuel_raw":257.0, "trans_cycles_id":1}"
15:17:58;IN;1;"trans.trans_fuel{"id":299, "equip_id":24, "shift_date":"Sun Sep 25 00:00:00 NOVT 2022", "shift_id":2, "time_read":"Sun Sep 25 11:38:56 NOVT 2022", "fuel_level":235.0, "fuel_raw":235.0, "trans_cycles_id":1}"
15:17:58;IN;1;"trans.trans_fuel{"id":300, "equip_id":24, "shift_date":"Sun Sep 25 00:00:00 NOVT 2022", "shift_id":2, "time_read":"Sun Sep 25 11:49:20 NOVT 2022", "fuel_level":217.0, "fuel_raw":217.0, "trans_cycles_id":1}"
15:17:58;IN;1;"trans.trans_fuel{"id":301, "equip_id":24, "shift_date":"Sun Sep 25 00:00:00 NOVT 2022", "shift_id":2, "time_read":"Sun Sep 25 11:49:25 NOVT 2022", "fuel_level":217.0, "fuel_raw":217.0, "trans_cycles_id":1}"
15:17:58;IN;1;"trans.trans_fuel{"id":302, "equip_id":24, "shift_date":"Sun Sep 25 00:00:00 NOVT 2022", "shift_id":2, "time_read":"Sun Sep 25 11:51:07 NOVT 2022", "fuel_level":214.0, "fuel_raw":214.0, "trans_cycles_id":1}"
15:17:58;IN;1;"trans.trans_fuel{"id":305, "equip_id":24, "shift_date":"Sun Sep 25 00:00:00 NOVT 2022", "shift_id":2, "time_read":"Sun Sep 25 15:05:16 NOVT 2022", "fuel_level":391.0, "fuel_raw":391.0, "trans_cycles_id":1}"
15:17:58;IN;1;"trans.trans_fuel{"id":316, "equip_id":24, "shift_date":"Sun Sep 25 00:00:00 NOVT 2022", "shift_id":2, "time_read":"Sun Sep 25 15:10:16 NOVT 2022", "fuel_level":382.0, "fuel_raw":382.0, "trans_cycles_id":1}"
15:17:58;IN;1;"trans.trans_fuel{"id":327, "equip_id":24, "shift_date":"Sun Sep 25 00:00:00 NOVT 2022", "shift_id":2, "time_read":"Sun Sep 25 15:15:16 NOVT 2022", "fuel_level":374.0, "fuel_raw":374.0, "trans_cycles_id":1}"
15:18:04;IN;1;"306"
15:18:04;IN;1;"307"
15:18:04;IN;1;"308"
15:18:04;IN;1;"309"
15:18:04;IN;1;"310"
15:18:05;IN;1;"311"
15:18:05;IN;1;"312"
15:18:05;IN;1;"313"
15:18:05;IN;1;"314"
15:18:05;IN;1;"315"
15:18:05;IN;1;"317"
15:18:05;IN;1;"318"
15:18:05;IN;1;"319"
15:18:05;IN;1;"320"
15:18:05;IN;1;"321"
15:18:06;IN;1;"322"
15:18:06;IN;1;"323"
15:18:06;IN;1;"324"
15:18:06;IN;1;"325"
15:18:06;IN;1;"326"
15:18:06;IN;1;"328"
15:18:06;IN;1;"329"
15:18:06;IN;1;"330"
15:18:06;IN;1;"331"
15:18:06;IN;1;"332"
15:18:07;IN;1;"333"
15:18:12;OUT;0;"1"
15:18:12;IN;0;"http://server_host:port/api/v1/192.168.1.16/gettabversions";"{acts=[2], acts_to_roles=[2], coord_loc=[137], dispatcher=[7], equip_type=[11], equipment=[29], equipment_drill=[3], equipment_haul=[4], equipment_load=[3], holes=[124], hole_status=[5], location=[15], loc_inheritance=[121], location_auto_status=[4], location_type=[5], material=[5], material_conv=[5], material_type=[5], operator_on_equip=[5], operator_on_equip_type=[5], operators=[5], roads=[3], roles=[4], routes=[5], routes_roads=[6], sensor_data_types=[5], sensor_types=[6], sensor_inclin_calibration=[5], sensors=[14], shifts=[5], speed_limits=[3], status_cat=[5], status_cat_location_rel=[5], status_group=[8], status_group_rel=[25], status_inh=[9], statuses=[5], tires=[6], tire_assign=[6], tire_storage=[6], values_data=[45], action_group=[486], action_variable_source=[44], lis_action=[175], lis_action_predicate=[5000], lis_action_predicate_variable=[5], lis_action_variable=[56], lis_check_function=[13], lis_connection=[257], lis_group=[9], lis_point=[6], lis_predicate=[247], lis_predicate_variable=[112], lis_type=[22], lis_source_variable=[18], lis_action_source_variable=[2]}"
15:18:13;OUT;0;"{}"
