2022-09-25 15:13:17.589 INFO  [main] ru.itm.servdbupdate.ServdbupdateApplication Line:55  - Starting ServdbupdateApplication using Java 17.0.2 on itmComp with PID 43081 (/home/itm/yd/Java/Spring/servdbupdate/build/classes/java/main started by itm in /home/itm/yd/Java/Spring/servdbupdate)
2022-09-25 15:13:17.592 INFO  [main] ru.itm.servdbupdate.ServdbupdateApplication Line:640 - The following 1 profile is active: "mainProfile"
2022-09-25 15:13:18.445 INFO  [main] org.springframework.data.repository.config.RepositoryConfigurationDelegate Line:132 - Bootstrapping Spring Data JPA repositories in DEFAULT mode.
2022-09-25 15:13:18.576 INFO  [main] org.springframework.data.repository.config.RepositoryConfigurationDelegate Line:201 - Finished Spring Data repository scanning in 120 ms. Found 61 JPA repository interfaces.
2022-09-25 15:13:19.155 INFO  [main] org.springframework.boot.web.embedded.tomcat.TomcatWebServer Line:108 - Tomcat initialized with port(s): 2600 (http)
2022-09-25 15:13:19.162 INFO  [main] org.apache.coyote.http11.Http11NioProtocol Line:173 - Initializing ProtocolHandler ["http-nio-2600"]
2022-09-25 15:13:19.163 INFO  [main] org.apache.catalina.core.StandardService Line:173 - Starting service [Tomcat]
2022-09-25 15:13:19.163 INFO  [main] org.apache.catalina.core.StandardEngine Line:173 - Starting Servlet engine: [Apache Tomcat/9.0.64]
2022-09-25 15:13:19.239 INFO  [main] org.apache.catalina.core.ContainerBase.[Tomcat].[localhost].[/] Line:173 - Initializing Spring embedded WebApplicationContext
2022-09-25 15:13:19.239 INFO  [main] org.springframework.boot.web.servlet.context.ServletWebServerApplicationContext Line:292 - Root WebApplicationContext: initialization completed in 1601 ms
2022-09-25 15:13:19.545 INFO  [main] org.hibernate.jpa.internal.util.LogHelper Line:31  - HHH000204: Processing PersistenceUnitInfo [name: default]
2022-09-25 15:13:19.598 INFO  [main] org.hibernate.Version Line:44  - HHH000412: Hibernate ORM core version 5.6.9.Final
2022-09-25 15:13:19.774 INFO  [main] org.hibernate.annotations.common.Version Line:56  - HCANN000001: Hibernate Commons Annotations {5.1.2.Final}
2022-09-25 15:13:19.879 INFO  [main] com.zaxxer.hikari.HikariDataSource Line:110 - HikariPool-1 - Starting...
2022-09-25 15:13:21.892 INFO  [main] com.zaxxer.hikari.HikariDataSource Line:123 - HikariPool-1 - Start completed.
2022-09-25 15:13:21.911 INFO  [main] org.hibernate.dialect.Dialect Line:175 - HHH000400: Using dialect: org.hibernate.dialect.PostgreSQL10Dialect
2022-09-25 15:13:31.842 INFO  [main] org.hibernate.engine.transaction.jta.platform.internal.JtaPlatformInitiator Line:52  - HHH000490: Using JtaPlatform implementation: [org.hibernate.engine.transaction.jta.platform.internal.NoJtaPlatform]
2022-09-25 15:13:31.853 INFO  [main] org.springframework.orm.jpa.LocalContainerEntityManagerFactoryBean Line:437 - Initialized JPA EntityManagerFactory for persistence unit 'default'
2022-09-25 15:13:31.861 INFO  [main] ru.itm.servdbupdate.config.SystemConfig Line:30  - OS = 'linux'
2022-09-25 15:13:31.861 INFO  [main] ru.itm.servdbupdate.config.SystemConfig Line:40  - Itm log path = './log/'
2022-09-25 15:13:31.863 INFO  [main] org.springframework.beans.factory.annotation.AutowiredAnnotationBeanPostProcessor Line:478 - Autowired annotation is not supported on static fields: private static java.lang.String ru.itm.servdbupdate.config.SystemConfig.loggerPath
2022-09-25 15:13:33.747 INFO  [main] org.apache.coyote.http11.Http11NioProtocol Line:173 - Starting ProtocolHandler ["http-nio-2600"]
2022-09-25 15:13:33.758 INFO  [main] org.springframework.boot.web.embedded.tomcat.TomcatWebServer Line:220 - Tomcat started on port(s): 2600 (http) with context path ''
2022-09-25 15:13:33.805 INFO  [main] org.springframework.boot.web.embedded.tomcat.TomcatWebServer Line:108 - Tomcat initialized with port(s): 10015 (http)
2022-09-25 15:13:33.806 INFO  [main] org.apache.coyote.http11.Http11NioProtocol Line:173 - Initializing ProtocolHandler ["http-nio-10015"]
2022-09-25 15:13:33.806 INFO  [main] org.apache.catalina.core.StandardService Line:173 - Starting service [Tomcat]
2022-09-25 15:13:33.806 INFO  [main] org.apache.catalina.core.StandardEngine Line:173 - Starting Servlet engine: [Apache Tomcat/9.0.64]
2022-09-25 15:13:33.815 INFO  [main] org.apache.catalina.core.ContainerBase.[Tomcat-1].[localhost].[/] Line:173 - Initializing Spring embedded WebApplicationContext
2022-09-25 15:13:33.816 INFO  [main] org.springframework.boot.web.servlet.context.ServletWebServerApplicationContext Line:292 - Root WebApplicationContext: initialization completed in 55 ms
2022-09-25 15:13:33.826 INFO  [main] org.springframework.boot.actuate.endpoint.web.EndpointLinksResolver Line:58  - Exposing 14 endpoint(s) beneath base path '/actuator'
2022-09-25 15:13:33.857 INFO  [main] org.apache.coyote.http11.Http11NioProtocol Line:173 - Starting ProtocolHandler ["http-nio-10015"]
2022-09-25 15:13:33.860 INFO  [main] org.springframework.boot.web.embedded.tomcat.TomcatWebServer Line:220 - Tomcat started on port(s): 10015 (http) with context path ''
2022-09-25 15:13:33.877 INFO  [main] ru.itm.servdbupdate.ServdbupdateApplication Line:61  - Started ServdbupdateApplication in 16.725 seconds (JVM running for 17.173)
2022-09-25 15:13:33.883 INFO  [main] ru.itm.servdbupdate.ServdbupdateApplication Line:22  - Application is start.
2022-09-25 15:13:34.045 INFO  [RMI TCP Connection(2)-127.0.0.1] org.apache.catalina.core.ContainerBase.[Tomcat].[localhost].[/] Line:173 - Initializing Spring DispatcherServlet 'dispatcherServlet'
2022-09-25 15:13:34.045 INFO  [RMI TCP Connection(2)-127.0.0.1] org.springframework.web.servlet.DispatcherServlet Line:525 - Initializing Servlet 'dispatcherServlet'
2022-09-25 15:13:34.047 INFO  [RMI TCP Connection(2)-127.0.0.1] org.springframework.web.servlet.DispatcherServlet Line:547 - Completed initialization in 2 ms
2022-09-25 15:17:57.130 INFO  [http-nio-2600-exec-1] ru.itm.servdbupdate.controllers.TransUpdateController Line:71  - Equipment : KRIL63
2022-09-25 15:17:57.286 INFO  [http-nio-2600-exec-1] ru.itm.servdbupdate.controllers.TransUpdateController Line:83  - --> (write) -->trans.trans_fuel{"id":279, "equip_id":24, "shift_date":"Sat Sep 24 00:00:00 NOVT 2022", "shift_id":2, "time_read":"Sat Sep 24 16:32:34 NOVT 2022", "fuel_level":245.0, "fuel_raw":245.0, "trans_cycles_id":1}
2022-09-25 15:17:57.494 INFO  [http-nio-2600-exec-1] ru.itm.servdbupdate.controllers.TransUpdateController Line:83  - --> (write) -->trans.trans_fuel{"id":280, "equip_id":24, "shift_date":"Sat Sep 24 00:00:00 NOVT 2022", "shift_id":2, "time_read":"Sat Sep 24 16:33:04 NOVT 2022", "fuel_level":244.0, "fuel_raw":244.0, "trans_cycles_id":1}
2022-09-25 15:17:57.650 INFO  [http-nio-2600-exec-1] ru.itm.servdbupdate.controllers.TransUpdateController Line:83  - --> (write) -->trans.trans_fuel{"id":282, "equip_id":24, "shift_date":"Sat Sep 24 00:00:00 NOVT 2022", "shift_id":2, "time_read":"Sat Sep 24 16:33:34 NOVT 2022", "fuel_level":244.0, "fuel_raw":244.0, "trans_cycles_id":1}
2022-09-25 15:17:57.806 INFO  [http-nio-2600-exec-1] ru.itm.servdbupdate.controllers.TransUpdateController Line:83  - --> (write) -->trans.trans_fuel{"id":284, "equip_id":24, "shift_date":"Sat Sep 24 00:00:00 NOVT 2022", "shift_id":2, "time_read":"Sat Sep 24 16:38:11 NOVT 2022", "fuel_level":236.0, "fuel_raw":236.0, "trans_cycles_id":1}
2022-09-25 15:17:57.868 INFO  [http-nio-2600-exec-1] ru.itm.servdbupdate.controllers.TransUpdateController Line:83  - --> (write) -->trans.trans_fuel{"id":287, "equip_id":24, "shift_date":"Sat Sep 24 00:00:00 NOVT 2022", "shift_id":2, "time_read":"Sat Sep 24 22:33:00 NOVT 2022", "fuel_level":145.0, "fuel_raw":145.0, "trans_cycles_id":1}
2022-09-25 15:17:57.930 INFO  [http-nio-2600-exec-1] ru.itm.servdbupdate.controllers.TransUpdateController Line:83  - --> (write) -->trans.trans_fuel{"id":288, "equip_id":24, "shift_date":"Sat Sep 24 00:00:00 NOVT 2022", "shift_id":2, "time_read":"Sat Sep 24 22:33:30 NOVT 2022", "fuel_level":144.0, "fuel_raw":144.0, "trans_cycles_id":1}
2022-09-25 15:17:57.991 INFO  [http-nio-2600-exec-1] ru.itm.servdbupdate.controllers.TransUpdateController Line:83  - --> (write) -->trans.trans_fuel{"id":289, "equip_id":24, "shift_date":"Sat Sep 24 00:00:00 NOVT 2022", "shift_id":2, "time_read":"Sat Sep 24 22:34:00 NOVT 2022", "fuel_level":143.0, "fuel_raw":143.0, "trans_cycles_id":1}
2022-09-25 15:17:58.053 INFO  [http-nio-2600-exec-1] ru.itm.servdbupdate.controllers.TransUpdateController Line:83  - --> (write) -->trans.trans_fuel{"id":290, "equip_id":24, "shift_date":"Sat Sep 24 00:00:00 NOVT 2022", "shift_id":2, "time_read":"Sat Sep 24 22:34:30 NOVT 2022", "fuel_level":142.0, "fuel_raw":142.0, "trans_cycles_id":1}
2022-09-25 15:17:58.115 INFO  [http-nio-2600-exec-1] ru.itm.servdbupdate.controllers.TransUpdateController Line:83  - --> (write) -->trans.trans_fuel{"id":291, "equip_id":24, "shift_date":"Sat Sep 24 00:00:00 NOVT 2022", "shift_id":2, "time_read":"Sat Sep 24 22:35:00 NOVT 2022", "fuel_level":141.0, "fuel_raw":141.0, "trans_cycles_id":1}
2022-09-25 15:17:58.176 INFO  [http-nio-2600-exec-1] ru.itm.servdbupdate.controllers.TransUpdateController Line:83  - --> (write) -->trans.trans_fuel{"id":292, "equip_id":24, "shift_date":"Sat Sep 24 00:00:00 NOVT 2022", "shift_id":2, "time_read":"Sat Sep 24 22:35:45 NOVT 2022", "fuel_level":140.0, "fuel_raw":140.0, "trans_cycles_id":1}
2022-09-25 15:17:58.237 INFO  [http-nio-2600-exec-1] ru.itm.servdbupdate.controllers.TransUpdateController Line:83  - --> (write) -->trans.trans_fuel{"id":293, "equip_id":24, "shift_date":"Sun Sep 25 00:00:00 NOVT 2022", "shift_id":2, "time_read":"Sun Sep 25 10:55:43 NOVT 2022", "fuel_level":307.0, "fuel_raw":307.0, "trans_cycles_id":1}
2022-09-25 15:17:58.298 INFO  [http-nio-2600-exec-1] ru.itm.servdbupdate.controllers.TransUpdateController Line:83  - --> (write) -->trans.trans_fuel{"id":294, "equip_id":24, "shift_date":"Sun Sep 25 00:00:00 NOVT 2022", "shift_id":2, "time_read":"Sun Sep 25 10:59:11 NOVT 2022", "fuel_level":301.0, "fuel_raw":301.0, "trans_cycles_id":1}
2022-09-25 15:17:58.358 INFO  [http-nio-2600-exec-1] ru.itm.servdbupdate.controllers.TransUpdateController Line:83  - --> (write) -->trans.trans_fuel{"id":295, "equip_id":24, "shift_date":"Sun Sep 25 00:00:00 NOVT 2022", "shift_id":2, "time_read":"Sun Sep 25 11:05:40 NOVT 2022", "fuel_level":290.0, "fuel_raw":290.0, "trans_cycles_id":1}
2022-09-25 15:17:58.419 INFO  [http-nio-2600-exec-1] ru.itm.servdbupdate.controllers.TransUpdateController Line:83  - --> (write) -->trans.trans_fuel{"id":296, "equip_id":24, "shift_date":"Sun Sep 25 00:00:00 NOVT 2022", "shift_id":2, "time_read":"Sun Sep 25 11:06:23 NOVT 2022", "fuel_level":289.0, "fuel_raw":289.0, "trans_cycles_id":1}
2022-09-25 15:17:58.481 INFO  [http-nio-2600-exec-1] ru.itm.servdbupdate.controllers.TransUpdateController Line:83  - --> (write) -->trans.trans_fuel{"id":297, "equip_id":24, "shift_date":"Sun Sep 25 00:00:00 NOVT 2022", "shift_id":2, "time_read":"Sun Sep 25 11:13:36 NOVT 2022", "fuel_level":277.0, "fuel_raw":277.0, "trans_cycles_id":1}
2022-09-25 15:17:58.543 INFO  [http-nio-2600-exec-1] ru.itm.servdbupdate.controllers.TransUpdateController Line:83  - --> (write) -->trans.trans_fuel{"id":298, "equip_id":24, "shift_date":"Sun Sep 25 00:00:00 NOVT 2022", "shift_id":2, "time_read":"Sun Sep 25 11:25:47 NOVT 2022", "fuel_level":257.0, "fuel_raw":257.0, "trans_cycles_id":1}
2022-09-25 15:17:58.604 INFO  [http-nio-2600-exec-1] ru.itm.servdbupdate.controllers.TransUpdateController Line:83  - --> (write) -->trans.trans_fuel{"id":299, "equip_id":24, "shift_date":"Sun Sep 25 00:00:00 NOVT 2022", "shift_id":2, "time_read":"Sun Sep 25 11:38:56 NOVT 2022", "fuel_level":235.0, "fuel_raw":235.0, "trans_cycles_id":1}
2022-09-25 15:17:58.665 INFO  [http-nio-2600-exec-1] ru.itm.servdbupdate.controllers.TransUpdateController Line:83  - --> (write) -->trans.trans_fuel{"id":300, "equip_id":24, "shift_date":"Sun Sep 25 00:00:00 NOVT 2022", "shift_id":2, "time_read":"Sun Sep 25 11:49:20 NOVT 2022", "fuel_level":217.0, "fuel_raw":217.0, "trans_cycles_id":1}
2022-09-25 15:17:58.726 INFO  [http-nio-2600-exec-1] ru.itm.servdbupdate.controllers.TransUpdateController Line:83  - --> (write) -->trans.trans_fuel{"id":301, "equip_id":24, "shift_date":"Sun Sep 25 00:00:00 NOVT 2022", "shift_id":2, "time_read":"Sun Sep 25 11:49:25 NOVT 2022", "fuel_level":217.0, "fuel_raw":217.0, "trans_cycles_id":1}
2022-09-25 15:17:58.787 INFO  [http-nio-2600-exec-1] ru.itm.servdbupdate.controllers.TransUpdateController Line:83  - --> (write) -->trans.trans_fuel{"id":302, "equip_id":24, "shift_date":"Sun Sep 25 00:00:00 NOVT 2022", "shift_id":2, "time_read":"Sun Sep 25 11:51:07 NOVT 2022", "fuel_level":214.0, "fuel_raw":214.0, "trans_cycles_id":1}
2022-09-25 15:17:58.848 INFO  [http-nio-2600-exec-1] ru.itm.servdbupdate.controllers.TransUpdateController Line:83  - --> (write) -->trans.trans_fuel{"id":305, "equip_id":24, "shift_date":"Sun Sep 25 00:00:00 NOVT 2022", "shift_id":2, "time_read":"Sun Sep 25 15:05:16 NOVT 2022", "fuel_level":391.0, "fuel_raw":391.0, "trans_cycles_id":1}
2022-09-25 15:17:58.909 INFO  [http-nio-2600-exec-1] ru.itm.servdbupdate.controllers.TransUpdateController Line:83  - --> (write) -->trans.trans_fuel{"id":316, "equip_id":24, "shift_date":"Sun Sep 25 00:00:00 NOVT 2022", "shift_id":2, "time_read":"Sun Sep 25 15:10:16 NOVT 2022", "fuel_level":382.0, "fuel_raw":382.0, "trans_cycles_id":1}
2022-09-25 15:17:58.970 INFO  [http-nio-2600-exec-1] ru.itm.servdbupdate.controllers.TransUpdateController Line:83  - --> (write) -->trans.trans_fuel{"id":327, "equip_id":24, "shift_date":"Sun Sep 25 00:00:00 NOVT 2022", "shift_id":2, "time_read":"Sun Sep 25 15:15:16 NOVT 2022", "fuel_level":374.0, "fuel_raw":374.0, "trans_cycles_id":1}
2022-09-25 15:18:04.353 INFO  [http-nio-2600-exec-1] ru.itm.servdbupdate.controllers.TransUpdateController Line:83  - --> (write) -->306
2022-09-25 15:18:04.525 INFO  [http-nio-2600-exec-1] ru.itm.servdbupdate.controllers.TransUpdateController Line:83  - --> (write) -->307
2022-09-25 15:18:04.643 INFO  [http-nio-2600-exec-1] ru.itm.servdbupdate.controllers.TransUpdateController Line:83  - --> (write) -->308
2022-09-25 15:18:04.790 INFO  [http-nio-2600-exec-1] ru.itm.servdbupdate.controllers.TransUpdateController Line:83  - --> (write) -->309
2022-09-25 15:18:04.946 INFO  [http-nio-2600-exec-1] ru.itm.servdbupdate.controllers.TransUpdateController Line:83  - --> (write) -->310
2022-09-25 15:18:05.120 INFO  [http-nio-2600-exec-1] ru.itm.servdbupdate.controllers.TransUpdateController Line:83  - --> (write) -->311
2022-09-25 15:18:05.246 INFO  [http-nio-2600-exec-1] ru.itm.servdbupdate.controllers.TransUpdateController Line:83  - --> (write) -->312
2022-09-25 15:18:05.342 INFO  [http-nio-2600-exec-1] ru.itm.servdbupdate.controllers.TransUpdateController Line:83  - --> (write) -->313
2022-09-25 15:18:05.511 INFO  [http-nio-2600-exec-1] ru.itm.servdbupdate.controllers.TransUpdateController Line:83  - --> (write) -->314
2022-09-25 15:18:05.654 INFO  [http-nio-2600-exec-1] ru.itm.servdbupdate.controllers.TransUpdateController Line:83  - --> (write) -->315
2022-09-25 15:18:05.715 INFO  [http-nio-2600-exec-1] ru.itm.servdbupdate.controllers.TransUpdateController Line:83  - --> (write) -->317
2022-09-25 15:18:05.776 INFO  [http-nio-2600-exec-1] ru.itm.servdbupdate.controllers.TransUpdateController Line:83  - --> (write) -->318
2022-09-25 15:18:05.837 INFO  [http-nio-2600-exec-1] ru.itm.servdbupdate.controllers.TransUpdateController Line:83  - --> (write) -->319
2022-09-25 15:18:05.898 INFO  [http-nio-2600-exec-1] ru.itm.servdbupdate.controllers.TransUpdateController Line:83  - --> (write) -->320
2022-09-25 15:18:05.959 INFO  [http-nio-2600-exec-1] ru.itm.servdbupdate.controllers.TransUpdateController Line:83  - --> (write) -->321
2022-09-25 15:18:06.020 INFO  [http-nio-2600-exec-1] ru.itm.servdbupdate.controllers.TransUpdateController Line:83  - --> (write) -->322
2022-09-25 15:18:06.081 INFO  [http-nio-2600-exec-1] ru.itm.servdbupdate.controllers.TransUpdateController Line:83  - --> (write) -->323
2022-09-25 15:18:06.183 INFO  [http-nio-2600-exec-1] ru.itm.servdbupdate.controllers.TransUpdateController Line:83  - --> (write) -->324
2022-09-25 15:18:06.245 INFO  [http-nio-2600-exec-1] ru.itm.servdbupdate.controllers.TransUpdateController Line:83  - --> (write) -->325
2022-09-25 15:18:06.305 INFO  [http-nio-2600-exec-1] ru.itm.servdbupdate.controllers.TransUpdateController Line:83  - --> (write) -->326
2022-09-25 15:18:06.364 INFO  [http-nio-2600-exec-1] ru.itm.servdbupdate.controllers.TransUpdateController Line:83  - --> (write) -->328
2022-09-25 15:18:06.482 INFO  [http-nio-2600-exec-1] ru.itm.servdbupdate.controllers.TransUpdateController Line:83  - --> (write) -->329
2022-09-25 15:18:06.597 INFO  [http-nio-2600-exec-1] ru.itm.servdbupdate.controllers.TransUpdateController Line:83  - --> (write) -->330
2022-09-25 15:18:06.772 INFO  [http-nio-2600-exec-1] ru.itm.servdbupdate.controllers.TransUpdateController Line:83  - --> (write) -->331
2022-09-25 15:18:06.926 INFO  [http-nio-2600-exec-1] ru.itm.servdbupdate.controllers.TransUpdateController Line:83  - --> (write) -->332
2022-09-25 15:18:07.043 INFO  [http-nio-2600-exec-1] ru.itm.servdbupdate.controllers.TransUpdateController Line:83  - --> (write) -->333
2022-09-25 15:18:12.899 INFO  [http-nio-2600-exec-2] ru.itm.servdbupdate.controllers.DBUpdateController Line:87  - A request came in from the 192.168.1.16
2022-09-25 15:18:13.124 INFO  [http-nio-2600-exec-2] ru.itm.servdbupdate.serivce.TablesService Line:57  - 1	equipment_haul	4
2022-09-25 15:18:13.125 INFO  [http-nio-2600-exec-2] ru.itm.servdbupdate.serivce.TablesService Line:57  - 2	lis_check_function	13
2022-09-25 15:18:13.125 INFO  [http-nio-2600-exec-2] ru.itm.servdbupdate.serivce.TablesService Line:57  - 3	operator_on_equip	5
2022-09-25 15:18:13.125 INFO  [http-nio-2600-exec-2] ru.itm.servdbupdate.serivce.TablesService Line:57  - 4	operator_on_equip_type	5
2022-09-25 15:18:13.125 INFO  [http-nio-2600-exec-2] ru.itm.servdbupdate.serivce.TablesService Line:57  - 5	status_group	8
2022-09-25 15:18:13.126 INFO  [http-nio-2600-exec-2] ru.itm.servdbupdate.serivce.TablesService Line:57  - 6	status_cat	5
2022-09-25 15:18:13.126 INFO  [http-nio-2600-exec-2] ru.itm.servdbupdate.serivce.TablesService Line:57  - 7	lis_action	175
2022-09-25 15:18:13.126 INFO  [http-nio-2600-exec-2] ru.itm.servdbupdate.serivce.TablesService Line:57  - 8	status_group_rel	25
2022-09-25 15:18:13.127 INFO  [http-nio-2600-exec-2] ru.itm.servdbupdate.serivce.TablesService Line:57  - 9	tires	6
2022-09-25 15:18:13.127 INFO  [http-nio-2600-exec-2] ru.itm.servdbupdate.serivce.TablesService Line:57  - 10	holes	124
2022-09-25 15:18:13.127 INFO  [http-nio-2600-exec-2] ru.itm.servdbupdate.serivce.TablesService Line:57  - 11	tire_assign	6
2022-09-25 15:18:13.127 INFO  [http-nio-2600-exec-2] ru.itm.servdbupdate.serivce.TablesService Line:57  - 12	location_auto_status	4
2022-09-25 15:18:13.128 INFO  [http-nio-2600-exec-2] ru.itm.servdbupdate.serivce.TablesService Line:57  - 13	coord_loc	137
2022-09-25 15:18:13.128 INFO  [http-nio-2600-exec-2] ru.itm.servdbupdate.serivce.TablesService Line:57  - 14	status_cat_location_rel	5
2022-09-25 15:18:13.128 INFO  [http-nio-2600-exec-2] ru.itm.servdbupdate.serivce.TablesService Line:57  - 15	sensor_inclin_calibration	5
2022-09-25 15:18:13.128 INFO  [http-nio-2600-exec-2] ru.itm.servdbupdate.serivce.TablesService Line:57  - 16	hole_status	5
2022-09-25 15:18:13.128 INFO  [http-nio-2600-exec-2] ru.itm.servdbupdate.serivce.TablesService Line:57  - 17	shifts	5
2022-09-25 15:18:13.129 INFO  [http-nio-2600-exec-2] ru.itm.servdbupdate.serivce.TablesService Line:57  - 18	sensors	14
2022-09-25 15:18:13.129 INFO  [http-nio-2600-exec-2] ru.itm.servdbupdate.serivce.TablesService Line:57  - 19	dispatcher	7
2022-09-25 15:18:13.129 INFO  [http-nio-2600-exec-2] ru.itm.servdbupdate.serivce.TablesService Line:57  - 20	routes	5
2022-09-25 15:18:13.129 INFO  [http-nio-2600-exec-2] ru.itm.servdbupdate.serivce.TablesService Line:57  - 21	equipment_drill	3
2022-09-25 15:18:13.130 INFO  [http-nio-2600-exec-2] ru.itm.servdbupdate.serivce.TablesService Line:57  - 22	equip_type	11
2022-09-25 15:18:13.130 INFO  [http-nio-2600-exec-2] ru.itm.servdbupdate.serivce.TablesService Line:57  - 23	sensor_types	6
2022-09-25 15:18:13.130 INFO  [http-nio-2600-exec-2] ru.itm.servdbupdate.serivce.TablesService Line:57  - 24	tire_storage	6
2022-09-25 15:18:13.130 INFO  [http-nio-2600-exec-2] ru.itm.servdbupdate.serivce.TablesService Line:57  - 25	routes_roads	6
2022-09-25 15:18:13.130 INFO  [http-nio-2600-exec-2] ru.itm.servdbupdate.serivce.TablesService Line:57  - 26	values_data	45
2022-09-25 15:18:13.130 INFO  [http-nio-2600-exec-2] ru.itm.servdbupdate.serivce.TablesService Line:57  - 27	operators	5
2022-09-25 15:18:13.130 INFO  [http-nio-2600-exec-2] ru.itm.servdbupdate.serivce.TablesService Line:57  - 28	statuses	5
2022-09-25 15:18:13.131 INFO  [http-nio-2600-exec-2] ru.itm.servdbupdate.serivce.TablesService Line:57  - 29	location_type	5
2022-09-25 15:18:13.131 INFO  [http-nio-2600-exec-2] ru.itm.servdbupdate.serivce.TablesService Line:57  - 30	equipment_load	3
2022-09-25 15:18:13.131 INFO  [http-nio-2600-exec-2] ru.itm.servdbupdate.serivce.TablesService Line:57  - 31	acts	2
2022-09-25 15:18:13.131 INFO  [http-nio-2600-exec-2] ru.itm.servdbupdate.serivce.TablesService Line:57  - 32	status_inh	9
2022-09-25 15:18:13.131 INFO  [http-nio-2600-exec-2] ru.itm.servdbupdate.serivce.TablesService Line:57  - 33	acts_to_roles	2
2022-09-25 15:18:13.131 INFO  [http-nio-2600-exec-2] ru.itm.servdbupdate.serivce.TablesService Line:57  - 34	lis_action_predicate_variable	5
2022-09-25 15:18:13.131 INFO  [http-nio-2600-exec-2] ru.itm.servdbupdate.serivce.TablesService Line:57  - 35	lis_action_predicate	5000
2022-09-25 15:18:13.131 INFO  [http-nio-2600-exec-2] ru.itm.servdbupdate.serivce.TablesService Line:57  - 36	lis_source_variable	18
2022-09-25 15:18:13.132 INFO  [http-nio-2600-exec-2] ru.itm.servdbupdate.serivce.TablesService Line:57  - 37	lis_group	9
2022-09-25 15:18:13.132 INFO  [http-nio-2600-exec-2] ru.itm.servdbupdate.serivce.TablesService Line:57  - 38	action_variable_source	44
2022-09-25 15:18:13.132 INFO  [http-nio-2600-exec-2] ru.itm.servdbupdate.serivce.TablesService Line:57  - 39	lis_action_variable	56
2022-09-25 15:18:13.132 INFO  [http-nio-2600-exec-2] ru.itm.servdbupdate.serivce.TablesService Line:57  - 40	lis_type	22
2022-09-25 15:18:13.132 INFO  [http-nio-2600-exec-2] ru.itm.servdbupdate.serivce.TablesService Line:57  - 41	lis_point	6
2022-09-25 15:18:13.132 INFO  [http-nio-2600-exec-2] ru.itm.servdbupdate.serivce.TablesService Line:57  - 42	roads	3
2022-09-25 15:18:13.132 INFO  [http-nio-2600-exec-2] ru.itm.servdbupdate.serivce.TablesService Line:57  - 43	speed_limits	3
2022-09-25 15:18:13.133 INFO  [http-nio-2600-exec-2] ru.itm.servdbupdate.serivce.TablesService Line:57  - 44	material	5
2022-09-25 15:18:13.133 INFO  [http-nio-2600-exec-2] ru.itm.servdbupdate.serivce.TablesService Line:57  - 45	material_conv	5
2022-09-25 15:18:13.133 INFO  [http-nio-2600-exec-2] ru.itm.servdbupdate.serivce.TablesService Line:57  - 46	lis_predicate_variable	112
2022-09-25 15:18:13.133 INFO  [http-nio-2600-exec-2] ru.itm.servdbupdate.serivce.TablesService Line:57  - 47	loc_inheritance	121
2022-09-25 15:18:13.133 INFO  [http-nio-2600-exec-2] ru.itm.servdbupdate.serivce.TablesService Line:57  - 48	material_type	5
2022-09-25 15:18:13.133 INFO  [http-nio-2600-exec-2] ru.itm.servdbupdate.serivce.TablesService Line:57  - 49	location	15
2022-09-25 15:18:13.133 INFO  [http-nio-2600-exec-2] ru.itm.servdbupdate.serivce.TablesService Line:57  - 50	roles	4
2022-09-25 15:18:13.133 INFO  [http-nio-2600-exec-2] ru.itm.servdbupdate.serivce.TablesService Line:57  - 51	sensor_data_types	5
2022-09-25 15:18:13.134 INFO  [http-nio-2600-exec-2] ru.itm.servdbupdate.serivce.TablesService Line:57  - 52	lis_predicate	247
2022-09-25 15:18:13.134 INFO  [http-nio-2600-exec-2] ru.itm.servdbupdate.serivce.TablesService Line:57  - 53	equipment	29
2022-09-25 15:18:13.134 INFO  [http-nio-2600-exec-2] ru.itm.servdbupdate.serivce.TablesService Line:57  - 54	lis_connection	257
2022-09-25 15:18:13.134 INFO  [http-nio-2600-exec-2] ru.itm.servdbupdate.serivce.TablesService Line:57  - 55	lis_action_source_variable	2
2022-09-25 15:18:13.134 INFO  [http-nio-2600-exec-2] ru.itm.servdbupdate.serivce.TablesService Line:57  - 56	action_group	486
2022-09-25 15:22:18.103 INFO  [SpringApplicationShutdownHook] org.springframework.orm.jpa.LocalContainerEntityManagerFactoryBean Line:651 - Closing JPA EntityManagerFactory for persistence unit 'default'
2022-09-25 15:22:18.104 INFO  [SpringApplicationShutdownHook] com.zaxxer.hikari.HikariDataSource Line:350 - HikariPool-1 - Shutdown initiated...
2022-09-25 15:22:20.270 INFO  [SpringApplicationShutdownHook] com.zaxxer.hikari.HikariDataSource Line:352 - HikariPool-1 - Shutdown completed.
