2022-09-14 10:02:32.809 INFO  [main] ru.itm.servdbupdate.ServdbupdateApplication Line:55  - Starting ServdbupdateApplication using Java 17.0.2 on ubuntu with PID 17379 (/mnt/hgfs/YD/Java/Spring/servdbupdate/build/classes/java/main started by itm in /mnt/hgfs/YD/Java/Spring/servdbupdate)
2022-09-14 10:02:32.830 INFO  [main] ru.itm.servdbupdate.ServdbupdateApplication Line:640 - The following 1 profile is active: "mainProfile"
2022-09-14 10:02:39.745 INFO  [main] org.springframework.data.repository.config.RepositoryConfigurationDelegate Line:132 - Bootstrapping Spring Data JPA repositories in DEFAULT mode.
2022-09-14 10:02:41.069 INFO  [main] org.springframework.data.repository.config.RepositoryConfigurationDelegate Line:201 - Finished Spring Data repository scanning in 1286 ms. Found 60 JPA repository interfaces.
2022-09-14 10:02:43.722 INFO  [main] org.springframework.boot.web.embedded.tomcat.TomcatWebServer Line:108 - Tomcat initialized with port(s): 2600 (http)
2022-09-14 10:02:43.753 INFO  [main] org.apache.coyote.http11.Http11NioProtocol Line:173 - Initializing ProtocolHandler ["http-nio-2600"]
2022-09-14 10:02:43.756 INFO  [main] org.apache.catalina.core.StandardService Line:173 - Starting service [Tomcat]
2022-09-14 10:02:43.758 INFO  [main] org.apache.catalina.core.StandardEngine Line:173 - Starting Servlet engine: [Apache Tomcat/9.0.64]
2022-09-14 10:02:44.120 INFO  [main] org.apache.catalina.core.ContainerBase.[Tomcat].[localhost].[/] Line:173 - Initializing Spring embedded WebApplicationContext
2022-09-14 10:02:44.122 INFO  [main] org.springframework.boot.web.servlet.context.ServletWebServerApplicationContext Line:292 - Root WebApplicationContext: initialization completed in 11012 ms
2022-09-14 10:02:45.677 INFO  [main] com.zaxxer.hikari.HikariDataSource Line:110 - HikariPool-1 - Starting...
2022-09-14 10:02:47.277 INFO  [main] com.zaxxer.hikari.HikariDataSource Line:123 - HikariPool-1 - Start completed.
2022-09-14 10:02:47.864 INFO  [main] org.hibernate.jpa.internal.util.LogHelper Line:31  - HHH000204: Processing PersistenceUnitInfo [name: default]
2022-09-14 10:02:48.235 INFO  [main] org.hibernate.Version Line:44  - HHH000412: Hibernate ORM core version 5.6.9.Final
2022-09-14 10:02:49.615 INFO  [main] org.hibernate.annotations.common.Version Line:56  - HCANN000001: Hibernate Commons Annotations {5.1.2.Final}
2022-09-14 10:02:50.471 INFO  [main] org.hibernate.dialect.Dialect Line:175 - HHH000400: Using dialect: org.hibernate.dialect.PostgreSQL10Dialect
2022-09-14 10:02:53.821 INFO  [main] org.hibernate.engine.transaction.jta.platform.internal.JtaPlatformInitiator Line:52  - HHH000490: Using JtaPlatform implementation: [org.hibernate.engine.transaction.jta.platform.internal.NoJtaPlatform]
2022-09-14 10:02:53.865 INFO  [main] org.springframework.orm.jpa.LocalContainerEntityManagerFactoryBean Line:437 - Initialized JPA EntityManagerFactory for persistence unit 'default'
2022-09-14 10:03:01.270 INFO  [main] org.apache.coyote.http11.Http11NioProtocol Line:173 - Starting ProtocolHandler ["http-nio-2600"]
2022-09-14 10:03:01.386 INFO  [main] org.springframework.boot.web.embedded.tomcat.TomcatWebServer Line:220 - Tomcat started on port(s): 2600 (http) with context path ''
2022-09-14 10:03:01.652 INFO  [main] org.springframework.boot.web.embedded.tomcat.TomcatWebServer Line:108 - Tomcat initialized with port(s): 10015 (http)
2022-09-14 10:03:01.655 INFO  [main] org.apache.coyote.http11.Http11NioProtocol Line:173 - Initializing ProtocolHandler ["http-nio-10015"]
2022-09-14 10:03:01.657 INFO  [main] org.apache.catalina.core.StandardService Line:173 - Starting service [Tomcat]
2022-09-14 10:03:01.659 INFO  [main] org.apache.catalina.core.StandardEngine Line:173 - Starting Servlet engine: [Apache Tomcat/9.0.64]
2022-09-14 10:03:01.681 INFO  [main] org.apache.catalina.core.ContainerBase.[Tomcat-1].[localhost].[/] Line:173 - Initializing Spring embedded WebApplicationContext
2022-09-14 10:03:01.683 INFO  [main] org.springframework.boot.web.servlet.context.ServletWebServerApplicationContext Line:292 - Root WebApplicationContext: initialization completed in 269 ms
2022-09-14 10:03:01.703 INFO  [main] org.springframework.boot.actuate.endpoint.web.EndpointLinksResolver Line:58  - Exposing 14 endpoint(s) beneath base path '/actuator'
2022-09-14 10:03:01.781 INFO  [main] org.apache.coyote.http11.Http11NioProtocol Line:173 - Starting ProtocolHandler ["http-nio-10015"]
2022-09-14 10:03:01.788 INFO  [main] org.springframework.boot.web.embedded.tomcat.TomcatWebServer Line:220 - Tomcat started on port(s): 10015 (http) with context path ''
2022-09-14 10:03:01.815 INFO  [main] ru.itm.servdbupdate.ServdbupdateApplication Line:61  - Started ServdbupdateApplication in 32.128 seconds (JVM running for 38.256)
2022-09-14 10:03:01.852 INFO  [main] ru.itm.servdbupdate.controllers.InitController Line:98  - OS = 'linux'
2022-09-14 10:03:01.857 INFO  [main] ru.itm.servdbupdate.controllers.InitController Line:111 - Itm log path = './log/'
2022-09-14 10:03:01.859 INFO  [main] ru.itm.servdbupdate.ServdbupdateApplication Line:22  - Application is start.
2022-09-14 10:06:05.033 INFO  [http-nio-2600-exec-1] org.apache.catalina.core.ContainerBase.[Tomcat].[localhost].[/] Line:173 - Initializing Spring DispatcherServlet 'dispatcherServlet'
2022-09-14 10:06:05.036 INFO  [http-nio-2600-exec-1] org.springframework.web.servlet.DispatcherServlet Line:525 - Initializing Servlet 'dispatcherServlet'
2022-09-14 10:06:05.041 INFO  [http-nio-2600-exec-1] org.springframework.web.servlet.DispatcherServlet Line:547 - Completed initialization in 2 ms
2022-09-14 10:06:05.234 INFO  [http-nio-2600-exec-1] ru.itm.servdbupdate.controllers.DBUpdateController Line:78  - A request came in from the 192.168.100.21
2022-09-14 10:06:05.893 INFO  [http-nio-2600-exec-1] ru.itm.servdbupdate.serivce.TablesService Line:57  - 1	equipment_haul	4
2022-09-14 10:06:05.894 INFO  [http-nio-2600-exec-1] ru.itm.servdbupdate.serivce.TablesService Line:57  - 2	lis_check_function	13
2022-09-14 10:06:05.896 INFO  [http-nio-2600-exec-1] ru.itm.servdbupdate.serivce.TablesService Line:57  - 3	operator_on_equip	5
2022-09-14 10:06:05.897 INFO  [http-nio-2600-exec-1] ru.itm.servdbupdate.serivce.TablesService Line:57  - 4	operator_on_equip_type	5
2022-09-14 10:06:05.899 INFO  [http-nio-2600-exec-1] ru.itm.servdbupdate.serivce.TablesService Line:57  - 5	status_group	8
2022-09-14 10:06:05.900 INFO  [http-nio-2600-exec-1] ru.itm.servdbupdate.serivce.TablesService Line:57  - 6	status_cat	5
2022-09-14 10:06:05.901 INFO  [http-nio-2600-exec-1] ru.itm.servdbupdate.serivce.TablesService Line:57  - 7	lis_action	175
2022-09-14 10:06:05.902 INFO  [http-nio-2600-exec-1] ru.itm.servdbupdate.serivce.TablesService Line:57  - 8	status_group_rel	25
2022-09-14 10:06:05.905 INFO  [http-nio-2600-exec-1] ru.itm.servdbupdate.serivce.TablesService Line:57  - 9	tires	6
2022-09-14 10:06:05.906 INFO  [http-nio-2600-exec-1] ru.itm.servdbupdate.serivce.TablesService Line:57  - 10	holes	124
2022-09-14 10:06:05.907 INFO  [http-nio-2600-exec-1] ru.itm.servdbupdate.serivce.TablesService Line:57  - 11	tire_assign	6
2022-09-14 10:06:05.909 INFO  [http-nio-2600-exec-1] ru.itm.servdbupdate.serivce.TablesService Line:57  - 12	location_auto_status	4
2022-09-14 10:06:05.911 INFO  [http-nio-2600-exec-1] ru.itm.servdbupdate.serivce.TablesService Line:57  - 13	coord_loc	137
2022-09-14 10:06:05.912 INFO  [http-nio-2600-exec-1] ru.itm.servdbupdate.serivce.TablesService Line:57  - 14	status_cat_location_rel	5
2022-09-14 10:06:05.913 INFO  [http-nio-2600-exec-1] ru.itm.servdbupdate.serivce.TablesService Line:57  - 15	sensor_inclin_calibration	5
2022-09-14 10:06:05.915 INFO  [http-nio-2600-exec-1] ru.itm.servdbupdate.serivce.TablesService Line:57  - 16	hole_status	5
2022-09-14 10:06:05.916 INFO  [http-nio-2600-exec-1] ru.itm.servdbupdate.serivce.TablesService Line:57  - 17	shifts	5
2022-09-14 10:06:05.918 INFO  [http-nio-2600-exec-1] ru.itm.servdbupdate.serivce.TablesService Line:57  - 18	sensors	14
2022-09-14 10:06:05.922 INFO  [http-nio-2600-exec-1] ru.itm.servdbupdate.serivce.TablesService Line:57  - 19	dispatcher	7
2022-09-14 10:06:05.923 INFO  [http-nio-2600-exec-1] ru.itm.servdbupdate.serivce.TablesService Line:57  - 20	routes	5
2022-09-14 10:06:05.925 INFO  [http-nio-2600-exec-1] ru.itm.servdbupdate.serivce.TablesService Line:57  - 21	equipment_drill	3
2022-09-14 10:06:05.926 INFO  [http-nio-2600-exec-1] ru.itm.servdbupdate.serivce.TablesService Line:57  - 22	equip_type	11
2022-09-14 10:06:05.927 INFO  [http-nio-2600-exec-1] ru.itm.servdbupdate.serivce.TablesService Line:57  - 23	sensor_types	6
2022-09-14 10:06:05.929 INFO  [http-nio-2600-exec-1] ru.itm.servdbupdate.serivce.TablesService Line:57  - 24	tire_storage	6
2022-09-14 10:06:05.930 INFO  [http-nio-2600-exec-1] ru.itm.servdbupdate.serivce.TablesService Line:57  - 25	routes_roads	6
2022-09-14 10:06:05.931 INFO  [http-nio-2600-exec-1] ru.itm.servdbupdate.serivce.TablesService Line:57  - 26	values_data	45
2022-09-14 10:06:05.932 INFO  [http-nio-2600-exec-1] ru.itm.servdbupdate.serivce.TablesService Line:57  - 27	operators	5
2022-09-14 10:06:05.933 INFO  [http-nio-2600-exec-1] ru.itm.servdbupdate.serivce.TablesService Line:57  - 28	statuses	5
2022-09-14 10:06:05.935 INFO  [http-nio-2600-exec-1] ru.itm.servdbupdate.serivce.TablesService Line:57  - 29	location_type	5
2022-09-14 10:06:05.936 INFO  [http-nio-2600-exec-1] ru.itm.servdbupdate.serivce.TablesService Line:57  - 30	equipment_load	3
2022-09-14 10:06:05.937 INFO  [http-nio-2600-exec-1] ru.itm.servdbupdate.serivce.TablesService Line:57  - 31	acts	2
2022-09-14 10:06:05.938 INFO  [http-nio-2600-exec-1] ru.itm.servdbupdate.serivce.TablesService Line:57  - 32	status_inh	9
2022-09-14 10:06:05.939 INFO  [http-nio-2600-exec-1] ru.itm.servdbupdate.serivce.TablesService Line:57  - 33	acts_to_roles	2
2022-09-14 10:06:05.940 INFO  [http-nio-2600-exec-1] ru.itm.servdbupdate.serivce.TablesService Line:57  - 34	lis_action_predicate_variable	5
2022-09-14 10:06:05.941 INFO  [http-nio-2600-exec-1] ru.itm.servdbupdate.serivce.TablesService Line:57  - 35	lis_action_predicate	5000
2022-09-14 10:06:05.942 INFO  [http-nio-2600-exec-1] ru.itm.servdbupdate.serivce.TablesService Line:57  - 36	lis_source_variable	18
2022-09-14 10:06:05.943 INFO  [http-nio-2600-exec-1] ru.itm.servdbupdate.serivce.TablesService Line:57  - 37	lis_group	9
2022-09-14 10:06:05.943 INFO  [http-nio-2600-exec-1] ru.itm.servdbupdate.serivce.TablesService Line:57  - 38	action_variable_source	44
2022-09-14 10:06:05.944 INFO  [http-nio-2600-exec-1] ru.itm.servdbupdate.serivce.TablesService Line:57  - 39	lis_action_variable	56
2022-09-14 10:06:05.945 INFO  [http-nio-2600-exec-1] ru.itm.servdbupdate.serivce.TablesService Line:57  - 40	lis_type	22
2022-09-14 10:06:05.946 INFO  [http-nio-2600-exec-1] ru.itm.servdbupdate.serivce.TablesService Line:57  - 41	lis_point	6
2022-09-14 10:06:05.947 INFO  [http-nio-2600-exec-1] ru.itm.servdbupdate.serivce.TablesService Line:57  - 42	roads	3
2022-09-14 10:06:05.948 INFO  [http-nio-2600-exec-1] ru.itm.servdbupdate.serivce.TablesService Line:57  - 43	speed_limits	3
2022-09-14 10:06:05.949 INFO  [http-nio-2600-exec-1] ru.itm.servdbupdate.serivce.TablesService Line:57  - 44	material	5
2022-09-14 10:06:05.950 INFO  [http-nio-2600-exec-1] ru.itm.servdbupdate.serivce.TablesService Line:57  - 45	material_conv	5
2022-09-14 10:06:05.951 INFO  [http-nio-2600-exec-1] ru.itm.servdbupdate.serivce.TablesService Line:57  - 46	lis_predicate_variable	112
2022-09-14 10:06:05.952 INFO  [http-nio-2600-exec-1] ru.itm.servdbupdate.serivce.TablesService Line:57  - 47	loc_inheritance	121
2022-09-14 10:06:05.953 INFO  [http-nio-2600-exec-1] ru.itm.servdbupdate.serivce.TablesService Line:57  - 48	material_type	5
2022-09-14 10:06:05.953 INFO  [http-nio-2600-exec-1] ru.itm.servdbupdate.serivce.TablesService Line:57  - 49	location	15
2022-09-14 10:06:05.954 INFO  [http-nio-2600-exec-1] ru.itm.servdbupdate.serivce.TablesService Line:57  - 50	roles	4
2022-09-14 10:06:05.955 INFO  [http-nio-2600-exec-1] ru.itm.servdbupdate.serivce.TablesService Line:57  - 51	sensor_data_types	5
2022-09-14 10:06:05.956 INFO  [http-nio-2600-exec-1] ru.itm.servdbupdate.serivce.TablesService Line:57  - 52	lis_predicate	247
2022-09-14 10:06:05.957 INFO  [http-nio-2600-exec-1] ru.itm.servdbupdate.serivce.TablesService Line:57  - 53	equipment	27
2022-09-14 10:06:05.958 INFO  [http-nio-2600-exec-1] ru.itm.servdbupdate.serivce.TablesService Line:57  - 54	lis_connection	257
2022-09-14 10:06:05.959 INFO  [http-nio-2600-exec-1] ru.itm.servdbupdate.serivce.TablesService Line:57  - 55	lis_action_source_variable	2
2022-09-14 10:06:05.960 INFO  [http-nio-2600-exec-1] ru.itm.servdbupdate.serivce.TablesService Line:57  - 56	action_group	486
2022-09-14 10:17:46.332 INFO  [http-nio-2600-exec-7] ru.itm.servdbupdate.controllers.DBUpdateController Line:78  - A request came in from the 192.168.100.21
2022-09-14 10:17:46.443 INFO  [http-nio-2600-exec-7] ru.itm.servdbupdate.serivce.TablesService Line:57  - 1	equipment_haul	4
2022-09-14 10:17:46.444 INFO  [http-nio-2600-exec-7] ru.itm.servdbupdate.serivce.TablesService Line:57  - 2	lis_check_function	13
2022-09-14 10:17:46.445 INFO  [http-nio-2600-exec-7] ru.itm.servdbupdate.serivce.TablesService Line:57  - 3	operator_on_equip	5
2022-09-14 10:17:46.447 INFO  [http-nio-2600-exec-7] ru.itm.servdbupdate.serivce.TablesService Line:57  - 4	operator_on_equip_type	5
2022-09-14 10:17:46.448 INFO  [http-nio-2600-exec-7] ru.itm.servdbupdate.serivce.TablesService Line:57  - 5	status_group	8
2022-09-14 10:17:46.449 INFO  [http-nio-2600-exec-7] ru.itm.servdbupdate.serivce.TablesService Line:57  - 6	status_cat	5
2022-09-14 10:17:46.450 INFO  [http-nio-2600-exec-7] ru.itm.servdbupdate.serivce.TablesService Line:57  - 7	lis_action	175
2022-09-14 10:17:46.451 INFO  [http-nio-2600-exec-7] ru.itm.servdbupdate.serivce.TablesService Line:57  - 8	status_group_rel	25
2022-09-14 10:17:46.453 INFO  [http-nio-2600-exec-7] ru.itm.servdbupdate.serivce.TablesService Line:57  - 9	tires	6
2022-09-14 10:17:46.454 INFO  [http-nio-2600-exec-7] ru.itm.servdbupdate.serivce.TablesService Line:57  - 10	holes	124
2022-09-14 10:17:46.455 INFO  [http-nio-2600-exec-7] ru.itm.servdbupdate.serivce.TablesService Line:57  - 11	tire_assign	6
2022-09-14 10:17:46.457 INFO  [http-nio-2600-exec-7] ru.itm.servdbupdate.serivce.TablesService Line:57  - 12	location_auto_status	4
2022-09-14 10:17:46.458 INFO  [http-nio-2600-exec-7] ru.itm.servdbupdate.serivce.TablesService Line:57  - 13	coord_loc	137
2022-09-14 10:17:46.459 INFO  [http-nio-2600-exec-7] ru.itm.servdbupdate.serivce.TablesService Line:57  - 14	status_cat_location_rel	5
2022-09-14 10:17:46.460 INFO  [http-nio-2600-exec-7] ru.itm.servdbupdate.serivce.TablesService Line:57  - 15	sensor_inclin_calibration	5
2022-09-14 10:17:46.461 INFO  [http-nio-2600-exec-7] ru.itm.servdbupdate.serivce.TablesService Line:57  - 16	hole_status	5
2022-09-14 10:17:46.462 INFO  [http-nio-2600-exec-7] ru.itm.servdbupdate.serivce.TablesService Line:57  - 17	shifts	5
2022-09-14 10:17:46.463 INFO  [http-nio-2600-exec-7] ru.itm.servdbupdate.serivce.TablesService Line:57  - 18	sensors	14
2022-09-14 10:17:46.463 INFO  [http-nio-2600-exec-7] ru.itm.servdbupdate.serivce.TablesService Line:57  - 19	dispatcher	7
2022-09-14 10:17:46.465 INFO  [http-nio-2600-exec-7] ru.itm.servdbupdate.serivce.TablesService Line:57  - 20	routes	5
2022-09-14 10:17:46.466 INFO  [http-nio-2600-exec-7] ru.itm.servdbupdate.serivce.TablesService Line:57  - 21	equipment_drill	3
2022-09-14 10:17:46.466 INFO  [http-nio-2600-exec-7] ru.itm.servdbupdate.serivce.TablesService Line:57  - 22	equip_type	11
2022-09-14 10:17:46.467 INFO  [http-nio-2600-exec-7] ru.itm.servdbupdate.serivce.TablesService Line:57  - 23	sensor_types	6
2022-09-14 10:17:46.468 INFO  [http-nio-2600-exec-7] ru.itm.servdbupdate.serivce.TablesService Line:57  - 24	tire_storage	6
2022-09-14 10:17:46.469 INFO  [http-nio-2600-exec-7] ru.itm.servdbupdate.serivce.TablesService Line:57  - 25	routes_roads	6
2022-09-14 10:17:46.470 INFO  [http-nio-2600-exec-7] ru.itm.servdbupdate.serivce.TablesService Line:57  - 26	values_data	45
2022-09-14 10:17:46.471 INFO  [http-nio-2600-exec-7] ru.itm.servdbupdate.serivce.TablesService Line:57  - 27	operators	5
2022-09-14 10:17:46.472 INFO  [http-nio-2600-exec-7] ru.itm.servdbupdate.serivce.TablesService Line:57  - 28	statuses	5
2022-09-14 10:17:46.474 INFO  [http-nio-2600-exec-7] ru.itm.servdbupdate.serivce.TablesService Line:57  - 29	location_type	5
2022-09-14 10:17:46.474 INFO  [http-nio-2600-exec-7] ru.itm.servdbupdate.serivce.TablesService Line:57  - 30	equipment_load	3
2022-09-14 10:17:46.475 INFO  [http-nio-2600-exec-7] ru.itm.servdbupdate.serivce.TablesService Line:57  - 31	acts	2
2022-09-14 10:17:46.476 INFO  [http-nio-2600-exec-7] ru.itm.servdbupdate.serivce.TablesService Line:57  - 32	status_inh	9
2022-09-14 10:17:46.477 INFO  [http-nio-2600-exec-7] ru.itm.servdbupdate.serivce.TablesService Line:57  - 33	acts_to_roles	2
2022-09-14 10:17:46.478 INFO  [http-nio-2600-exec-7] ru.itm.servdbupdate.serivce.TablesService Line:57  - 34	lis_action_predicate_variable	5
2022-09-14 10:17:46.478 INFO  [http-nio-2600-exec-7] ru.itm.servdbupdate.serivce.TablesService Line:57  - 35	lis_action_predicate	5000
2022-09-14 10:17:46.481 INFO  [http-nio-2600-exec-7] ru.itm.servdbupdate.serivce.TablesService Line:57  - 36	lis_source_variable	18
2022-09-14 10:17:46.482 INFO  [http-nio-2600-exec-7] ru.itm.servdbupdate.serivce.TablesService Line:57  - 37	lis_group	9
2022-09-14 10:17:46.483 INFO  [http-nio-2600-exec-7] ru.itm.servdbupdate.serivce.TablesService Line:57  - 38	action_variable_source	44
2022-09-14 10:17:46.484 INFO  [http-nio-2600-exec-7] ru.itm.servdbupdate.serivce.TablesService Line:57  - 39	lis_action_variable	56
2022-09-14 10:17:46.485 INFO  [http-nio-2600-exec-7] ru.itm.servdbupdate.serivce.TablesService Line:57  - 40	lis_type	22
2022-09-14 10:17:46.485 INFO  [http-nio-2600-exec-7] ru.itm.servdbupdate.serivce.TablesService Line:57  - 41	lis_point	6
2022-09-14 10:17:46.486 INFO  [http-nio-2600-exec-7] ru.itm.servdbupdate.serivce.TablesService Line:57  - 42	roads	3
2022-09-14 10:17:46.487 INFO  [http-nio-2600-exec-7] ru.itm.servdbupdate.serivce.TablesService Line:57  - 43	speed_limits	3
2022-09-14 10:17:46.488 INFO  [http-nio-2600-exec-7] ru.itm.servdbupdate.serivce.TablesService Line:57  - 44	material	5
2022-09-14 10:17:46.489 INFO  [http-nio-2600-exec-7] ru.itm.servdbupdate.serivce.TablesService Line:57  - 45	material_conv	5
2022-09-14 10:17:46.489 INFO  [http-nio-2600-exec-7] ru.itm.servdbupdate.serivce.TablesService Line:57  - 46	lis_predicate_variable	112
2022-09-14 10:17:46.490 INFO  [http-nio-2600-exec-7] ru.itm.servdbupdate.serivce.TablesService Line:57  - 47	loc_inheritance	121
2022-09-14 10:17:46.492 INFO  [http-nio-2600-exec-7] ru.itm.servdbupdate.serivce.TablesService Line:57  - 48	material_type	5
2022-09-14 10:17:46.493 INFO  [http-nio-2600-exec-7] ru.itm.servdbupdate.serivce.TablesService Line:57  - 49	location	15
2022-09-14 10:17:46.493 INFO  [http-nio-2600-exec-7] ru.itm.servdbupdate.serivce.TablesService Line:57  - 50	roles	4
2022-09-14 10:17:46.494 INFO  [http-nio-2600-exec-7] ru.itm.servdbupdate.serivce.TablesService Line:57  - 51	sensor_data_types	5
2022-09-14 10:17:46.495 INFO  [http-nio-2600-exec-7] ru.itm.servdbupdate.serivce.TablesService Line:57  - 52	lis_predicate	247
2022-09-14 10:17:46.496 INFO  [http-nio-2600-exec-7] ru.itm.servdbupdate.serivce.TablesService Line:57  - 53	equipment	27
2022-09-14 10:17:46.497 INFO  [http-nio-2600-exec-7] ru.itm.servdbupdate.serivce.TablesService Line:57  - 54	lis_connection	257
2022-09-14 10:17:46.498 INFO  [http-nio-2600-exec-7] ru.itm.servdbupdate.serivce.TablesService Line:57  - 55	lis_action_source_variable	2
2022-09-14 10:17:46.498 INFO  [http-nio-2600-exec-7] ru.itm.servdbupdate.serivce.TablesService Line:57  - 56	action_group	486
2022-09-14 10:47:22.410 INFO  [SpringApplicationShutdownHook] org.springframework.orm.jpa.LocalContainerEntityManagerFactoryBean Line:651 - Closing JPA EntityManagerFactory for persistence unit 'default'
2022-09-14 10:47:22.416 INFO  [SpringApplicationShutdownHook] com.zaxxer.hikari.HikariDataSource Line:350 - HikariPool-1 - Shutdown initiated...
2022-09-14 10:47:22.885 INFO  [SpringApplicationShutdownHook] com.zaxxer.hikari.HikariDataSource Line:352 - HikariPool-1 - Shutdown completed.
2022-09-14 10:48:17.604 INFO  [main] ru.itm.servdbupdate.ServdbupdateApplication Line:55  - Starting ServdbupdateApplication using Java 17.0.2 on ubuntu with PID 34913 (/mnt/hgfs/YD/Java/Spring/servdbupdate/build/classes/java/main started by itm in /mnt/hgfs/YD/Java/Spring/servdbupdate)
2022-09-14 10:48:17.622 INFO  [main] ru.itm.servdbupdate.ServdbupdateApplication Line:640 - The following 1 profile is active: "mainProfile"
2022-09-14 10:48:21.677 INFO  [main] org.springframework.data.repository.config.RepositoryConfigurationDelegate Line:132 - Bootstrapping Spring Data JPA repositories in DEFAULT mode.
2022-09-14 10:48:23.204 INFO  [main] org.springframework.data.repository.config.RepositoryConfigurationDelegate Line:201 - Finished Spring Data repository scanning in 1482 ms. Found 60 JPA repository interfaces.
2022-09-14 10:48:25.431 INFO  [main] org.springframework.boot.web.embedded.tomcat.TomcatWebServer Line:108 - Tomcat initialized with port(s): 2600 (http)
2022-09-14 10:48:25.466 INFO  [main] org.apache.coyote.http11.Http11NioProtocol Line:173 - Initializing ProtocolHandler ["http-nio-2600"]
2022-09-14 10:48:25.470 INFO  [main] org.apache.catalina.core.StandardService Line:173 - Starting service [Tomcat]
2022-09-14 10:48:25.472 INFO  [main] org.apache.catalina.core.StandardEngine Line:173 - Starting Servlet engine: [Apache Tomcat/9.0.64]
2022-09-14 10:48:25.722 INFO  [main] org.apache.catalina.core.ContainerBase.[Tomcat].[localhost].[/] Line:173 - Initializing Spring embedded WebApplicationContext
2022-09-14 10:48:25.723 INFO  [main] org.springframework.boot.web.servlet.context.ServletWebServerApplicationContext Line:292 - Root WebApplicationContext: initialization completed in 7880 ms
2022-09-14 10:48:26.901 INFO  [main] com.zaxxer.hikari.HikariDataSource Line:110 - HikariPool-1 - Starting...
2022-09-14 10:48:27.858 INFO  [main] com.zaxxer.hikari.HikariDataSource Line:123 - HikariPool-1 - Start completed.
2022-09-14 10:48:28.408 INFO  [main] org.hibernate.jpa.internal.util.LogHelper Line:31  - HHH000204: Processing PersistenceUnitInfo [name: default]
2022-09-14 10:48:28.723 INFO  [main] org.hibernate.Version Line:44  - HHH000412: Hibernate ORM core version 5.6.9.Final
2022-09-14 10:48:29.527 INFO  [main] org.hibernate.annotations.common.Version Line:56  - HCANN000001: Hibernate Commons Annotations {5.1.2.Final}
2022-09-14 10:48:30.296 INFO  [main] org.hibernate.dialect.Dialect Line:175 - HHH000400: Using dialect: org.hibernate.dialect.PostgreSQL10Dialect
2022-09-14 10:48:34.034 INFO  [main] org.hibernate.engine.transaction.jta.platform.internal.JtaPlatformInitiator Line:52  - HHH000490: Using JtaPlatform implementation: [org.hibernate.engine.transaction.jta.platform.internal.NoJtaPlatform]
2022-09-14 10:48:34.082 INFO  [main] org.springframework.orm.jpa.LocalContainerEntityManagerFactoryBean Line:437 - Initialized JPA EntityManagerFactory for persistence unit 'default'
2022-09-14 10:48:41.634 INFO  [main] org.apache.coyote.http11.Http11NioProtocol Line:173 - Starting ProtocolHandler ["http-nio-2600"]
2022-09-14 10:48:41.673 INFO  [main] org.springframework.boot.web.embedded.tomcat.TomcatWebServer Line:220 - Tomcat started on port(s): 2600 (http) with context path ''
2022-09-14 10:48:41.914 INFO  [main] org.springframework.boot.web.embedded.tomcat.TomcatWebServer Line:108 - Tomcat initialized with port(s): 10015 (http)
2022-09-14 10:48:41.916 INFO  [main] org.apache.coyote.http11.Http11NioProtocol Line:173 - Initializing ProtocolHandler ["http-nio-10015"]
2022-09-14 10:48:41.918 INFO  [main] org.apache.catalina.core.StandardService Line:173 - Starting service [Tomcat]
2022-09-14 10:48:41.919 INFO  [main] org.apache.catalina.core.StandardEngine Line:173 - Starting Servlet engine: [Apache Tomcat/9.0.64]
2022-09-14 10:48:41.944 INFO  [main] org.apache.catalina.core.ContainerBase.[Tomcat-1].[localhost].[/] Line:173 - Initializing Spring embedded WebApplicationContext
2022-09-14 10:48:41.945 INFO  [main] org.springframework.boot.web.servlet.context.ServletWebServerApplicationContext Line:292 - Root WebApplicationContext: initialization completed in 254 ms
2022-09-14 10:48:41.966 INFO  [main] org.springframework.boot.actuate.endpoint.web.EndpointLinksResolver Line:58  - Exposing 14 endpoint(s) beneath base path '/actuator'
2022-09-14 10:48:42.051 INFO  [main] org.apache.coyote.http11.Http11NioProtocol Line:173 - Starting ProtocolHandler ["http-nio-10015"]
2022-09-14 10:48:42.059 INFO  [main] org.springframework.boot.web.embedded.tomcat.TomcatWebServer Line:220 - Tomcat started on port(s): 10015 (http) with context path ''
2022-09-14 10:48:42.086 INFO  [main] ru.itm.servdbupdate.ServdbupdateApplication Line:61  - Started ServdbupdateApplication in 26.61 seconds (JVM running for 28.542)
2022-09-14 10:48:42.120 INFO  [main] ru.itm.servdbupdate.controllers.InitController Line:98  - OS = 'linux'
2022-09-14 10:48:42.130 INFO  [main] ru.itm.servdbupdate.controllers.InitController Line:111 - Itm log path = './log/'
2022-09-14 10:48:42.134 INFO  [main] ru.itm.servdbupdate.ServdbupdateApplication Line:22  - Application is start.
2022-09-14 10:48:42.251 INFO  [RMI TCP Connection(6)-127.0.0.1] org.apache.catalina.core.ContainerBase.[Tomcat].[localhost].[/] Line:173 - Initializing Spring DispatcherServlet 'dispatcherServlet'
2022-09-14 10:48:42.252 INFO  [RMI TCP Connection(6)-127.0.0.1] org.springframework.web.servlet.DispatcherServlet Line:525 - Initializing Servlet 'dispatcherServlet'
2022-09-14 10:48:42.254 INFO  [RMI TCP Connection(6)-127.0.0.1] org.springframework.web.servlet.DispatcherServlet Line:547 - Completed initialization in 1 ms
2022-09-14 10:54:32.105 INFO  [http-nio-2600-exec-3] ru.itm.servdbupdate.controllers.DBUpdateController Line:78  - A request came in from the 192.168.100.21
2022-09-14 10:54:32.743 INFO  [http-nio-2600-exec-3] ru.itm.servdbupdate.serivce.TablesService Line:57  - 1	equipment_haul	4
2022-09-14 10:54:32.745 INFO  [http-nio-2600-exec-3] ru.itm.servdbupdate.serivce.TablesService Line:57  - 2	lis_check_function	13
2022-09-14 10:54:32.746 INFO  [http-nio-2600-exec-3] ru.itm.servdbupdate.serivce.TablesService Line:57  - 3	operator_on_equip	5
2022-09-14 10:54:32.748 INFO  [http-nio-2600-exec-3] ru.itm.servdbupdate.serivce.TablesService Line:57  - 4	operator_on_equip_type	5
2022-09-14 10:54:32.749 INFO  [http-nio-2600-exec-3] ru.itm.servdbupdate.serivce.TablesService Line:57  - 5	status_group	8
2022-09-14 10:54:32.750 INFO  [http-nio-2600-exec-3] ru.itm.servdbupdate.serivce.TablesService Line:57  - 6	status_cat	5
2022-09-14 10:54:32.751 INFO  [http-nio-2600-exec-3] ru.itm.servdbupdate.serivce.TablesService Line:57  - 7	lis_action	175
2022-09-14 10:54:32.753 INFO  [http-nio-2600-exec-3] ru.itm.servdbupdate.serivce.TablesService Line:57  - 8	status_group_rel	25
2022-09-14 10:54:32.753 INFO  [http-nio-2600-exec-3] ru.itm.servdbupdate.serivce.TablesService Line:57  - 9	tires	6
2022-09-14 10:54:32.754 INFO  [http-nio-2600-exec-3] ru.itm.servdbupdate.serivce.TablesService Line:57  - 10	holes	124
2022-09-14 10:54:32.755 INFO  [http-nio-2600-exec-3] ru.itm.servdbupdate.serivce.TablesService Line:57  - 11	tire_assign	6
2022-09-14 10:54:32.757 INFO  [http-nio-2600-exec-3] ru.itm.servdbupdate.serivce.TablesService Line:57  - 12	location_auto_status	4
2022-09-14 10:54:32.758 INFO  [http-nio-2600-exec-3] ru.itm.servdbupdate.serivce.TablesService Line:57  - 13	coord_loc	137
2022-09-14 10:54:32.759 INFO  [http-nio-2600-exec-3] ru.itm.servdbupdate.serivce.TablesService Line:57  - 14	status_cat_location_rel	5
2022-09-14 10:54:32.759 INFO  [http-nio-2600-exec-3] ru.itm.servdbupdate.serivce.TablesService Line:57  - 15	sensor_inclin_calibration	5
2022-09-14 10:54:32.760 INFO  [http-nio-2600-exec-3] ru.itm.servdbupdate.serivce.TablesService Line:57  - 16	hole_status	5
2022-09-14 10:54:32.761 INFO  [http-nio-2600-exec-3] ru.itm.servdbupdate.serivce.TablesService Line:57  - 17	shifts	5
2022-09-14 10:54:32.762 INFO  [http-nio-2600-exec-3] ru.itm.servdbupdate.serivce.TablesService Line:57  - 18	sensors	14
2022-09-14 10:54:32.763 INFO  [http-nio-2600-exec-3] ru.itm.servdbupdate.serivce.TablesService Line:57  - 19	dispatcher	7
2022-09-14 10:54:32.764 INFO  [http-nio-2600-exec-3] ru.itm.servdbupdate.serivce.TablesService Line:57  - 20	routes	5
2022-09-14 10:54:32.766 INFO  [http-nio-2600-exec-3] ru.itm.servdbupdate.serivce.TablesService Line:57  - 21	equipment_drill	3
2022-09-14 10:54:32.766 INFO  [http-nio-2600-exec-3] ru.itm.servdbupdate.serivce.TablesService Line:57  - 22	equip_type	11
2022-09-14 10:54:32.767 INFO  [http-nio-2600-exec-3] ru.itm.servdbupdate.serivce.TablesService Line:57  - 23	sensor_types	6
2022-09-14 10:54:32.768 INFO  [http-nio-2600-exec-3] ru.itm.servdbupdate.serivce.TablesService Line:57  - 24	tire_storage	6
2022-09-14 10:54:32.769 INFO  [http-nio-2600-exec-3] ru.itm.servdbupdate.serivce.TablesService Line:57  - 25	routes_roads	6
2022-09-14 10:54:32.770 INFO  [http-nio-2600-exec-3] ru.itm.servdbupdate.serivce.TablesService Line:57  - 26	values_data	45
2022-09-14 10:54:32.771 INFO  [http-nio-2600-exec-3] ru.itm.servdbupdate.serivce.TablesService Line:57  - 27	operators	5
2022-09-14 10:54:32.773 INFO  [http-nio-2600-exec-3] ru.itm.servdbupdate.serivce.TablesService Line:57  - 28	statuses	5
2022-09-14 10:54:32.774 INFO  [http-nio-2600-exec-3] ru.itm.servdbupdate.serivce.TablesService Line:57  - 29	location_type	5
2022-09-14 10:54:32.775 INFO  [http-nio-2600-exec-3] ru.itm.servdbupdate.serivce.TablesService Line:57  - 30	equipment_load	3
2022-09-14 10:54:32.776 INFO  [http-nio-2600-exec-3] ru.itm.servdbupdate.serivce.TablesService Line:57  - 31	acts	2
2022-09-14 10:54:32.777 INFO  [http-nio-2600-exec-3] ru.itm.servdbupdate.serivce.TablesService Line:57  - 32	status_inh	9
2022-09-14 10:54:32.778 INFO  [http-nio-2600-exec-3] ru.itm.servdbupdate.serivce.TablesService Line:57  - 33	acts_to_roles	2
2022-09-14 10:54:32.779 INFO  [http-nio-2600-exec-3] ru.itm.servdbupdate.serivce.TablesService Line:57  - 34	lis_action_predicate_variable	5
2022-09-14 10:54:32.779 INFO  [http-nio-2600-exec-3] ru.itm.servdbupdate.serivce.TablesService Line:57  - 35	lis_action_predicate	5000
2022-09-14 10:54:32.780 INFO  [http-nio-2600-exec-3] ru.itm.servdbupdate.serivce.TablesService Line:57  - 36	lis_source_variable	18
2022-09-14 10:54:32.781 INFO  [http-nio-2600-exec-3] ru.itm.servdbupdate.serivce.TablesService Line:57  - 37	lis_group	9
2022-09-14 10:54:32.782 INFO  [http-nio-2600-exec-3] ru.itm.servdbupdate.serivce.TablesService Line:57  - 38	action_variable_source	44
2022-09-14 10:54:32.783 INFO  [http-nio-2600-exec-3] ru.itm.servdbupdate.serivce.TablesService Line:57  - 39	lis_action_variable	56
2022-09-14 10:54:32.784 INFO  [http-nio-2600-exec-3] ru.itm.servdbupdate.serivce.TablesService Line:57  - 40	lis_type	22
2022-09-14 10:54:32.785 INFO  [http-nio-2600-exec-3] ru.itm.servdbupdate.serivce.TablesService Line:57  - 41	lis_point	6
2022-09-14 10:54:32.787 INFO  [http-nio-2600-exec-3] ru.itm.servdbupdate.serivce.TablesService Line:57  - 42	roads	3
2022-09-14 10:54:32.788 INFO  [http-nio-2600-exec-3] ru.itm.servdbupdate.serivce.TablesService Line:57  - 43	speed_limits	3
2022-09-14 10:54:32.790 INFO  [http-nio-2600-exec-3] ru.itm.servdbupdate.serivce.TablesService Line:57  - 44	material	5
2022-09-14 10:54:32.791 INFO  [http-nio-2600-exec-3] ru.itm.servdbupdate.serivce.TablesService Line:57  - 45	material_conv	5
2022-09-14 10:54:32.792 INFO  [http-nio-2600-exec-3] ru.itm.servdbupdate.serivce.TablesService Line:57  - 46	lis_predicate_variable	112
2022-09-14 10:54:32.794 INFO  [http-nio-2600-exec-3] ru.itm.servdbupdate.serivce.TablesService Line:57  - 47	loc_inheritance	121
2022-09-14 10:54:32.794 INFO  [http-nio-2600-exec-3] ru.itm.servdbupdate.serivce.TablesService Line:57  - 48	material_type	5
2022-09-14 10:54:32.795 INFO  [http-nio-2600-exec-3] ru.itm.servdbupdate.serivce.TablesService Line:57  - 49	location	15
2022-09-14 10:54:32.796 INFO  [http-nio-2600-exec-3] ru.itm.servdbupdate.serivce.TablesService Line:57  - 50	roles	4
2022-09-14 10:54:32.797 INFO  [http-nio-2600-exec-3] ru.itm.servdbupdate.serivce.TablesService Line:57  - 51	sensor_data_types	5
2022-09-14 10:54:32.798 INFO  [http-nio-2600-exec-3] ru.itm.servdbupdate.serivce.TablesService Line:57  - 52	lis_predicate	247
2022-09-14 10:54:32.798 INFO  [http-nio-2600-exec-3] ru.itm.servdbupdate.serivce.TablesService Line:57  - 53	equipment	27
2022-09-14 10:54:32.800 INFO  [http-nio-2600-exec-3] ru.itm.servdbupdate.serivce.TablesService Line:57  - 54	lis_connection	257
2022-09-14 10:54:32.800 INFO  [http-nio-2600-exec-3] ru.itm.servdbupdate.serivce.TablesService Line:57  - 55	lis_action_source_variable	2
2022-09-14 10:54:32.801 INFO  [http-nio-2600-exec-3] ru.itm.servdbupdate.serivce.TablesService Line:57  - 56	action_group	486
2022-09-14 11:04:54.109 INFO  [http-nio-2600-exec-8] ru.itm.servdbupdate.controllers.DBUpdateController Line:78  - A request came in from the 192.168.100.21
2022-09-14 11:04:54.245 INFO  [http-nio-2600-exec-8] ru.itm.servdbupdate.serivce.TablesService Line:57  - 1	equipment_haul	4
2022-09-14 11:04:54.247 INFO  [http-nio-2600-exec-8] ru.itm.servdbupdate.serivce.TablesService Line:57  - 2	lis_check_function	13
2022-09-14 11:04:54.249 INFO  [http-nio-2600-exec-8] ru.itm.servdbupdate.serivce.TablesService Line:57  - 3	operator_on_equip	5
2022-09-14 11:04:54.250 INFO  [http-nio-2600-exec-8] ru.itm.servdbupdate.serivce.TablesService Line:57  - 4	operator_on_equip_type	5
2022-09-14 11:04:54.251 INFO  [http-nio-2600-exec-8] ru.itm.servdbupdate.serivce.TablesService Line:57  - 5	status_group	8
2022-09-14 11:04:54.252 INFO  [http-nio-2600-exec-8] ru.itm.servdbupdate.serivce.TablesService Line:57  - 6	status_cat	5
2022-09-14 11:04:54.252 INFO  [http-nio-2600-exec-8] ru.itm.servdbupdate.serivce.TablesService Line:57  - 7	lis_action	175
2022-09-14 11:04:54.253 INFO  [http-nio-2600-exec-8] ru.itm.servdbupdate.serivce.TablesService Line:57  - 8	status_group_rel	25
2022-09-14 11:04:54.254 INFO  [http-nio-2600-exec-8] ru.itm.servdbupdate.serivce.TablesService Line:57  - 9	tires	6
2022-09-14 11:04:54.255 INFO  [http-nio-2600-exec-8] ru.itm.servdbupdate.serivce.TablesService Line:57  - 10	holes	124
2022-09-14 11:04:54.256 INFO  [http-nio-2600-exec-8] ru.itm.servdbupdate.serivce.TablesService Line:57  - 11	tire_assign	6
2022-09-14 11:04:54.257 INFO  [http-nio-2600-exec-8] ru.itm.servdbupdate.serivce.TablesService Line:57  - 12	location_auto_status	4
2022-09-14 11:04:54.258 INFO  [http-nio-2600-exec-8] ru.itm.servdbupdate.serivce.TablesService Line:57  - 13	coord_loc	137
2022-09-14 11:04:54.259 INFO  [http-nio-2600-exec-8] ru.itm.servdbupdate.serivce.TablesService Line:57  - 14	status_cat_location_rel	5
2022-09-14 11:04:54.260 INFO  [http-nio-2600-exec-8] ru.itm.servdbupdate.serivce.TablesService Line:57  - 15	sensor_inclin_calibration	5
2022-09-14 11:04:54.261 INFO  [http-nio-2600-exec-8] ru.itm.servdbupdate.serivce.TablesService Line:57  - 16	hole_status	5
2022-09-14 11:04:54.262 INFO  [http-nio-2600-exec-8] ru.itm.servdbupdate.serivce.TablesService Line:57  - 17	shifts	5
2022-09-14 11:04:54.263 INFO  [http-nio-2600-exec-8] ru.itm.servdbupdate.serivce.TablesService Line:57  - 18	sensors	14
2022-09-14 11:04:54.265 INFO  [http-nio-2600-exec-8] ru.itm.servdbupdate.serivce.TablesService Line:57  - 19	dispatcher	7
2022-09-14 11:04:54.266 INFO  [http-nio-2600-exec-8] ru.itm.servdbupdate.serivce.TablesService Line:57  - 20	routes	5
2022-09-14 11:04:54.266 INFO  [http-nio-2600-exec-8] ru.itm.servdbupdate.serivce.TablesService Line:57  - 21	equipment_drill	3
2022-09-14 11:04:54.267 INFO  [http-nio-2600-exec-8] ru.itm.servdbupdate.serivce.TablesService Line:57  - 22	equip_type	11
2022-09-14 11:04:54.268 INFO  [http-nio-2600-exec-8] ru.itm.servdbupdate.serivce.TablesService Line:57  - 23	sensor_types	6
2022-09-14 11:04:54.269 INFO  [http-nio-2600-exec-8] ru.itm.servdbupdate.serivce.TablesService Line:57  - 24	tire_storage	6
2022-09-14 11:04:54.270 INFO  [http-nio-2600-exec-8] ru.itm.servdbupdate.serivce.TablesService Line:57  - 25	routes_roads	6
2022-09-14 11:04:54.271 INFO  [http-nio-2600-exec-8] ru.itm.servdbupdate.serivce.TablesService Line:57  - 26	values_data	45
2022-09-14 11:04:54.272 INFO  [http-nio-2600-exec-8] ru.itm.servdbupdate.serivce.TablesService Line:57  - 27	operators	5
2022-09-14 11:04:54.273 INFO  [http-nio-2600-exec-8] ru.itm.servdbupdate.serivce.TablesService Line:57  - 28	statuses	5
2022-09-14 11:04:54.274 INFO  [http-nio-2600-exec-8] ru.itm.servdbupdate.serivce.TablesService Line:57  - 29	location_type	5
2022-09-14 11:04:54.274 INFO  [http-nio-2600-exec-8] ru.itm.servdbupdate.serivce.TablesService Line:57  - 30	equipment_load	3
2022-09-14 11:04:54.275 INFO  [http-nio-2600-exec-8] ru.itm.servdbupdate.serivce.TablesService Line:57  - 31	acts	2
2022-09-14 11:04:54.276 INFO  [http-nio-2600-exec-8] ru.itm.servdbupdate.serivce.TablesService Line:57  - 32	status_inh	9
2022-09-14 11:04:54.277 INFO  [http-nio-2600-exec-8] ru.itm.servdbupdate.serivce.TablesService Line:57  - 33	acts_to_roles	2
2022-09-14 11:04:54.278 INFO  [http-nio-2600-exec-8] ru.itm.servdbupdate.serivce.TablesService Line:57  - 34	lis_action_predicate_variable	5
2022-09-14 11:04:54.280 INFO  [http-nio-2600-exec-8] ru.itm.servdbupdate.serivce.TablesService Line:57  - 35	lis_action_predicate	5000
2022-09-14 11:04:54.281 INFO  [http-nio-2600-exec-8] ru.itm.servdbupdate.serivce.TablesService Line:57  - 36	lis_source_variable	18
2022-09-14 11:04:54.282 INFO  [http-nio-2600-exec-8] ru.itm.servdbupdate.serivce.TablesService Line:57  - 37	lis_group	9
2022-09-14 11:04:54.283 INFO  [http-nio-2600-exec-8] ru.itm.servdbupdate.serivce.TablesService Line:57  - 38	action_variable_source	44
2022-09-14 11:04:54.283 INFO  [http-nio-2600-exec-8] ru.itm.servdbupdate.serivce.TablesService Line:57  - 39	lis_action_variable	56
2022-09-14 11:04:54.284 INFO  [http-nio-2600-exec-8] ru.itm.servdbupdate.serivce.TablesService Line:57  - 40	lis_type	22
2022-09-14 11:04:54.285 INFO  [http-nio-2600-exec-8] ru.itm.servdbupdate.serivce.TablesService Line:57  - 41	lis_point	6
2022-09-14 11:04:54.286 INFO  [http-nio-2600-exec-8] ru.itm.servdbupdate.serivce.TablesService Line:57  - 42	roads	3
2022-09-14 11:04:54.287 INFO  [http-nio-2600-exec-8] ru.itm.servdbupdate.serivce.TablesService Line:57  - 43	speed_limits	3
2022-09-14 11:04:54.288 INFO  [http-nio-2600-exec-8] ru.itm.servdbupdate.serivce.TablesService Line:57  - 44	material	5
2022-09-14 11:04:54.289 INFO  [http-nio-2600-exec-8] ru.itm.servdbupdate.serivce.TablesService Line:57  - 45	material_conv	5
2022-09-14 11:04:54.290 INFO  [http-nio-2600-exec-8] ru.itm.servdbupdate.serivce.TablesService Line:57  - 46	lis_predicate_variable	112
2022-09-14 11:04:54.291 INFO  [http-nio-2600-exec-8] ru.itm.servdbupdate.serivce.TablesService Line:57  - 47	loc_inheritance	121
2022-09-14 11:04:54.291 INFO  [http-nio-2600-exec-8] ru.itm.servdbupdate.serivce.TablesService Line:57  - 48	material_type	5
2022-09-14 11:04:54.292 INFO  [http-nio-2600-exec-8] ru.itm.servdbupdate.serivce.TablesService Line:57  - 49	location	15
2022-09-14 11:04:54.293 INFO  [http-nio-2600-exec-8] ru.itm.servdbupdate.serivce.TablesService Line:57  - 50	roles	4
2022-09-14 11:04:54.294 INFO  [http-nio-2600-exec-8] ru.itm.servdbupdate.serivce.TablesService Line:57  - 51	sensor_data_types	5
2022-09-14 11:04:54.294 INFO  [http-nio-2600-exec-8] ru.itm.servdbupdate.serivce.TablesService Line:57  - 52	lis_predicate	247
2022-09-14 11:04:54.295 INFO  [http-nio-2600-exec-8] ru.itm.servdbupdate.serivce.TablesService Line:57  - 53	equipment	27
2022-09-14 11:04:54.296 INFO  [http-nio-2600-exec-8] ru.itm.servdbupdate.serivce.TablesService Line:57  - 54	lis_connection	257
2022-09-14 11:04:54.297 INFO  [http-nio-2600-exec-8] ru.itm.servdbupdate.serivce.TablesService Line:57  - 55	lis_action_source_variable	2
2022-09-14 11:04:54.298 INFO  [http-nio-2600-exec-8] ru.itm.servdbupdate.serivce.TablesService Line:57  - 56	action_group	486
2022-09-14 11:09:04.306 INFO  [SpringApplicationShutdownHook] org.springframework.orm.jpa.LocalContainerEntityManagerFactoryBean Line:651 - Closing JPA EntityManagerFactory for persistence unit 'default'
2022-09-14 11:09:04.319 INFO  [SpringApplicationShutdownHook] com.zaxxer.hikari.HikariDataSource Line:350 - HikariPool-1 - Shutdown initiated...
2022-09-14 11:09:05.020 INFO  [SpringApplicationShutdownHook] com.zaxxer.hikari.HikariDataSource Line:352 - HikariPool-1 - Shutdown completed.
2022-09-14 20:43:29.025 INFO  [main] ru.itm.servdbupdate.ServdbupdateApplication Line:55  - Starting ServdbupdateApplication using Java 17.0.2 on itmComp with PID 22146 (/home/itm/yd/Java/Spring/servdbupdate/build/classes/java/main started by itm in /home/itm/yd/Java/Spring/servdbupdate)
2022-09-14 20:43:29.029 INFO  [main] ru.itm.servdbupdate.ServdbupdateApplication Line:640 - The following 1 profile is active: "mainProfile"
2022-09-14 20:43:29.913 INFO  [main] org.springframework.data.repository.config.RepositoryConfigurationDelegate Line:132 - Bootstrapping Spring Data JPA repositories in DEFAULT mode.
2022-09-14 20:43:30.033 INFO  [main] org.springframework.data.repository.config.RepositoryConfigurationDelegate Line:201 - Finished Spring Data repository scanning in 110 ms. Found 60 JPA repository interfaces.
2022-09-14 20:43:30.655 INFO  [main] org.springframework.boot.web.embedded.tomcat.TomcatWebServer Line:108 - Tomcat initialized with port(s): 2600 (http)
2022-09-14 20:43:30.663 INFO  [main] org.apache.coyote.http11.Http11NioProtocol Line:173 - Initializing ProtocolHandler ["http-nio-2600"]
2022-09-14 20:43:30.663 INFO  [main] org.apache.catalina.core.StandardService Line:173 - Starting service [Tomcat]
2022-09-14 20:43:30.664 INFO  [main] org.apache.catalina.core.StandardEngine Line:173 - Starting Servlet engine: [Apache Tomcat/9.0.64]
2022-09-14 20:43:30.751 INFO  [main] org.apache.catalina.core.ContainerBase.[Tomcat].[localhost].[/] Line:173 - Initializing Spring embedded WebApplicationContext
2022-09-14 20:43:30.751 INFO  [main] org.springframework.boot.web.servlet.context.ServletWebServerApplicationContext Line:292 - Root WebApplicationContext: initialization completed in 1681 ms
2022-09-14 20:43:31.043 INFO  [main] com.zaxxer.hikari.HikariDataSource Line:110 - HikariPool-1 - Starting...
2022-09-14 20:43:34.327 INFO  [main] com.zaxxer.hikari.HikariDataSource Line:123 - HikariPool-1 - Start completed.
2022-09-14 20:43:34.385 INFO  [main] org.hibernate.jpa.internal.util.LogHelper Line:31  - HHH000204: Processing PersistenceUnitInfo [name: default]
2022-09-14 20:43:34.445 INFO  [main] org.hibernate.Version Line:44  - HHH000412: Hibernate ORM core version 5.6.9.Final
2022-09-14 20:43:34.619 INFO  [main] org.hibernate.annotations.common.Version Line:56  - HCANN000001: Hibernate Commons Annotations {5.1.2.Final}
2022-09-14 20:43:34.739 INFO  [main] org.hibernate.dialect.Dialect Line:175 - HHH000400: Using dialect: org.hibernate.dialect.PostgreSQL10Dialect
2022-09-14 20:43:36.034 INFO  [main] org.hibernate.engine.transaction.jta.platform.internal.JtaPlatformInitiator Line:52  - HHH000490: Using JtaPlatform implementation: [org.hibernate.engine.transaction.jta.platform.internal.NoJtaPlatform]
2022-09-14 20:43:36.041 INFO  [main] org.springframework.orm.jpa.LocalContainerEntityManagerFactoryBean Line:437 - Initialized JPA EntityManagerFactory for persistence unit 'default'
2022-09-14 20:43:37.812 INFO  [main] org.apache.coyote.http11.Http11NioProtocol Line:173 - Starting ProtocolHandler ["http-nio-2600"]
2022-09-14 20:43:37.823 INFO  [main] org.springframework.boot.web.embedded.tomcat.TomcatWebServer Line:220 - Tomcat started on port(s): 2600 (http) with context path ''
2022-09-14 20:43:37.874 INFO  [main] org.springframework.boot.web.embedded.tomcat.TomcatWebServer Line:108 - Tomcat initialized with port(s): 10015 (http)
2022-09-14 20:43:37.875 INFO  [main] org.apache.coyote.http11.Http11NioProtocol Line:173 - Initializing ProtocolHandler ["http-nio-10015"]
2022-09-14 20:43:37.875 INFO  [main] org.apache.catalina.core.StandardService Line:173 - Starting service [Tomcat]
2022-09-14 20:43:37.876 INFO  [main] org.apache.catalina.core.StandardEngine Line:173 - Starting Servlet engine: [Apache Tomcat/9.0.64]
2022-09-14 20:43:37.886 INFO  [main] org.apache.catalina.core.ContainerBase.[Tomcat-1].[localhost].[/] Line:173 - Initializing Spring embedded WebApplicationContext
2022-09-14 20:43:37.886 INFO  [main] org.springframework.boot.web.servlet.context.ServletWebServerApplicationContext Line:292 - Root WebApplicationContext: initialization completed in 60 ms
2022-09-14 20:43:37.895 INFO  [main] org.springframework.boot.actuate.endpoint.web.EndpointLinksResolver Line:58  - Exposing 14 endpoint(s) beneath base path '/actuator'
2022-09-14 20:43:37.922 INFO  [main] org.apache.coyote.http11.Http11NioProtocol Line:173 - Starting ProtocolHandler ["http-nio-10015"]
2022-09-14 20:43:37.932 INFO  [main] org.springframework.boot.web.embedded.tomcat.TomcatWebServer Line:220 - Tomcat started on port(s): 10015 (http) with context path ''
2022-09-14 20:43:37.948 INFO  [main] ru.itm.servdbupdate.ServdbupdateApplication Line:61  - Started ServdbupdateApplication in 9.383 seconds (JVM running for 9.973)
2022-09-14 20:43:37.957 INFO  [main] ru.itm.servdbupdate.controllers.InitController Line:98  - OS = 'linux'
2022-09-14 20:43:37.958 INFO  [main] ru.itm.servdbupdate.controllers.InitController Line:111 - Itm log path = './log/'
2022-09-14 20:43:37.959 INFO  [main] ru.itm.servdbupdate.ServdbupdateApplication Line:22  - Application is start.
2022-09-14 20:43:38.377 INFO  [RMI TCP Connection(3)-127.0.0.1] org.apache.catalina.core.ContainerBase.[Tomcat].[localhost].[/] Line:173 - Initializing Spring DispatcherServlet 'dispatcherServlet'
2022-09-14 20:43:38.377 INFO  [RMI TCP Connection(3)-127.0.0.1] org.springframework.web.servlet.DispatcherServlet Line:525 - Initializing Servlet 'dispatcherServlet'
2022-09-14 20:43:38.379 INFO  [RMI TCP Connection(3)-127.0.0.1] org.springframework.web.servlet.DispatcherServlet Line:547 - Completed initialization in 2 ms
2022-09-14 22:28:43.908 INFO  [SpringApplicationShutdownHook] org.springframework.orm.jpa.LocalContainerEntityManagerFactoryBean Line:651 - Closing JPA EntityManagerFactory for persistence unit 'default'
2022-09-14 22:28:43.910 INFO  [SpringApplicationShutdownHook] com.zaxxer.hikari.HikariDataSource Line:350 - HikariPool-1 - Shutdown initiated...
2022-09-14 22:28:45.745 INFO  [SpringApplicationShutdownHook] com.zaxxer.hikari.HikariDataSource Line:352 - HikariPool-1 - Shutdown completed.
