===2022-09-09 00:05:44.691 INFO  [main] ru.itm.servdbupdate.ServdbupdateApplication Line:55  - Starting ServdbupdateApplication using Java 17.0.2 on itmComp with PID 29619 (/home/itm/yd/Java/Spring/servdbupdate/build/classes/java/main started by itm in /home/itm/yd/Java/Spring/servdbupdate)
===2022-09-09 00:05:44.694 INFO  [main] ru.itm.servdbupdate.ServdbupdateApplication Line:640 - The following 1 profile is active: "mainProfile"
===2022-09-09 00:05:45.367 INFO  [main] org.springframework.data.repository.config.RepositoryConfigurationDelegate Line:132 - Bootstrapping Spring Data JPA repositories in DEFAULT mode.
===2022-09-09 00:05:45.480 INFO  [main] org.springframework.data.repository.config.RepositoryConfigurationDelegate Line:201 - Finished Spring Data repository scanning in 106 ms. Found 59 JPA repository interfaces.
===2022-09-09 00:05:45.981 INFO  [main] org.springframework.boot.web.embedded.tomcat.TomcatWebServer Line:108 - Tomcat initialized with port(s): 2600 (http)
===2022-09-09 00:05:45.987 INFO  [main] org.apache.coyote.http11.Http11NioProtocol Line:173 - Initializing ProtocolHandler ["http-nio-2600"]
===2022-09-09 00:05:45.988 INFO  [main] org.apache.catalina.core.StandardService Line:173 - Starting service [Tomcat]
===2022-09-09 00:05:45.988 INFO  [main] org.apache.catalina.core.StandardEngine Line:173 - Starting Servlet engine: [Apache Tomcat/9.0.64]
===2022-09-09 00:05:46.053 INFO  [main] org.apache.catalina.core.ContainerBase.[Tomcat].[localhost].[/] Line:173 - Initializing Spring embedded WebApplicationContext
===2022-09-09 00:05:46.053 INFO  [main] org.springframework.boot.web.servlet.context.ServletWebServerApplicationContext Line:292 - Root WebApplicationContext: initialization completed in 1324 ms
===2022-09-09 00:05:46.300 INFO  [main] com.zaxxer.hikari.HikariDataSource Line:110 - HikariPool-1 - Starting...
===2022-09-09 00:05:50.144 INFO  [main] com.zaxxer.hikari.HikariDataSource Line:123 - HikariPool-1 - Start completed.
===2022-09-09 00:05:50.186 INFO  [main] org.hibernate.jpa.internal.util.LogHelper Line:31  - HHH000204: Processing PersistenceUnitInfo [name: default]
===2022-09-09 00:05:50.217 INFO  [main] org.hibernate.Version Line:44  - HHH000412: Hibernate ORM core version 5.6.9.Final
===2022-09-09 00:05:50.325 INFO  [main] org.hibernate.annotations.common.Version Line:56  - HCANN000001: Hibernate Commons Annotations {5.1.2.Final}
===2022-09-09 00:05:50.413 INFO  [main] org.hibernate.dialect.Dialect Line:175 - HHH000400: Using dialect: org.hibernate.dialect.PostgreSQL10Dialect
===2022-09-09 00:05:51.540 INFO  [main] org.hibernate.engine.transaction.jta.platform.internal.JtaPlatformInitiator Line:52  - HHH000490: Using JtaPlatform implementation: [org.hibernate.engine.transaction.jta.platform.internal.NoJtaPlatform]
===2022-09-09 00:05:51.546 INFO  [main] org.springframework.orm.jpa.LocalContainerEntityManagerFactoryBean Line:437 - Initialized JPA EntityManagerFactory for persistence unit 'default'
===2022-09-09 00:05:53.228 INFO  [main] org.apache.coyote.http11.Http11NioProtocol Line:173 - Starting ProtocolHandler ["http-nio-2600"]
===2022-09-09 00:05:53.239 INFO  [main] org.springframework.boot.web.embedded.tomcat.TomcatWebServer Line:220 - Tomcat started on port(s): 2600 (http) with context path ''
===2022-09-09 00:05:53.284 INFO  [main] org.springframework.boot.web.embedded.tomcat.TomcatWebServer Line:108 - Tomcat initialized with port(s): 10015 (http)
===2022-09-09 00:05:53.285 INFO  [main] org.apache.coyote.http11.Http11NioProtocol Line:173 - Initializing ProtocolHandler ["http-nio-10015"]
===2022-09-09 00:05:53.285 INFO  [main] org.apache.catalina.core.StandardService Line:173 - Starting service [Tomcat]
===2022-09-09 00:05:53.285 INFO  [main] org.apache.catalina.core.StandardEngine Line:173 - Starting Servlet engine: [Apache Tomcat/9.0.64]
===2022-09-09 00:05:53.295 INFO  [main] org.apache.catalina.core.ContainerBase.[Tomcat-1].[localhost].[/] Line:173 - Initializing Spring embedded WebApplicationContext
===2022-09-09 00:05:53.295 INFO  [main] org.springframework.boot.web.servlet.context.ServletWebServerApplicationContext Line:292 - Root WebApplicationContext: initialization completed in 53 ms
===2022-09-09 00:05:53.304 INFO  [main] org.springframework.boot.actuate.endpoint.web.EndpointLinksResolver Line:58  - Exposing 15 endpoint(s) beneath base path '/actuator'
===2022-09-09 00:05:53.331 INFO  [main] org.apache.coyote.http11.Http11NioProtocol Line:173 - Starting ProtocolHandler ["http-nio-10015"]
===2022-09-09 00:05:53.333 INFO  [main] org.springframework.boot.web.embedded.tomcat.TomcatWebServer Line:220 - Tomcat started on port(s): 10015 (http) with context path ''
===2022-09-09 00:05:53.348 INFO  [main] ru.itm.servdbupdate.ServdbupdateApplication Line:61  - Started ServdbupdateApplication in 8.99 seconds (JVM running for 9.426)
===2022-09-09 00:05:53.357 INFO  [main] ru.itm.servdbupdate.controllers.InitController Line:98  - OS = 'linux'
===2022-09-09 00:05:53.357 INFO  [main] ru.itm.servdbupdate.controllers.InitController Line:111 - Itm log path = './log/'
===2022-09-09 00:05:53.358 INFO  [main] ru.itm.servdbupdate.ServdbupdateApplication Line:22  - Application is start.
===2022-09-09 00:05:53.538 INFO  [RMI TCP Connection(2)-127.0.0.1] org.apache.catalina.core.ContainerBase.[Tomcat].[localhost].[/] Line:173 - Initializing Spring DispatcherServlet 'dispatcherServlet'
===2022-09-09 00:05:53.538 INFO  [RMI TCP Connection(2)-127.0.0.1] org.springframework.web.servlet.DispatcherServlet Line:525 - Initializing Servlet 'dispatcherServlet'
===2022-09-09 00:05:53.540 INFO  [RMI TCP Connection(2)-127.0.0.1] org.springframework.web.servlet.DispatcherServlet Line:547 - Completed initialization in 2 ms
===2022-09-09 00:06:50.996 INFO  [http-nio-2600-exec-1] ru.itm.servdbupdate.controllers.DBUpdateController Line:78  - A request came in from the 192.168.1.16
===2022-09-09 00:06:51.723 INFO  [http-nio-2600-exec-1] ru.itm.servdbupdate.serivce.TablesService Line:57  - 1	equipment_haul	4
===2022-09-09 00:06:51.723 INFO  [http-nio-2600-exec-1] ru.itm.servdbupdate.serivce.TablesService Line:57  - 2	lis_check_function	13
===2022-09-09 00:06:51.725 INFO  [http-nio-2600-exec-1] ru.itm.servdbupdate.serivce.TablesService Line:57  - 3	operator_on_equip	5
===2022-09-09 00:06:51.725 INFO  [http-nio-2600-exec-1] ru.itm.servdbupdate.serivce.TablesService Line:57  - 4	operator_on_equip_type	5
===2022-09-09 00:06:51.725 INFO  [http-nio-2600-exec-1] ru.itm.servdbupdate.serivce.TablesService Line:57  - 5	status_group	8
===2022-09-09 00:06:51.725 INFO  [http-nio-2600-exec-1] ru.itm.servdbupdate.serivce.TablesService Line:57  - 6	status_cat	5
===2022-09-09 00:06:51.726 INFO  [http-nio-2600-exec-1] ru.itm.servdbupdate.serivce.TablesService Line:57  - 7	lis_action	175
===2022-09-09 00:06:51.726 INFO  [http-nio-2600-exec-1] ru.itm.servdbupdate.serivce.TablesService Line:57  - 8	status_group_rel	25
===2022-09-09 00:06:51.726 INFO  [http-nio-2600-exec-1] ru.itm.servdbupdate.serivce.TablesService Line:57  - 9	tires	6
===2022-09-09 00:06:51.726 INFO  [http-nio-2600-exec-1] ru.itm.servdbupdate.serivce.TablesService Line:57  - 10	holes	124
===2022-09-09 00:06:51.727 INFO  [http-nio-2600-exec-1] ru.itm.servdbupdate.serivce.TablesService Line:57  - 11	tire_assign	6
===2022-09-09 00:06:51.727 INFO  [http-nio-2600-exec-1] ru.itm.servdbupdate.serivce.TablesService Line:57  - 12	location_auto_status	4
===2022-09-09 00:06:51.727 INFO  [http-nio-2600-exec-1] ru.itm.servdbupdate.serivce.TablesService Line:57  - 13	coord_loc	137
===2022-09-09 00:06:51.728 INFO  [http-nio-2600-exec-1] ru.itm.servdbupdate.serivce.TablesService Line:57  - 14	status_cat_location_rel	5
===2022-09-09 00:06:51.728 INFO  [http-nio-2600-exec-1] ru.itm.servdbupdate.serivce.TablesService Line:57  - 15	sensor_inclin_calibration	5
===2022-09-09 00:06:51.728 INFO  [http-nio-2600-exec-1] ru.itm.servdbupdate.serivce.TablesService Line:57  - 16	hole_status	5
===2022-09-09 00:06:51.728 INFO  [http-nio-2600-exec-1] ru.itm.servdbupdate.serivce.TablesService Line:57  - 17	shifts	5
===2022-09-09 00:06:51.729 INFO  [http-nio-2600-exec-1] ru.itm.servdbupdate.serivce.TablesService Line:57  - 18	sensors	14
===2022-09-09 00:06:51.729 INFO  [http-nio-2600-exec-1] ru.itm.servdbupdate.serivce.TablesService Line:57  - 19	dispatcher	7
===2022-09-09 00:06:51.729 INFO  [http-nio-2600-exec-1] ru.itm.servdbupdate.serivce.TablesService Line:57  - 20	routes	5
===2022-09-09 00:06:51.729 INFO  [http-nio-2600-exec-1] ru.itm.servdbupdate.serivce.TablesService Line:57  - 21	equipment_drill	3
===2022-09-09 00:06:51.730 INFO  [http-nio-2600-exec-1] ru.itm.servdbupdate.serivce.TablesService Line:57  - 22	equip_type	11
===2022-09-09 00:06:51.730 INFO  [http-nio-2600-exec-1] ru.itm.servdbupdate.serivce.TablesService Line:57  - 23	sensor_types	6
===2022-09-09 00:06:51.730 INFO  [http-nio-2600-exec-1] ru.itm.servdbupdate.serivce.TablesService Line:57  - 24	tire_storage	6
===2022-09-09 00:06:51.730 INFO  [http-nio-2600-exec-1] ru.itm.servdbupdate.serivce.TablesService Line:57  - 25	routes_roads	6
===2022-09-09 00:06:51.731 INFO  [http-nio-2600-exec-1] ru.itm.servdbupdate.serivce.TablesService Line:57  - 26	values_data	45
===2022-09-09 00:06:51.731 INFO  [http-nio-2600-exec-1] ru.itm.servdbupdate.serivce.TablesService Line:57  - 27	operators	5
===2022-09-09 00:06:51.731 INFO  [http-nio-2600-exec-1] ru.itm.servdbupdate.serivce.TablesService Line:57  - 28	statuses	5
===2022-09-09 00:06:51.731 INFO  [http-nio-2600-exec-1] ru.itm.servdbupdate.serivce.TablesService Line:57  - 29	location_type	5
===2022-09-09 00:06:51.732 INFO  [http-nio-2600-exec-1] ru.itm.servdbupdate.serivce.TablesService Line:57  - 30	equipment_load	3
===2022-09-09 00:06:51.732 INFO  [http-nio-2600-exec-1] ru.itm.servdbupdate.serivce.TablesService Line:57  - 31	acts	2
===2022-09-09 00:06:51.732 INFO  [http-nio-2600-exec-1] ru.itm.servdbupdate.serivce.TablesService Line:57  - 32	status_inh	9
===2022-09-09 00:06:51.732 INFO  [http-nio-2600-exec-1] ru.itm.servdbupdate.serivce.TablesService Line:57  - 33	acts_to_roles	2
===2022-09-09 00:06:51.732 INFO  [http-nio-2600-exec-1] ru.itm.servdbupdate.serivce.TablesService Line:57  - 34	lis_action_predicate_variable	5
===2022-09-09 00:06:51.733 INFO  [http-nio-2600-exec-1] ru.itm.servdbupdate.serivce.TablesService Line:57  - 35	lis_action_predicate	5000
===2022-09-09 00:06:51.733 INFO  [http-nio-2600-exec-1] ru.itm.servdbupdate.serivce.TablesService Line:57  - 36	lis_source_variable	18
===2022-09-09 00:06:51.733 INFO  [http-nio-2600-exec-1] ru.itm.servdbupdate.serivce.TablesService Line:57  - 37	lis_group	9
===2022-09-09 00:06:51.733 INFO  [http-nio-2600-exec-1] ru.itm.servdbupdate.serivce.TablesService Line:57  - 38	action_variable_source	44
===2022-09-09 00:06:51.733 INFO  [http-nio-2600-exec-1] ru.itm.servdbupdate.serivce.TablesService Line:57  - 39	lis_action_variable	56
===2022-09-09 00:06:51.734 INFO  [http-nio-2600-exec-1] ru.itm.servdbupdate.serivce.TablesService Line:57  - 40	lis_type	22
===2022-09-09 00:06:51.734 INFO  [http-nio-2600-exec-1] ru.itm.servdbupdate.serivce.TablesService Line:57  - 41	lis_point	6
===2022-09-09 00:06:51.734 INFO  [http-nio-2600-exec-1] ru.itm.servdbupdate.serivce.TablesService Line:57  - 42	roads	3
===2022-09-09 00:06:51.734 INFO  [http-nio-2600-exec-1] ru.itm.servdbupdate.serivce.TablesService Line:57  - 43	speed_limits	3
===2022-09-09 00:06:51.734 INFO  [http-nio-2600-exec-1] ru.itm.servdbupdate.serivce.TablesService Line:57  - 44	material	5
===2022-09-09 00:06:51.734 INFO  [http-nio-2600-exec-1] ru.itm.servdbupdate.serivce.TablesService Line:57  - 45	material_conv	5
===2022-09-09 00:06:51.734 INFO  [http-nio-2600-exec-1] ru.itm.servdbupdate.serivce.TablesService Line:57  - 46	lis_predicate_variable	112
===2022-09-09 00:06:51.734 INFO  [http-nio-2600-exec-1] ru.itm.servdbupdate.serivce.TablesService Line:57  - 47	loc_inheritance	121
===2022-09-09 00:06:51.735 INFO  [http-nio-2600-exec-1] ru.itm.servdbupdate.serivce.TablesService Line:57  - 48	material_type	5
===2022-09-09 00:06:51.735 INFO  [http-nio-2600-exec-1] ru.itm.servdbupdate.serivce.TablesService Line:57  - 49	location	15
===2022-09-09 00:06:51.735 INFO  [http-nio-2600-exec-1] ru.itm.servdbupdate.serivce.TablesService Line:57  - 50	roles	4
===2022-09-09 00:06:51.735 INFO  [http-nio-2600-exec-1] ru.itm.servdbupdate.serivce.TablesService Line:57  - 51	sensor_data_types	5
===2022-09-09 00:06:51.735 INFO  [http-nio-2600-exec-1] ru.itm.servdbupdate.serivce.TablesService Line:57  - 52	lis_predicate	247
===2022-09-09 00:06:51.735 INFO  [http-nio-2600-exec-1] ru.itm.servdbupdate.serivce.TablesService Line:57  - 53	equipment	27
===2022-09-09 00:06:51.735 INFO  [http-nio-2600-exec-1] ru.itm.servdbupdate.serivce.TablesService Line:57  - 54	lis_connection	257
===2022-09-09 00:06:51.735 INFO  [http-nio-2600-exec-1] ru.itm.servdbupdate.serivce.TablesService Line:57  - 55	lis_action_source_variable	2
===2022-09-09 00:06:51.736 INFO  [http-nio-2600-exec-1] ru.itm.servdbupdate.serivce.TablesService Line:57  - 56	action_group	486
===2022-09-09 00:06:51.754 INFO  [http-nio-2600-exec-1] ru.itm.servdbupdate.controllers.DBUpdateController Line:128 - dispatcher searching for a repository
===2022-09-09 00:06:52.033 INFO  [http-nio-2600-exec-1] ru.itm.servdbupdate.controllers.DBUpdateController Line:135 - dispatcher is serialized and sent to the on-board computer.
===2022-09-09 00:08:09.898 INFO  [http-nio-2600-exec-3] ru.itm.servdbupdate.controllers.DBUpdateController Line:78  - A request came in from the 192.168.1.16
===2022-09-09 00:08:10.612 INFO  [http-nio-2600-exec-3] ru.itm.servdbupdate.serivce.TablesService Line:57  - 1	equipment_haul	4
===2022-09-09 00:08:10.612 INFO  [http-nio-2600-exec-3] ru.itm.servdbupdate.serivce.TablesService Line:57  - 2	lis_check_function	13
===2022-09-09 00:08:10.613 INFO  [http-nio-2600-exec-3] ru.itm.servdbupdate.serivce.TablesService Line:57  - 3	operator_on_equip	5
===2022-09-09 00:08:10.613 INFO  [http-nio-2600-exec-3] ru.itm.servdbupdate.serivce.TablesService Line:57  - 4	operator_on_equip_type	5
===2022-09-09 00:08:10.614 INFO  [http-nio-2600-exec-3] ru.itm.servdbupdate.serivce.TablesService Line:57  - 5	status_group	8
===2022-09-09 00:08:10.614 INFO  [http-nio-2600-exec-3] ru.itm.servdbupdate.serivce.TablesService Line:57  - 6	status_cat	5
===2022-09-09 00:08:10.614 INFO  [http-nio-2600-exec-3] ru.itm.servdbupdate.serivce.TablesService Line:57  - 7	lis_action	175
===2022-09-09 00:08:10.615 INFO  [http-nio-2600-exec-3] ru.itm.servdbupdate.serivce.TablesService Line:57  - 8	status_group_rel	25
===2022-09-09 00:08:10.615 INFO  [http-nio-2600-exec-3] ru.itm.servdbupdate.serivce.TablesService Line:57  - 9	tires	6
===2022-09-09 00:08:10.615 INFO  [http-nio-2600-exec-3] ru.itm.servdbupdate.serivce.TablesService Line:57  - 10	holes	124
===2022-09-09 00:08:10.615 INFO  [http-nio-2600-exec-3] ru.itm.servdbupdate.serivce.TablesService Line:57  - 11	tire_assign	6
===2022-09-09 00:08:10.616 INFO  [http-nio-2600-exec-3] ru.itm.servdbupdate.serivce.TablesService Line:57  - 12	location_auto_status	4
===2022-09-09 00:08:10.616 INFO  [http-nio-2600-exec-3] ru.itm.servdbupdate.serivce.TablesService Line:57  - 13	coord_loc	137
===2022-09-09 00:08:10.616 INFO  [http-nio-2600-exec-3] ru.itm.servdbupdate.serivce.TablesService Line:57  - 14	status_cat_location_rel	5
===2022-09-09 00:08:10.616 INFO  [http-nio-2600-exec-3] ru.itm.servdbupdate.serivce.TablesService Line:57  - 15	sensor_inclin_calibration	5
===2022-09-09 00:08:10.617 INFO  [http-nio-2600-exec-3] ru.itm.servdbupdate.serivce.TablesService Line:57  - 16	hole_status	5
===2022-09-09 00:08:10.617 INFO  [http-nio-2600-exec-3] ru.itm.servdbupdate.serivce.TablesService Line:57  - 17	shifts	5
===2022-09-09 00:08:10.617 INFO  [http-nio-2600-exec-3] ru.itm.servdbupdate.serivce.TablesService Line:57  - 18	sensors	14
===2022-09-09 00:08:10.618 INFO  [http-nio-2600-exec-3] ru.itm.servdbupdate.serivce.TablesService Line:57  - 19	dispatcher	7
===2022-09-09 00:08:10.618 INFO  [http-nio-2600-exec-3] ru.itm.servdbupdate.serivce.TablesService Line:57  - 20	routes	5
===2022-09-09 00:08:10.618 INFO  [http-nio-2600-exec-3] ru.itm.servdbupdate.serivce.TablesService Line:57  - 21	equipment_drill	3
===2022-09-09 00:08:10.618 INFO  [http-nio-2600-exec-3] ru.itm.servdbupdate.serivce.TablesService Line:57  - 22	equip_type	11
===2022-09-09 00:08:10.618 INFO  [http-nio-2600-exec-3] ru.itm.servdbupdate.serivce.TablesService Line:57  - 23	sensor_types	6
===2022-09-09 00:08:10.619 INFO  [http-nio-2600-exec-3] ru.itm.servdbupdate.serivce.TablesService Line:57  - 24	tire_storage	6
===2022-09-09 00:08:10.619 INFO  [http-nio-2600-exec-3] ru.itm.servdbupdate.serivce.TablesService Line:57  - 25	routes_roads	6
===2022-09-09 00:08:10.619 INFO  [http-nio-2600-exec-3] ru.itm.servdbupdate.serivce.TablesService Line:57  - 26	values_data	45
===2022-09-09 00:08:10.619 INFO  [http-nio-2600-exec-3] ru.itm.servdbupdate.serivce.TablesService Line:57  - 27	operators	5
===2022-09-09 00:08:10.620 INFO  [http-nio-2600-exec-3] ru.itm.servdbupdate.serivce.TablesService Line:57  - 28	statuses	5
===2022-09-09 00:08:10.620 INFO  [http-nio-2600-exec-3] ru.itm.servdbupdate.serivce.TablesService Line:57  - 29	location_type	5
===2022-09-09 00:08:10.620 INFO  [http-nio-2600-exec-3] ru.itm.servdbupdate.serivce.TablesService Line:57  - 30	equipment_load	3
===2022-09-09 00:08:10.621 INFO  [http-nio-2600-exec-3] ru.itm.servdbupdate.serivce.TablesService Line:57  - 31	acts	2
===2022-09-09 00:08:10.621 INFO  [http-nio-2600-exec-3] ru.itm.servdbupdate.serivce.TablesService Line:57  - 32	status_inh	9
===2022-09-09 00:08:10.621 INFO  [http-nio-2600-exec-3] ru.itm.servdbupdate.serivce.TablesService Line:57  - 33	acts_to_roles	2
===2022-09-09 00:08:10.621 INFO  [http-nio-2600-exec-3] ru.itm.servdbupdate.serivce.TablesService Line:57  - 34	lis_action_predicate_variable	5
===2022-09-09 00:08:10.622 INFO  [http-nio-2600-exec-3] ru.itm.servdbupdate.serivce.TablesService Line:57  - 35	lis_action_predicate	5000
===2022-09-09 00:08:10.622 INFO  [http-nio-2600-exec-3] ru.itm.servdbupdate.serivce.TablesService Line:57  - 36	lis_source_variable	18
===2022-09-09 00:08:10.622 INFO  [http-nio-2600-exec-3] ru.itm.servdbupdate.serivce.TablesService Line:57  - 37	lis_group	9
===2022-09-09 00:08:10.622 INFO  [http-nio-2600-exec-3] ru.itm.servdbupdate.serivce.TablesService Line:57  - 38	action_variable_source	44
===2022-09-09 00:08:10.622 INFO  [http-nio-2600-exec-3] ru.itm.servdbupdate.serivce.TablesService Line:57  - 39	lis_action_variable	56
===2022-09-09 00:08:10.622 INFO  [http-nio-2600-exec-3] ru.itm.servdbupdate.serivce.TablesService Line:57  - 40	lis_type	22
===2022-09-09 00:08:10.622 INFO  [http-nio-2600-exec-3] ru.itm.servdbupdate.serivce.TablesService Line:57  - 41	lis_point	6
===2022-09-09 00:08:10.623 INFO  [http-nio-2600-exec-3] ru.itm.servdbupdate.serivce.TablesService Line:57  - 42	roads	3
===2022-09-09 00:08:10.623 INFO  [http-nio-2600-exec-3] ru.itm.servdbupdate.serivce.TablesService Line:57  - 43	speed_limits	3
===2022-09-09 00:08:10.623 INFO  [http-nio-2600-exec-3] ru.itm.servdbupdate.serivce.TablesService Line:57  - 44	material	5
===2022-09-09 00:08:10.623 INFO  [http-nio-2600-exec-3] ru.itm.servdbupdate.serivce.TablesService Line:57  - 45	material_conv	5
===2022-09-09 00:08:10.623 INFO  [http-nio-2600-exec-3] ru.itm.servdbupdate.serivce.TablesService Line:57  - 46	lis_predicate_variable	112
===2022-09-09 00:08:10.623 INFO  [http-nio-2600-exec-3] ru.itm.servdbupdate.serivce.TablesService Line:57  - 47	loc_inheritance	121
===2022-09-09 00:08:10.624 INFO  [http-nio-2600-exec-3] ru.itm.servdbupdate.serivce.TablesService Line:57  - 48	material_type	5
===2022-09-09 00:08:10.624 INFO  [http-nio-2600-exec-3] ru.itm.servdbupdate.serivce.TablesService Line:57  - 49	location	15
===2022-09-09 00:08:10.624 INFO  [http-nio-2600-exec-3] ru.itm.servdbupdate.serivce.TablesService Line:57  - 50	roles	4
===2022-09-09 00:08:10.624 INFO  [http-nio-2600-exec-3] ru.itm.servdbupdate.serivce.TablesService Line:57  - 51	sensor_data_types	5
===2022-09-09 00:08:10.624 INFO  [http-nio-2600-exec-3] ru.itm.servdbupdate.serivce.TablesService Line:57  - 52	lis_predicate	247
===2022-09-09 00:08:10.625 INFO  [http-nio-2600-exec-3] ru.itm.servdbupdate.serivce.TablesService Line:57  - 53	equipment	27
===2022-09-09 00:08:10.625 INFO  [http-nio-2600-exec-3] ru.itm.servdbupdate.serivce.TablesService Line:57  - 54	lis_connection	257
===2022-09-09 00:08:10.625 INFO  [http-nio-2600-exec-3] ru.itm.servdbupdate.serivce.TablesService Line:57  - 55	lis_action_source_variable	2
===2022-09-09 00:08:10.625 INFO  [http-nio-2600-exec-3] ru.itm.servdbupdate.serivce.TablesService Line:57  - 56	action_group	486
===2022-09-09 00:08:10.633 INFO  [http-nio-2600-exec-4] ru.itm.servdbupdate.controllers.DBUpdateController Line:128 - dispatcher searching for a repository
===2022-09-09 00:08:11.073 INFO  [http-nio-2600-exec-4] ru.itm.servdbupdate.controllers.DBUpdateController Line:135 - dispatcher is serialized and sent to the on-board computer.
===2022-09-09 00:17:08.154 INFO  [SpringApplicationShutdownHook] org.springframework.orm.jpa.LocalContainerEntityManagerFactoryBean Line:651 - Closing JPA EntityManagerFactory for persistence unit 'default'
===2022-09-09 00:17:08.156 INFO  [SpringApplicationShutdownHook] com.zaxxer.hikari.HikariDataSource Line:350 - HikariPool-1 - Shutdown initiated...
===2022-09-09 00:17:11.453 INFO  [SpringApplicationShutdownHook] com.zaxxer.hikari.HikariDataSource Line:352 - HikariPool-1 - Shutdown completed.
===2022-09-09 00:17:29.488 INFO  [main] ru.itm.servdbupdate.ServdbupdateApplication Line:55  - Starting ServdbupdateApplication using Java 17.0.2 on itmComp with PID 31171 (/home/itm/yd/Java/Spring/servdbupdate/build/classes/java/main started by itm in /home/itm/yd/Java/Spring/servdbupdate)
===2022-09-09 00:17:29.491 INFO  [main] ru.itm.servdbupdate.ServdbupdateApplication Line:640 - The following 1 profile is active: "mainProfile"
===2022-09-09 00:17:30.142 INFO  [main] org.springframework.data.repository.config.RepositoryConfigurationDelegate Line:132 - Bootstrapping Spring Data JPA repositories in DEFAULT mode.
===2022-09-09 00:17:30.252 INFO  [main] org.springframework.data.repository.config.RepositoryConfigurationDelegate Line:201 - Finished Spring Data repository scanning in 103 ms. Found 59 JPA repository interfaces.
===2022-09-09 00:17:30.742 INFO  [main] org.springframework.boot.web.embedded.tomcat.TomcatWebServer Line:108 - Tomcat initialized with port(s): 2600 (http)
===2022-09-09 00:17:30.749 INFO  [main] org.apache.coyote.http11.Http11NioProtocol Line:173 - Initializing ProtocolHandler ["http-nio-2600"]
===2022-09-09 00:17:30.749 INFO  [main] org.apache.catalina.core.StandardService Line:173 - Starting service [Tomcat]
===2022-09-09 00:17:30.750 INFO  [main] org.apache.catalina.core.StandardEngine Line:173 - Starting Servlet engine: [Apache Tomcat/9.0.64]
===2022-09-09 00:17:30.821 INFO  [main] org.apache.catalina.core.ContainerBase.[Tomcat].[localhost].[/] Line:173 - Initializing Spring embedded WebApplicationContext
===2022-09-09 00:17:30.822 INFO  [main] org.springframework.boot.web.servlet.context.ServletWebServerApplicationContext Line:292 - Root WebApplicationContext: initialization completed in 1298 ms
===2022-09-09 00:17:31.071 INFO  [main] com.zaxxer.hikari.HikariDataSource Line:110 - HikariPool-1 - Starting...
===2022-09-09 00:17:33.899 INFO  [main] com.zaxxer.hikari.HikariDataSource Line:123 - HikariPool-1 - Start completed.
===2022-09-09 00:17:33.943 INFO  [main] org.hibernate.jpa.internal.util.LogHelper Line:31  - HHH000204: Processing PersistenceUnitInfo [name: default]
===2022-09-09 00:17:33.980 INFO  [main] org.hibernate.Version Line:44  - HHH000412: Hibernate ORM core version 5.6.9.Final
===2022-09-09 00:17:34.088 INFO  [main] org.hibernate.annotations.common.Version Line:56  - HCANN000001: Hibernate Commons Annotations {5.1.2.Final}
===2022-09-09 00:17:34.180 INFO  [main] org.hibernate.dialect.Dialect Line:175 - HHH000400: Using dialect: org.hibernate.dialect.PostgreSQL10Dialect
===2022-09-09 00:17:35.370 INFO  [main] org.hibernate.engine.transaction.jta.platform.internal.JtaPlatformInitiator Line:52  - HHH000490: Using JtaPlatform implementation: [org.hibernate.engine.transaction.jta.platform.internal.NoJtaPlatform]
===2022-09-09 00:17:35.376 INFO  [main] org.springframework.orm.jpa.LocalContainerEntityManagerFactoryBean Line:437 - Initialized JPA EntityManagerFactory for persistence unit 'default'
===2022-09-09 00:17:37.022 INFO  [main] org.apache.coyote.http11.Http11NioProtocol Line:173 - Starting ProtocolHandler ["http-nio-2600"]
===2022-09-09 00:17:37.034 INFO  [main] org.springframework.boot.web.embedded.tomcat.TomcatWebServer Line:220 - Tomcat started on port(s): 2600 (http) with context path ''
===2022-09-09 00:17:37.086 INFO  [main] org.springframework.boot.web.embedded.tomcat.TomcatWebServer Line:108 - Tomcat initialized with port(s): 10015 (http)
===2022-09-09 00:17:37.087 INFO  [main] org.apache.coyote.http11.Http11NioProtocol Line:173 - Initializing ProtocolHandler ["http-nio-10015"]
===2022-09-09 00:17:37.088 INFO  [main] org.apache.catalina.core.StandardService Line:173 - Starting service [Tomcat]
===2022-09-09 00:17:37.088 INFO  [main] org.apache.catalina.core.StandardEngine Line:173 - Starting Servlet engine: [Apache Tomcat/9.0.64]
===2022-09-09 00:17:37.098 INFO  [main] org.apache.catalina.core.ContainerBase.[Tomcat-1].[localhost].[/] Line:173 - Initializing Spring embedded WebApplicationContext
===2022-09-09 00:17:37.098 INFO  [main] org.springframework.boot.web.servlet.context.ServletWebServerApplicationContext Line:292 - Root WebApplicationContext: initialization completed in 61 ms
===2022-09-09 00:17:37.108 INFO  [main] org.springframework.boot.actuate.endpoint.web.EndpointLinksResolver Line:58  - Exposing 15 endpoint(s) beneath base path '/actuator'
===2022-09-09 00:17:37.135 INFO  [main] org.apache.coyote.http11.Http11NioProtocol Line:173 - Starting ProtocolHandler ["http-nio-10015"]
===2022-09-09 00:17:37.137 INFO  [main] org.springframework.boot.web.embedded.tomcat.TomcatWebServer Line:220 - Tomcat started on port(s): 10015 (http) with context path ''
===2022-09-09 00:17:37.151 INFO  [main] ru.itm.servdbupdate.ServdbupdateApplication Line:61  - Started ServdbupdateApplication in 8.01 seconds (JVM running for 8.446)
===2022-09-09 00:17:37.160 INFO  [main] ru.itm.servdbupdate.controllers.InitController Line:98  - OS = 'linux'
===2022-09-09 00:17:37.161 INFO  [main] ru.itm.servdbupdate.controllers.InitController Line:111 - Itm log path = './log/'
===2022-09-09 00:17:37.161 INFO  [main] ru.itm.servdbupdate.ServdbupdateApplication Line:22  - Application is start.
===2022-09-09 00:17:37.290 INFO  [RMI TCP Connection(1)-127.0.0.1] org.apache.catalina.core.ContainerBase.[Tomcat].[localhost].[/] Line:173 - Initializing Spring DispatcherServlet 'dispatcherServlet'
===2022-09-09 00:17:37.290 INFO  [RMI TCP Connection(1)-127.0.0.1] org.springframework.web.servlet.DispatcherServlet Line:525 - Initializing Servlet 'dispatcherServlet'
===2022-09-09 00:17:37.292 INFO  [RMI TCP Connection(1)-127.0.0.1] org.springframework.web.servlet.DispatcherServlet Line:547 - Completed initialization in 2 ms
===2022-09-09 00:19:17.517 INFO  [SpringApplicationShutdownHook] org.springframework.orm.jpa.LocalContainerEntityManagerFactoryBean Line:651 - Closing JPA EntityManagerFactory for persistence unit 'default'
===2022-09-09 00:19:17.519 INFO  [SpringApplicationShutdownHook] com.zaxxer.hikari.HikariDataSource Line:350 - HikariPool-1 - Shutdown initiated...
===2022-09-09 00:19:21.490 INFO  [SpringApplicationShutdownHook] com.zaxxer.hikari.HikariDataSource Line:352 - HikariPool-1 - Shutdown completed.
===2022-09-09 00:19:23.130 INFO  [main] ru.itm.servdbupdate.ServdbupdateApplication Line:55  - Starting ServdbupdateApplication using Java 17.0.2 on itmComp with PID 31575 (/home/itm/yd/Java/Spring/servdbupdate/build/classes/java/main started by itm in /home/itm/yd/Java/Spring/servdbupdate)
===2022-09-09 00:19:23.133 INFO  [main] ru.itm.servdbupdate.ServdbupdateApplication Line:640 - The following 1 profile is active: "mainProfile"
===2022-09-09 00:19:23.807 INFO  [main] org.springframework.data.repository.config.RepositoryConfigurationDelegate Line:132 - Bootstrapping Spring Data JPA repositories in DEFAULT mode.
===2022-09-09 00:19:23.924 INFO  [main] org.springframework.data.repository.config.RepositoryConfigurationDelegate Line:201 - Finished Spring Data repository scanning in 109 ms. Found 59 JPA repository interfaces.
===2022-09-09 00:19:24.431 INFO  [main] org.springframework.boot.web.embedded.tomcat.TomcatWebServer Line:108 - Tomcat initialized with port(s): 2600 (http)
===2022-09-09 00:19:24.439 INFO  [main] org.apache.coyote.http11.Http11NioProtocol Line:173 - Initializing ProtocolHandler ["http-nio-2600"]
===2022-09-09 00:19:24.439 INFO  [main] org.apache.catalina.core.StandardService Line:173 - Starting service [Tomcat]
===2022-09-09 00:19:24.439 INFO  [main] org.apache.catalina.core.StandardEngine Line:173 - Starting Servlet engine: [Apache Tomcat/9.0.64]
===2022-09-09 00:19:24.509 INFO  [main] org.apache.catalina.core.ContainerBase.[Tomcat].[localhost].[/] Line:173 - Initializing Spring embedded WebApplicationContext
===2022-09-09 00:19:24.510 INFO  [main] org.springframework.boot.web.servlet.context.ServletWebServerApplicationContext Line:292 - Root WebApplicationContext: initialization completed in 1346 ms
===2022-09-09 00:19:24.792 INFO  [main] com.zaxxer.hikari.HikariDataSource Line:110 - HikariPool-1 - Starting...
===2022-09-09 00:19:26.858 INFO  [main] com.zaxxer.hikari.HikariDataSource Line:123 - HikariPool-1 - Start completed.
===2022-09-09 00:19:26.903 INFO  [main] org.hibernate.jpa.internal.util.LogHelper Line:31  - HHH000204: Processing PersistenceUnitInfo [name: default]
===2022-09-09 00:19:26.935 INFO  [main] org.hibernate.Version Line:44  - HHH000412: Hibernate ORM core version 5.6.9.Final
===2022-09-09 00:19:27.046 INFO  [main] org.hibernate.annotations.common.Version Line:56  - HCANN000001: Hibernate Commons Annotations {5.1.2.Final}
===2022-09-09 00:19:27.139 INFO  [main] org.hibernate.dialect.Dialect Line:175 - HHH000400: Using dialect: org.hibernate.dialect.PostgreSQL10Dialect
===2022-09-09 00:19:28.333 INFO  [main] org.hibernate.engine.transaction.jta.platform.internal.JtaPlatformInitiator Line:52  - HHH000490: Using JtaPlatform implementation: [org.hibernate.engine.transaction.jta.platform.internal.NoJtaPlatform]
===2022-09-09 00:19:28.343 INFO  [main] org.springframework.orm.jpa.LocalContainerEntityManagerFactoryBean Line:437 - Initialized JPA EntityManagerFactory for persistence unit 'default'
===2022-09-09 00:19:30.030 INFO  [main] org.apache.coyote.http11.Http11NioProtocol Line:173 - Starting ProtocolHandler ["http-nio-2600"]
===2022-09-09 00:19:30.043 INFO  [main] org.springframework.boot.web.embedded.tomcat.TomcatWebServer Line:220 - Tomcat started on port(s): 2600 (http) with context path ''
===2022-09-09 00:19:30.098 INFO  [main] org.springframework.boot.web.embedded.tomcat.TomcatWebServer Line:108 - Tomcat initialized with port(s): 10015 (http)
===2022-09-09 00:19:30.099 INFO  [main] org.apache.coyote.http11.Http11NioProtocol Line:173 - Initializing ProtocolHandler ["http-nio-10015"]
===2022-09-09 00:19:30.099 INFO  [main] org.apache.catalina.core.StandardService Line:173 - Starting service [Tomcat]
===2022-09-09 00:19:30.100 INFO  [main] org.apache.catalina.core.StandardEngine Line:173 - Starting Servlet engine: [Apache Tomcat/9.0.64]
===2022-09-09 00:19:30.109 INFO  [main] org.apache.catalina.core.ContainerBase.[Tomcat-1].[localhost].[/] Line:173 - Initializing Spring embedded WebApplicationContext
===2022-09-09 00:19:30.109 INFO  [main] org.springframework.boot.web.servlet.context.ServletWebServerApplicationContext Line:292 - Root WebApplicationContext: initialization completed in 62 ms
===2022-09-09 00:19:30.118 INFO  [main] org.springframework.boot.actuate.endpoint.web.EndpointLinksResolver Line:58  - Exposing 15 endpoint(s) beneath base path '/actuator'
===2022-09-09 00:19:30.151 INFO  [main] org.apache.coyote.http11.Http11NioProtocol Line:173 - Starting ProtocolHandler ["http-nio-10015"]
===2022-09-09 00:19:30.155 INFO  [main] org.springframework.boot.web.embedded.tomcat.TomcatWebServer Line:220 - Tomcat started on port(s): 10015 (http) with context path ''
===2022-09-09 00:19:30.174 INFO  [main] ru.itm.servdbupdate.ServdbupdateApplication Line:61  - Started ServdbupdateApplication in 7.459 seconds (JVM running for 7.918)
===2022-09-09 00:19:30.183 INFO  [main] ru.itm.servdbupdate.controllers.InitController Line:98  - OS = 'linux'
===2022-09-09 00:19:30.184 INFO  [main] ru.itm.servdbupdate.controllers.InitController Line:111 - Itm log path = './log/'
===2022-09-09 00:19:30.185 INFO  [main] ru.itm.servdbupdate.ServdbupdateApplication Line:22  - Application is start.
===2022-09-09 00:19:30.409 INFO  [RMI TCP Connection(1)-127.0.0.1] org.apache.catalina.core.ContainerBase.[Tomcat].[localhost].[/] Line:173 - Initializing Spring DispatcherServlet 'dispatcherServlet'
===2022-09-09 00:19:30.409 INFO  [RMI TCP Connection(1)-127.0.0.1] org.springframework.web.servlet.DispatcherServlet Line:525 - Initializing Servlet 'dispatcherServlet'
===2022-09-09 00:19:30.411 INFO  [RMI TCP Connection(1)-127.0.0.1] org.springframework.web.servlet.DispatcherServlet Line:547 - Completed initialization in 2 ms
===2022-09-09 00:21:33.724 INFO  [SpringApplicationShutdownHook] org.springframework.orm.jpa.LocalContainerEntityManagerFactoryBean Line:651 - Closing JPA EntityManagerFactory for persistence unit 'default'
===2022-09-09 00:21:33.726 INFO  [SpringApplicationShutdownHook] com.zaxxer.hikari.HikariDataSource Line:350 - HikariPool-1 - Shutdown initiated...
===2022-09-09 00:21:37.015 INFO  [SpringApplicationShutdownHook] com.zaxxer.hikari.HikariDataSource Line:352 - HikariPool-1 - Shutdown completed.
2022-09-09 00:21:38.630 INFO  [main] ru.itm.servdbupdate.ServdbupdateApplication Line:55  - Starting ServdbupdateApplication using Java 17.0.2 on itmComp with PID 31985 (/home/itm/yd/Java/Spring/servdbupdate/build/classes/java/main started by itm in /home/itm/yd/Java/Spring/servdbupdate)
2022-09-09 00:21:38.633 INFO  [main] ru.itm.servdbupdate.ServdbupdateApplication Line:640 - The following 1 profile is active: "mainProfile"
2022-09-09 00:21:39.304 INFO  [main] org.springframework.data.repository.config.RepositoryConfigurationDelegate Line:132 - Bootstrapping Spring Data JPA repositories in DEFAULT mode.
2022-09-09 00:21:39.418 INFO  [main] org.springframework.data.repository.config.RepositoryConfigurationDelegate Line:201 - Finished Spring Data repository scanning in 108 ms. Found 59 JPA repository interfaces.
2022-09-09 00:21:39.937 INFO  [main] org.springframework.boot.web.embedded.tomcat.TomcatWebServer Line:108 - Tomcat initialized with port(s): 2600 (http)
2022-09-09 00:21:39.944 INFO  [main] org.apache.coyote.http11.Http11NioProtocol Line:173 - Initializing ProtocolHandler ["http-nio-2600"]
2022-09-09 00:21:39.945 INFO  [main] org.apache.catalina.core.StandardService Line:173 - Starting service [Tomcat]
2022-09-09 00:21:39.945 INFO  [main] org.apache.catalina.core.StandardEngine Line:173 - Starting Servlet engine: [Apache Tomcat/9.0.64]
2022-09-09 00:21:40.021 INFO  [main] org.apache.catalina.core.ContainerBase.[Tomcat].[localhost].[/] Line:173 - Initializing Spring embedded WebApplicationContext
2022-09-09 00:21:40.021 INFO  [main] org.springframework.boot.web.servlet.context.ServletWebServerApplicationContext Line:292 - Root WebApplicationContext: initialization completed in 1348 ms
2022-09-09 00:21:40.265 INFO  [main] com.zaxxer.hikari.HikariDataSource Line:110 - HikariPool-1 - Starting...
2022-09-09 00:21:42.295 INFO  [main] com.zaxxer.hikari.HikariDataSource Line:123 - HikariPool-1 - Start completed.
2022-09-09 00:21:42.342 INFO  [main] org.hibernate.jpa.internal.util.LogHelper Line:31  - HHH000204: Processing PersistenceUnitInfo [name: default]
2022-09-09 00:21:42.377 INFO  [main] org.hibernate.Version Line:44  - HHH000412: Hibernate ORM core version 5.6.9.Final
2022-09-09 00:21:42.490 INFO  [main] org.hibernate.annotations.common.Version Line:56  - HCANN000001: Hibernate Commons Annotations {5.1.2.Final}
2022-09-09 00:21:42.583 INFO  [main] org.hibernate.dialect.Dialect Line:175 - HHH000400: Using dialect: org.hibernate.dialect.PostgreSQL10Dialect
2022-09-09 00:21:43.629 INFO  [main] org.hibernate.engine.transaction.jta.platform.internal.JtaPlatformInitiator Line:52  - HHH000490: Using JtaPlatform implementation: [org.hibernate.engine.transaction.jta.platform.internal.NoJtaPlatform]
2022-09-09 00:21:43.634 INFO  [main] org.springframework.orm.jpa.LocalContainerEntityManagerFactoryBean Line:437 - Initialized JPA EntityManagerFactory for persistence unit 'default'
2022-09-09 00:21:45.366 INFO  [main] org.apache.coyote.http11.Http11NioProtocol Line:173 - Starting ProtocolHandler ["http-nio-2600"]
2022-09-09 00:21:45.378 INFO  [main] org.springframework.boot.web.embedded.tomcat.TomcatWebServer Line:220 - Tomcat started on port(s): 2600 (http) with context path ''
2022-09-09 00:21:45.432 INFO  [main] org.springframework.boot.web.embedded.tomcat.TomcatWebServer Line:108 - Tomcat initialized with port(s): 10015 (http)
2022-09-09 00:21:45.433 INFO  [main] org.apache.coyote.http11.Http11NioProtocol Line:173 - Initializing ProtocolHandler ["http-nio-10015"]
2022-09-09 00:21:45.433 INFO  [main] org.apache.catalina.core.StandardService Line:173 - Starting service [Tomcat]
2022-09-09 00:21:45.433 INFO  [main] org.apache.catalina.core.StandardEngine Line:173 - Starting Servlet engine: [Apache Tomcat/9.0.64]
2022-09-09 00:21:45.443 INFO  [main] org.apache.catalina.core.ContainerBase.[Tomcat-1].[localhost].[/] Line:173 - Initializing Spring embedded WebApplicationContext
2022-09-09 00:21:45.444 INFO  [main] org.springframework.boot.web.servlet.context.ServletWebServerApplicationContext Line:292 - Root WebApplicationContext: initialization completed in 61 ms
2022-09-09 00:21:45.456 INFO  [main] org.springframework.boot.actuate.endpoint.web.EndpointLinksResolver Line:58  - Exposing 15 endpoint(s) beneath base path '/actuator'
2022-09-09 00:21:45.486 INFO  [main] org.apache.coyote.http11.Http11NioProtocol Line:173 - Starting ProtocolHandler ["http-nio-10015"]
2022-09-09 00:21:45.500 INFO  [main] org.springframework.boot.web.embedded.tomcat.TomcatWebServer Line:220 - Tomcat started on port(s): 10015 (http) with context path ''
2022-09-09 00:21:45.515 INFO  [main] ru.itm.servdbupdate.ServdbupdateApplication Line:61  - Started ServdbupdateApplication in 7.235 seconds (JVM running for 7.681)
2022-09-09 00:21:45.524 INFO  [main] ru.itm.servdbupdate.controllers.InitController Line:98  - OS = 'linux'
2022-09-09 00:21:45.525 INFO  [main] ru.itm.servdbupdate.controllers.InitController Line:111 - Itm log path = './log/'
2022-09-09 00:21:45.526 INFO  [main] ru.itm.servdbupdate.ServdbupdateApplication Line:22  - Application is start.
2022-09-09 00:21:45.914 INFO  [RMI TCP Connection(1)-127.0.0.1] org.apache.catalina.core.ContainerBase.[Tomcat].[localhost].[/] Line:173 - Initializing Spring DispatcherServlet 'dispatcherServlet'
2022-09-09 00:21:45.914 INFO  [RMI TCP Connection(1)-127.0.0.1] org.springframework.web.servlet.DispatcherServlet Line:525 - Initializing Servlet 'dispatcherServlet'
2022-09-09 00:21:45.915 INFO  [RMI TCP Connection(1)-127.0.0.1] org.springframework.web.servlet.DispatcherServlet Line:547 - Completed initialization in 1 ms
2022-09-09 00:24:18.303 INFO  [SpringApplicationShutdownHook] org.springframework.orm.jpa.LocalContainerEntityManagerFactoryBean Line:651 - Closing JPA EntityManagerFactory for persistence unit 'default'
2022-09-09 00:24:18.305 INFO  [SpringApplicationShutdownHook] com.zaxxer.hikari.HikariDataSource Line:350 - HikariPool-1 - Shutdown initiated...
2022-09-09 00:24:21.879 INFO  [SpringApplicationShutdownHook] com.zaxxer.hikari.HikariDataSource Line:352 - HikariPool-1 - Shutdown completed.
